TN:
SF:/Users/orta/dev/projects/vscode/vscode-jest/src/JestExt.ts
FN:20,(anonymous_0)
FN:22,(anonymous_1)
FN:49,(anonymous_2)
FN:87,(anonymous_3)
FN:107,(anonymous_4)
FN:109,(anonymous_5)
FN:112,(anonymous_6)
FN:117,(anonymous_7)
FN:118,(anonymous_8)
FN:121,(anonymous_9)
FN:124,(anonymous_10)
FN:128,(anonymous_11)
FN:138,(anonymous_12)
FN:155,(anonymous_13)
FN:160,(anonymous_14)
FN:161,(anonymous_15)
FN:170,(anonymous_16)
FN:176,(anonymous_17)
FN:182,(anonymous_18)
FN:185,(anonymous_19)
FN:187,(anonymous_20)
FN:199,(anonymous_21)
FN:209,(anonymous_22)
FN:218,(anonymous_23)
FN:222,(anonymous_24)
FN:232,(anonymous_25)
FN:242,(anonymous_26)
FN:248,(anonymous_27)
FN:256,(anonymous_28)
FN:261,(anonymous_29)
FN:273,(anonymous_30)
FN:288,(anonymous_31)
FN:292,(anonymous_32)
FN:293,(anonymous_33)
FN:306,(anonymous_34)
FN:309,(anonymous_35)
FN:315,(anonymous_36)
FN:319,(anonymous_37)
FN:323,(anonymous_38)
FN:340,(anonymous_39)
FN:347,(anonymous_40)
FN:365,(anonymous_41)
FN:368,(anonymous_42)
FN:383,(anonymous_43)
FN:453,(anonymous_44)
FN:457,(anonymous_45)
FN:464,(anonymous_46)
FN:470,(anonymous_47)
FN:481,(anonymous_48)
FN:499,(anonymous_49)
FNF:50
FNH:24
FNDA:18,(anonymous_0)
FNDA:1,(anonymous_1)
FNDA:0,(anonymous_2)
FNDA:0,(anonymous_3)
FNDA:0,(anonymous_4)
FNDA:0,(anonymous_5)
FNDA:0,(anonymous_6)
FNDA:0,(anonymous_7)
FNDA:0,(anonymous_8)
FNDA:0,(anonymous_9)
FNDA:0,(anonymous_10)
FNDA:0,(anonymous_11)
FNDA:0,(anonymous_12)
FNDA:0,(anonymous_13)
FNDA:18,(anonymous_14)
FNDA:18,(anonymous_15)
FNDA:1,(anonymous_16)
FNDA:0,(anonymous_17)
FNDA:0,(anonymous_18)
FNDA:0,(anonymous_19)
FNDA:0,(anonymous_20)
FNDA:6,(anonymous_21)
FNDA:0,(anonymous_22)
FNDA:0,(anonymous_23)
FNDA:5,(anonymous_24)
FNDA:20,(anonymous_25)
FNDA:1,(anonymous_26)
FNDA:5,(anonymous_27)
FNDA:2,(anonymous_28)
FNDA:1,(anonymous_29)
FNDA:1,(anonymous_30)
FNDA:0,(anonymous_31)
FNDA:0,(anonymous_32)
FNDA:0,(anonymous_33)
FNDA:18,(anonymous_34)
FNDA:18,(anonymous_35)
FNDA:0,(anonymous_36)
FNDA:0,(anonymous_37)
FNDA:0,(anonymous_38)
FNDA:20,(anonymous_39)
FNDA:1,(anonymous_40)
FNDA:0,(anonymous_41)
FNDA:18,(anonymous_42)
FNDA:0,(anonymous_43)
FNDA:4,(anonymous_44)
FNDA:6,(anonymous_45)
FNDA:2,(anonymous_46)
FNDA:2,(anonymous_47)
FNDA:5,(anonymous_48)
FNDA:1,(anonymous_49)
DA:2,1
DA:3,1
DA:4,1
DA:5,1
DA:6,1
DA:7,1
DA:8,1
DA:9,1
DA:10,1
DA:11,1
DA:12,1
DA:13,1
DA:14,1
DA:15,1
DA:16,1
DA:17,1
DA:18,1
DA:21,18
DA:22,18
DA:23,1
DA:24,1
DA:25,1
DA:26,1
DA:27,0
DA:28,0
DA:30,1
DA:31,1
DA:32,1
DA:33,1
DA:35,1
DA:36,1
DA:49,1
DA:50,0
DA:51,0
DA:52,0
DA:55,1
DA:57,18
DA:58,18
DA:59,18
DA:60,18
DA:61,18
DA:62,18
DA:63,18
DA:64,18
DA:65,18
DA:66,18
DA:67,18
DA:68,18
DA:72,18
DA:74,18
DA:76,18
DA:78,18
DA:80,18
DA:81,0
DA:84,18
DA:88,0
DA:89,0
DA:90,0
DA:95,0
DA:96,0
DA:97,0
DA:98,0
DA:101,0
DA:102,0
DA:103,0
DA:105,0
DA:108,0
DA:110,0
DA:113,0
DA:114,0
DA:117,0
DA:119,0
DA:122,0
DA:125,0
DA:129,0
DA:130,0
DA:132,0
DA:133,0
DA:135,0
DA:139,0
DA:140,0
DA:141,0
DA:142,0
DA:143,0
DA:146,0
DA:147,0
DA:148,0
DA:153,0
DA:156,0
DA:157,0
DA:158,0
DA:161,18
DA:162,18
DA:163,18
DA:165,18
DA:169,18
DA:170,18
DA:173,0
DA:177,0
DA:178,0
DA:180,0
DA:184,0
DA:185,0
DA:186,0
DA:187,0
DA:188,0
DA:190,0
DA:193,0
DA:200,6
DA:201,6
DA:202,1
DA:205,5
DA:206,5
DA:207,5
DA:210,0
DA:211,0
DA:212,0
DA:213,0
DA:214,0
DA:215,0
DA:216,0
DA:217,0
DA:218,0
DA:219,0
DA:223,5
DA:224,5
DA:226,5
DA:232,5
DA:233,20
DA:234,20
DA:237,5
DA:239,5
DA:240,5
DA:241,1
DA:242,1
DA:243,1
DA:244,1
DA:249,5
DA:250,2
DA:251,2
DA:253,3
DA:254,1
DA:256,2
DA:257,2
DA:259,2
DA:262,1
DA:263,1
DA:269,1
DA:270,1
DA:271,1
DA:274,1
DA:275,1
DA:276,0
DA:278,1
DA:279,1
DA:280,1
DA:282,0
DA:283,0
DA:285,0
DA:286,0
DA:289,0
DA:290,0
DA:291,0
DA:292,0
DA:293,0
DA:294,0
DA:296,0
DA:297,0
DA:299,0
DA:300,0
DA:302,0
DA:303,0
DA:304,0
DA:307,18
DA:310,18
DA:311,18
DA:312,18
DA:313,18
DA:317,0
DA:320,0
DA:321,0
DA:324,0
DA:325,0
DA:326,0
DA:327,0
DA:328,0
DA:329,0
DA:330,0
DA:333,0
DA:335,0
DA:336,0
DA:338,0
DA:341,20
DA:347,20
DA:348,1
DA:366,0
DA:369,18
DA:370,18
DA:371,18
DA:372,0
DA:373,0
DA:374,0
DA:375,0
DA:378,18
DA:384,0
DA:385,0
DA:386,0
DA:388,0
DA:389,0
DA:391,0
DA:404,0
DA:405,0
DA:406,0
DA:428,0
DA:429,0
DA:431,0
DA:434,0
DA:435,0
DA:436,0
DA:437,0
DA:439,0
DA:442,0
DA:446,0
DA:447,0
DA:450,0
DA:451,0
DA:454,4
DA:455,4
DA:458,6
DA:459,3
DA:461,3
DA:462,3
DA:465,2
DA:466,1
DA:468,1
DA:471,2
DA:472,1
DA:474,1
DA:482,5
DA:483,1
DA:485,4
DA:486,1
DA:489,3
DA:490,1
DA:492,2
DA:493,2
DA:494,1
DA:495,1
DA:500,1
DA:503,1
LF:250
LH:128
BRDA:26,0,0,0
BRDA:26,0,1,1
BRDA:32,1,0,1
BRDA:32,1,1,0
BRDA:51,2,0,0
BRDA:51,2,1,0
BRDA:80,3,0,0
BRDA:80,3,1,18
BRDA:89,4,0,0
BRDA:89,4,1,0
BRDA:95,5,0,0
BRDA:95,5,1,0
BRDA:102,6,0,0
BRDA:102,6,1,0
BRDA:113,7,0,0
BRDA:113,7,1,0
BRDA:129,8,0,0
BRDA:129,8,1,0
BRDA:132,9,0,0
BRDA:132,9,1,0
BRDA:139,10,0,0
BRDA:139,10,1,0
BRDA:147,11,0,0
BRDA:147,11,1,0
BRDA:162,12,0,18
BRDA:162,12,1,0
BRDA:177,13,0,0
BRDA:177,13,1,0
BRDA:184,14,0,0
BRDA:184,14,1,0
BRDA:186,15,0,0
BRDA:186,15,1,0
BRDA:201,16,0,1
BRDA:201,16,1,5
BRDA:240,17,0,1
BRDA:240,17,1,4
BRDA:249,18,0,2
BRDA:249,18,1,3
BRDA:253,19,0,1
BRDA:253,19,1,2
BRDA:262,20,0,1
BRDA:262,20,1,1
BRDA:275,21,0,0
BRDA:275,21,1,1
BRDA:279,22,0,1
BRDA:279,22,1,0
BRDA:282,23,0,0
BRDA:282,23,1,0
BRDA:291,24,0,0
BRDA:291,24,1,0
BRDA:291,25,0,0
BRDA:291,25,1,0
BRDA:299,26,0,0
BRDA:299,26,1,0
BRDA:304,27,0,0
BRDA:304,27,1,0
BRDA:329,28,0,0
BRDA:329,28,1,0
BRDA:329,29,0,0
BRDA:329,29,1,0
BRDA:333,30,0,0
BRDA:333,30,1,0
BRDA:371,31,0,0
BRDA:371,31,1,18
BRDA:374,32,0,0
BRDA:374,32,1,0
BRDA:385,33,0,0
BRDA:385,33,1,0
BRDA:389,34,0,0
BRDA:389,34,1,0
BRDA:389,34,2,0
BRDA:389,34,3,0
BRDA:389,34,4,0
BRDA:429,35,0,0
BRDA:429,35,1,0
BRDA:436,36,0,0
BRDA:436,36,1,0
BRDA:458,37,0,3
BRDA:458,37,1,3
BRDA:458,38,0,6
BRDA:458,38,1,4
BRDA:465,39,0,1
BRDA:465,39,1,1
BRDA:465,40,0,2
BRDA:465,40,1,1
BRDA:471,41,0,1
BRDA:471,41,1,1
BRDA:482,42,0,1
BRDA:482,42,1,4
BRDA:485,43,0,1
BRDA:485,43,1,3
BRDA:489,44,0,1
BRDA:489,44,1,2
BRDA:494,45,0,1
BRDA:494,45,1,0
BRF:95
BRH:34
end_of_record
TN:
SF:/Users/orta/dev/projects/vscode/vscode-jest/src/TestParser.ts
FN:5,getParser
FN:10,parseTest
FNF:2
FNH:2
FNDA:5,getParser
FNDA:2,parseTest
DA:2,6
DA:3,6
DA:4,6
DA:6,5
DA:7,5
DA:9,6
DA:11,2
DA:12,2
DA:14,6
LF:9
LH:9
BRDA:7,0,0,3
BRDA:7,0,1,2
BRF:2
BRH:2
end_of_record
TN:
SF:/Users/orta/dev/projects/vscode/vscode-jest/src/appGlobals.ts
FNF:0
FNH:0
DA:2,3
DA:3,3
LF:2
LH:2
BRF:0
BRH:0
end_of_record
TN:
SF:/Users/orta/dev/projects/vscode/vscode-jest/src/decorations.ts
FN:4,failingItName
FN:24,skipItName
FN:44,passingItName
FN:64,notRanItName
FN:84,failingAssertionStyle
FNF:5
FNH:4
FNDA:1,failingItName
FNDA:1,skipItName
FNDA:1,passingItName
FNDA:1,notRanItName
FNDA:0,failingAssertionStyle
DA:2,2
DA:3,2
DA:5,1
DA:23,2
DA:25,1
DA:43,2
DA:45,1
DA:63,2
DA:65,1
DA:83,2
DA:85,0
DA:104,2
LF:12
LH:11
BRF:0
BRH:0
end_of_record
TN:
SF:/Users/orta/dev/projects/vscode/vscode-jest/src/diagnostics.ts
FN:10,updateDiagnostics
FN:11,addTestFileError
FN:16,addTestsError
FN:17,(anonymous_3)
FN:18,(anonymous_4)
FN:33,(anonymous_5)
FN:51,(anonymous_6)
FN:56,(anonymous_7)
FN:61,resetDiagnostics
FN:65,failedSuiteCount
FN:67,(anonymous_10)
FNF:11
FNH:9
FNDA:7,updateDiagnostics
FNDA:1,addTestFileError
FNDA:7,addTestsError
FNDA:10,(anonymous_3)
FNDA:10,(anonymous_4)
FNDA:10,(anonymous_5)
FNDA:0,(anonymous_6)
FNDA:0,(anonymous_7)
FNDA:1,resetDiagnostics
FNDA:1,failedSuiteCount
FNDA:7,(anonymous_10)
DA:2,2
DA:7,2
DA:8,2
DA:9,2
DA:12,1
DA:13,1
DA:14,1
DA:17,10
DA:18,7
DA:20,10
DA:21,7
DA:24,3
DA:25,3
DA:27,10
DA:28,10
DA:29,10
DA:30,10
DA:33,7
DA:34,10
DA:35,10
DA:37,8
DA:38,1
DA:41,7
DA:43,8
DA:45,2
DA:46,2
DA:50,7
DA:51,7
DA:52,0
DA:53,0
DA:56,7
DA:57,0
DA:60,2
DA:62,1
DA:64,2
DA:66,1
DA:67,7
DA:68,1
DA:70,2
LF:39
LH:36
BRDA:12,0,0,1
BRDA:12,0,1,0
BRDA:20,1,0,7
BRDA:20,1,1,3
BRDA:28,2,0,10
BRDA:28,2,1,10
BRDA:28,2,2,10
BRDA:35,3,0,8
BRDA:35,3,1,2
BRDA:37,4,0,1
BRDA:37,4,1,7
BRDA:52,5,0,0
BRDA:52,5,1,0
BRF:13
BRH:10
end_of_record
TN:
SF:/Users/orta/dev/projects/vscode/vscode-jest/src/editor.ts
FN:4,hasDocument
FN:8,isOpenInMultipleEditors
FNF:2
FNH:2
FNDA:3,hasDocument
FNDA:4,isOpenInMultipleEditors
DA:2,4
DA:3,4
DA:5,3
DA:7,4
DA:9,4
DA:10,1
DA:12,3
DA:13,3
DA:14,3
DA:15,3
DA:17,3
DA:18,1
DA:21,3
DA:23,4
LF:14
LH:14
BRDA:5,0,0,3
BRDA:5,0,1,2
BRDA:9,1,0,1
BRDA:9,1,1,3
BRDA:9,2,0,4
BRDA:9,2,1,3
BRDA:14,3,0,3
BRDA:14,3,1,0
BRDA:14,4,0,3
BRDA:14,4,1,3
BRDA:14,4,2,3
BRDA:17,5,0,1
BRDA:17,5,1,2
BRF:13
BRH:12
end_of_record
TN:
SF:/Users/orta/dev/projects/vscode/vscode-jest/src/extension.ts
FN:13,activate
FN:30,(anonymous_1)
FN:33,(anonymous_2)
FN:33,(anonymous_3)
FN:35,(anonymous_4)
FN:40,(anonymous_5)
FN:45,deactivate
FN:49,getExtensionSettings
FNF:8
FNH:2
FNDA:3,activate
FNDA:0,(anonymous_1)
FNDA:0,(anonymous_2)
FNDA:0,(anonymous_3)
FNDA:0,(anonymous_4)
FNDA:0,(anonymous_5)
FNDA:0,deactivate
FNDA:3,getExtensionSettings
DA:2,1
DA:3,1
DA:4,1
DA:5,1
DA:6,1
DA:7,1
DA:8,1
DA:9,1
DA:10,1
DA:11,1
DA:15,3
DA:16,3
DA:17,3
DA:18,3
DA:19,3
DA:21,3
DA:23,3
DA:24,3
DA:30,3
DA:31,0
DA:32,0
DA:33,0
DA:34,0
DA:36,0
DA:37,0
DA:38,0
DA:41,0
DA:44,1
DA:46,0
DA:48,1
DA:50,3
DA:51,3
LF:32
LH:23
BRDA:36,0,0,0
BRDA:36,0,1,0
BRF:2
BRH:0
end_of_record
TN:
SF:/Users/orta/dev/projects/vscode/vscode-jest/src/helpers.ts
FN:11,pathToJest
FN:21,isBootstrappedWithCreateReactApp
FN:32,(anonymous_2)
FN:37,(anonymous_3)
FN:39,hasNodeExecutable
FN:49,pathToConfig
FN:56,pathToJestPackageJSON
FN:75,removeSurroundingQuotes
FN:81,escapeRegExp
FNF:9
FNH:3
FNDA:0,pathToJest
FNDA:0,isBootstrappedWithCreateReactApp
FNDA:0,(anonymous_2)
FNDA:0,(anonymous_3)
FNDA:0,hasNodeExecutable
FNDA:0,pathToConfig
FNDA:8,pathToJestPackageJSON
FNDA:7,removeSurroundingQuotes
FNDA:2,escapeRegExp
DA:2,4
DA:3,4
DA:4,4
DA:5,4
DA:12,0
DA:13,0
DA:14,0
DA:16,0
DA:18,0
DA:20,4
DA:23,0
DA:25,0
DA:26,0
DA:27,0
DA:28,0
DA:29,0
DA:31,0
DA:32,0
DA:37,0
DA:40,0
DA:41,0
DA:42,0
DA:50,0
DA:51,0
DA:53,0
DA:55,4
DA:57,8
DA:58,8
DA:59,7
DA:60,7
DA:61,7
DA:63,8
DA:64,8
DA:65,8
DA:66,8
DA:67,8
DA:68,19
DA:69,5
DA:72,3
DA:74,4
DA:76,7
DA:82,2
DA:84,4
LF:43
LH:23
BRDA:14,0,0,0
BRDA:14,0,1,0
BRDA:14,1,0,0
BRDA:14,1,1,0
BRDA:28,2,0,0
BRDA:28,2,1,0
BRDA:28,3,0,0
BRDA:28,3,1,0
BRDA:28,3,2,0
BRDA:40,4,0,0
BRDA:40,4,1,0
BRDA:50,5,0,0
BRDA:50,5,1,0
BRDA:58,6,0,7
BRDA:58,6,1,1
BRDA:68,7,0,5
BRDA:68,7,1,14
BRF:17
BRH:4
end_of_record
TN:
SF:/Users/orta/dev/projects/vscode/vscode-jest/src/statusBar.ts
FN:14,registerStatusBar
FN:15,(anonymous_1)
FN:18,initial
FN:22,running
FN:24,(anonymous_4)
FN:29,success
FN:33,failed
FN:37,stopped
FN:41,updateStatus
FNF:9
FNH:0
FNDA:0,registerStatusBar
FNDA:0,(anonymous_1)
FNDA:0,initial
FNDA:0,running
FNDA:0,(anonymous_4)
FNDA:0,success
FNDA:0,failed
FNDA:0,stopped
FNDA:0,updateStatus
DA:2,2
DA:3,2
DA:4,2
DA:5,2
DA:7,2
DA:8,2
DA:9,2
DA:10,2
DA:11,2
DA:12,2
DA:15,0
DA:17,2
DA:19,0
DA:21,2
DA:23,0
DA:24,0
DA:25,0
DA:28,2
DA:30,0
DA:32,2
DA:34,0
DA:36,2
DA:38,0
DA:40,2
DA:42,0
DA:43,0
LF:26
LH:16
BRDA:25,0,0,0
BRDA:25,0,1,0
BRDA:43,1,0,0
BRDA:43,1,1,0
BRF:4
BRH:0
end_of_record
TN:
SF:/Users/orta/dev/projects/vscode/vscode-jest/src/Coverage/CoverageCodeLensProvider.ts
FN:4,registerCoverageCodeLens
FN:11,(anonymous_1)
FN:14,(anonymous_2)
FN:21,(anonymous_3)
FNF:4
FNH:0
FNDA:0,registerCoverageCodeLens
FNDA:0,(anonymous_1)
FNDA:0,(anonymous_2)
FNDA:0,(anonymous_3)
DA:2,2
DA:3,2
DA:5,0
DA:9,2
DA:12,0
DA:15,0
DA:16,0
DA:17,0
DA:19,0
DA:20,0
DA:21,0
DA:22,0
DA:24,0
DA:25,0
DA:29,0
LF:15
LH:3
BRDA:16,0,0,0
BRDA:16,0,1,0
BRDA:22,1,0,0
BRDA:22,1,1,0
BRF:4
BRH:0
end_of_record
TN:
SF:/Users/orta/dev/projects/vscode/vscode-jest/src/Coverage/CoverageMapProvider.ts
FN:6,(anonymous_0)
FN:10,(anonymous_1)
FN:13,(anonymous_2)
FN:18,(anonymous_3)
FNF:4
FNH:4
FNDA:7,(anonymous_0)
FNDA:3,(anonymous_1)
FNDA:4,(anonymous_2)
FNDA:2,(anonymous_3)
DA:2,3
DA:3,3
DA:4,3
DA:7,7
DA:8,7
DA:11,3
DA:14,4
DA:15,4
DA:16,4
DA:19,2
DA:22,3
LF:11
LH:11
BRF:0
BRH:0
end_of_record
TN:
SF:/Users/orta/dev/projects/vscode/vscode-jest/src/Coverage/CoverageOverlay.ts
FN:7,(anonymous_0)
FN:11,(anonymous_1)
FN:14,(anonymous_2)
FN:18,(anonymous_3)
FN:22,(anonymous_4)
FN:27,(anonymous_5)
FNF:6
FNH:6
FNDA:13,(anonymous_0)
FNDA:6,(anonymous_1)
FNDA:2,(anonymous_2)
FNDA:3,(anonymous_3)
FNDA:1,(anonymous_4)
FNDA:3,(anonymous_5)
DA:2,3
DA:3,3
DA:4,3
DA:5,3
DA:8,13
DA:9,13
DA:12,6
DA:15,2
DA:16,2
DA:19,3
DA:20,3
DA:23,1
DA:24,3
DA:28,3
DA:29,1
DA:31,2
DA:32,1
DA:35,1
DA:39,3
DA:40,3
LF:20
LH:20
BRDA:7,0,0,6
BRDA:28,1,0,1
BRDA:28,1,1,2
BRDA:31,2,0,1
BRDA:31,2,1,1
BRF:5
BRH:5
end_of_record
TN:
SF:/Users/orta/dev/projects/vscode/vscode-jest/src/Coverage/index.ts
FN:2,__export
FNF:1
FNH:1
FNDA:6,__export
DA:3,9
DA:5,2
DA:6,2
DA:7,2
DA:8,2
LF:5
LH:5
BRDA:3,0,0,6
BRDA:3,0,1,3
BRF:2
BRH:2
end_of_record
TN:
SF:/Users/orta/dev/projects/vscode/vscode-jest/src/Coverage/Formatters/AbstractFormatter.ts
FN:4,(anonymous_0)
FNF:1
FNH:1
FNDA:11,(anonymous_0)
DA:2,4
DA:5,11
DA:8,4
LF:3
LH:3
BRF:0
BRH:0
end_of_record
TN:
SF:/Users/orta/dev/projects/vscode/vscode-jest/src/Coverage/Formatters/DefaultFormatter.ts
FN:7,(anonymous_0)
FN:15,(anonymous_1)
FN:17,(anonymous_2)
FN:18,(anonymous_3)
FN:31,(anonymous_4)
FN:40,(anonymous_5)
FNF:6
FNH:6
FNDA:4,(anonymous_0)
FNDA:4,(anonymous_1)
FNDA:4,(anonymous_2)
FNDA:5,(anonymous_3)
FNDA:2,(anonymous_4)
FNDA:1,(anonymous_5)
DA:2,4
DA:3,4
DA:4,4
DA:5,4
DA:8,4
DA:9,4
DA:10,1
DA:12,3
DA:13,3
DA:16,4
DA:17,4
DA:18,4
DA:19,5
DA:20,1
DA:22,4
DA:23,4
DA:24,1
DA:26,3
DA:29,4
DA:32,2
DA:33,2
DA:34,2
DA:35,4
DA:36,4
DA:38,2
DA:41,1
DA:42,1
DA:45,4
DA:46,4
DA:51,4
LF:30
LH:30
BRDA:9,0,0,1
BRDA:9,0,1,3
BRDA:19,1,0,1
BRDA:19,1,1,4
BRDA:23,2,0,1
BRDA:23,2,1,3
BRF:6
BRH:6
end_of_record
TN:
SF:/Users/orta/dev/projects/vscode/vscode-jest/src/Coverage/Formatters/helpers.ts
FN:3,isValidLocation
FN:7,isValidPosition
FNF:2
FNH:2
FNDA:3,isValidLocation
FNDA:11,isValidPosition
DA:2,5
DA:4,3
DA:6,5
DA:8,11
DA:10,5
LF:5
LH:5
BRDA:4,0,0,3
BRDA:4,0,1,2
BRDA:8,1,0,11
BRDA:8,1,1,3
BRDA:8,1,2,8
BRDA:8,1,3,7
BRF:6
BRH:6
end_of_record
TN:
SF:/Users/orta/dev/projects/vscode/vscode-jest/src/DebugCodeLens/DebugCodeLens.ts
FN:5,(anonymous_0)
FNF:1
FNH:1
FNDA:6,(anonymous_0)
DA:2,2
DA:3,2
DA:6,6
DA:7,6
DA:8,6
DA:11,2
LF:6
LH:6
BRF:0
BRH:0
end_of_record
TN:
SF:/Users/orta/dev/projects/vscode/vscode-jest/src/DebugCodeLens/DebugCodeLensProvider.ts
FN:10,(anonymous_0)
FN:15,(anonymous_1)
FN:18,(anonymous_2)
FN:22,(anonymous_3)
FN:25,(anonymous_4)
FN:44,(anonymous_5)
FN:54,(anonymous_6)
FNF:7
FNH:7
FNDA:21,(anonymous_0)
FNDA:5,(anonymous_1)
FNDA:2,(anonymous_2)
FNDA:1,(anonymous_3)
FNDA:8,(anonymous_4)
FNDA:3,(anonymous_5)
FNDA:1,(anonymous_6)
DA:2,1
DA:3,1
DA:4,1
DA:5,1
DA:6,1
DA:7,1
DA:8,1
DA:11,21
DA:12,21
DA:13,21
DA:16,5
DA:19,2
DA:20,2
DA:23,1
DA:26,8
DA:27,8
DA:28,2
DA:30,6
DA:31,6
DA:32,6
DA:33,6
DA:34,5
DA:35,2
DA:37,3
DA:38,3
DA:39,3
DA:40,3
DA:42,6
DA:45,3
DA:46,2
DA:52,3
DA:55,1
DA:58,1
LF:33
LH:33
BRDA:27,0,0,2
BRDA:27,0,1,6
BRDA:27,1,0,8
BRDA:27,1,1,7
BRDA:34,2,0,2
BRDA:34,2,1,3
BRDA:34,3,0,5
BRDA:34,3,1,4
BRDA:45,4,0,2
BRDA:45,4,1,1
BRF:10
BRH:10
end_of_record
TN:
SF:/Users/orta/dev/projects/vscode/vscode-jest/src/JestProcessManagement/JestProcess.ts
FN:6,(anonymous_0)
FN:14,(anonymous_1)
FN:23,(anonymous_2)
FN:39,(anonymous_3)
FN:44,(anonymous_4)
FN:47,(anonymous_5)
FN:52,(anonymous_6)
FN:57,(anonymous_7)
FN:61,(anonymous_8)
FNF:9
FNH:8
FNDA:34,(anonymous_0)
FNDA:56,(anonymous_1)
FNDA:33,(anonymous_2)
FNDA:56,(anonymous_3)
FNDA:14,(anonymous_4)
FNDA:7,(anonymous_5)
FNDA:4,(anonymous_6)
FNDA:4,(anonymous_7)
FNDA:0,(anonymous_8)
DA:2,3
DA:3,3
DA:4,3
DA:7,34
DA:8,34
DA:9,34
DA:10,34
DA:11,34
DA:12,34
DA:15,56
DA:16,56
DA:19,56
DA:20,56
DA:21,56
DA:22,56
DA:23,56
DA:24,33
DA:25,31
DA:26,31
DA:27,22
DA:28,22
DA:30,9
DA:31,7
DA:32,7
DA:33,1
DA:40,56
DA:41,3
DA:45,14
DA:48,7
DA:49,7
DA:50,7
DA:53,4
DA:54,4
DA:55,4
DA:56,4
DA:57,4
DA:58,4
DA:62,0
DA:65,3
DA:66,3
LF:40
LH:39
BRDA:6,0,0,28
BRDA:6,1,0,18
BRDA:10,2,0,14
BRDA:10,2,1,20
BRDA:24,3,0,31
BRDA:24,3,1,2
BRDA:26,4,0,22
BRDA:26,4,1,9
BRDA:30,5,0,7
BRDA:30,5,1,2
BRDA:32,6,0,1
BRDA:32,6,1,6
BRF:12
BRH:12
end_of_record
TN:
SF:/Users/orta/dev/projects/vscode/vscode-jest/src/JestProcessManagement/JestProcessManager.ts
FN:5,(anonymous_0)
FN:10,(anonymous_1)
FN:16,(anonymous_2)
FN:26,(anonymous_3)
FN:30,(anonymous_4)
FN:38,(anonymous_5)
FN:45,(anonymous_6)
FN:45,(anonymous_7)
FN:46,(anonymous_8)
FN:51,(anonymous_9)
FN:69,(anonymous_10)
FN:72,(anonymous_11)
FN:76,(anonymous_12)
FN:80,(anonymous_13)
FNF:14
FNH:14
FNDA:30,(anonymous_0)
FNDA:18,(anonymous_1)
FNDA:34,(anonymous_2)
FNDA:25,(anonymous_3)
FNDA:9,(anonymous_4)
FNDA:9,(anonymous_5)
FNDA:25,(anonymous_6)
FNDA:8,(anonymous_7)
FNDA:1,(anonymous_8)
FNDA:9,(anonymous_9)
FNDA:2,(anonymous_10)
FNDA:2,(anonymous_11)
FNDA:3,(anonymous_12)
FNDA:10,(anonymous_13)
DA:2,2
DA:3,2
DA:6,30
DA:7,30
DA:8,30
DA:11,18
DA:12,18
DA:13,12
DA:17,34
DA:22,34
DA:23,34
DA:24,34
DA:27,25
DA:31,9
DA:32,9
DA:33,6
DA:39,9
DA:50,25
DA:51,9
DA:52,9
DA:53,9
DA:58,9
DA:62,16
DA:70,2
DA:71,2
DA:72,2
DA:73,2
DA:77,3
DA:78,3
DA:81,10
DA:84,2
LF:31
LH:31
BRDA:5,0,0,28
BRDA:12,1,0,12
BRDA:12,1,1,6
BRDA:32,2,0,6
BRDA:32,2,1,3
BRDA:45,3,0,9
BRDA:45,4,0,11
BRDA:45,5,0,6
BRDA:45,6,0,8
BRDA:50,7,0,9
BRDA:50,7,1,16
BRDA:50,8,0,25
BRDA:50,8,1,10
BRF:13
BRH:13
end_of_record
TN:
SF:/Users/orta/dev/projects/vscode/vscode-jest/src/JestProcessManagement/index.ts
FNF:0
FNH:0
DA:2,1
DA:3,1
DA:4,1
DA:5,1
DA:6,1
LF:5
LH:5
BRF:0
BRH:0
end_of_record
TN:
SF:/Users/orta/dev/projects/vscode/vscode-jest/src/TestResults/TestReconciliationState.ts
FNF:0
FNH:0
DA:2,5
DA:3,5
LF:2
LH:2
BRF:0
BRH:0
end_of_record
TN:
SF:/Users/orta/dev/projects/vscode/vscode-jest/src/TestResults/TestResult.ts
FN:11,resultsWithLowerCaseWindowsDriveLetters
FN:18,coverageMapWithLowerCaseWindowsDriveLetters
FN:31,fileCoverageWithLowerCaseWindowsDriveLetter
FN:38,testResultsWithLowerCaseWindowsDriveLetters
FN:45,testResultWithLowerCaseWindowsDriveLetter
FN:52,withLowerCaseWindowsDriveLetter
FNF:6
FNH:6
FNDA:3,resultsWithLowerCaseWindowsDriveLetters
FNDA:4,coverageMapWithLowerCaseWindowsDriveLetters
FNDA:2,fileCoverageWithLowerCaseWindowsDriveLetter
FNDA:5,testResultsWithLowerCaseWindowsDriveLetters
FNDA:2,testResultWithLowerCaseWindowsDriveLetter
FNDA:6,withLowerCaseWindowsDriveLetter
DA:2,6
DA:3,6
DA:12,3
DA:13,2
DA:15,1
DA:17,6
DA:19,4
DA:20,1
DA:22,3
DA:23,3
DA:24,3
DA:25,2
DA:26,2
DA:28,3
DA:30,6
DA:32,2
DA:33,2
DA:34,1
DA:36,1
DA:39,5
DA:40,3
DA:42,2
DA:44,6
DA:46,2
DA:47,2
DA:48,1
DA:50,1
DA:53,6
DA:54,6
DA:55,3
DA:58,6
LF:31
LH:31
BRDA:12,0,0,2
BRDA:12,0,1,1
BRDA:19,1,0,1
BRDA:19,1,1,3
BRDA:33,2,0,1
BRDA:33,2,1,1
BRDA:39,3,0,3
BRDA:39,3,1,2
BRDA:47,4,0,1
BRDA:47,4,1,1
BRDA:54,5,0,3
BRDA:54,5,1,3
BRF:12
BRH:12
end_of_record
TN:
SF:/Users/orta/dev/projects/vscode/vscode-jest/src/TestResults/TestResultProvider.ts
FN:7,(anonymous_0)
FN:11,(anonymous_1)
FN:15,(anonymous_2)
FN:49,(anonymous_3)
FN:77,(anonymous_4)
FN:81,(anonymous_5)
FNF:6
FNH:5
FNDA:8,(anonymous_0)
FNDA:9,(anonymous_1)
FNDA:5,(anonymous_2)
FNDA:3,(anonymous_3)
FNDA:2,(anonymous_4)
FNDA:0,(anonymous_5)
DA:2,6
DA:3,6
DA:4,6
DA:5,6
DA:8,8
DA:9,8
DA:12,9
DA:13,9
DA:16,5
DA:17,1
DA:19,4
DA:20,4
DA:21,4
DA:22,4
DA:23,2
DA:24,2
DA:26,4
DA:27,4
DA:28,3
DA:30,3
DA:46,4
DA:47,4
DA:50,3
DA:51,1
DA:53,2
DA:59,2
DA:60,2
DA:61,4
DA:62,1
DA:64,3
DA:65,1
DA:67,2
DA:68,1
DA:71,1
DA:74,2
DA:75,2
DA:78,2
DA:79,2
DA:82,0
DA:83,0
DA:86,6
LF:41
LH:39
BRDA:16,0,0,1
BRDA:16,0,1,4
BRDA:20,1,0,4
BRDA:20,1,1,0
BRDA:28,2,0,3
BRDA:28,2,1,1
BRDA:40,3,0,3
BRDA:40,3,1,1
BRDA:43,4,0,2
BRDA:43,4,1,1
BRDA:50,5,0,1
BRDA:50,5,1,2
BRDA:61,6,0,1
BRDA:61,6,1,3
BRDA:64,7,0,1
BRDA:64,7,1,2
BRDA:67,8,0,1
BRDA:67,8,1,1
BRF:18
BRH:17
end_of_record
TN:
SF:/Users/orta/dev/projects/vscode/vscode-jest/src/TestResults/index.ts
FN:2,__export
FNF:1
FNH:1
FNDA:10,__export
DA:3,17
DA:5,5
DA:6,5
DA:7,5
DA:8,5
DA:9,5
DA:10,5
LF:7
LH:7
BRDA:3,0,0,10
BRDA:3,0,1,7
BRF:2
BRH:2
end_of_record
