{
"/Users/neil/extensions/php-docblock/out/src/util/config.js":{"path":"/Users/neil/extensions/php-docblock/out/src/util/config.js","s":{"1":1,"2":1,"3":1,"4":1,"5":342,"6":1,"7":1,"8":342,"9":53,"10":55,"11":52,"12":52,"13":52,"14":52,"15":312,"16":312,"17":52,"18":53,"19":181,"20":17,"21":164,"22":1},"b":{"1":[1,341],"2":[52,3],"3":[17,164]},"f":{"1":1,"2":342,"3":53,"4":55,"5":53,"6":181},"fnMap":{"1":{"name":"(anonymous_1)","line":9,"loc":{"start":{"line":9,"column":15},"end":{"line":9,"column":18}}},"2":{"name":"(anonymous_2)","line":22,"loc":{"start":{"line":22,"column":23},"end":{"line":22,"column":26}}},"3":{"name":"(anonymous_3)","line":34,"loc":{"start":{"line":34,"column":12},"end":{"line":34,"column":19}}},"4":{"name":"(anonymous_4)","line":40,"loc":{"start":{"line":40,"column":8},"end":{"line":40,"column":11}}},"5":{"name":"(anonymous_5)","line":57,"loc":{"start":{"line":57,"column":12},"end":{"line":57,"column":24}}},"6":{"name":"(anonymous_6)","line":65,"loc":{"start":{"line":65,"column":7},"end":{"line":65,"column":17}}}},"statementMap":{"1":{"start":{"line":2,"column":0},"end":{"line":2,"column":62}},"2":{"start":{"line":3,"column":0},"end":{"line":3,"column":35}},"3":{"start":{"line":4,"column":0},"end":{"line":4,"column":25}},"4":{"start":{"line":15,"column":8},"end":{"line":15,"column":27}},"5":{"start":{"line":23,"column":8},"end":{"line":26,"column":9}},"6":{"start":{"line":24,"column":12},"end":{"line":24,"column":40}},"7":{"start":{"line":25,"column":12},"end":{"line":25,"column":34}},"8":{"start":{"line":27,"column":8},"end":{"line":27,"column":30}},"9":{"start":{"line":35,"column":8},"end":{"line":35,"column":27}},"10":{"start":{"line":41,"column":8},"end":{"line":50,"column":9}},"11":{"start":{"line":42,"column":12},"end":{"line":42,"column":28}},"12":{"start":{"line":43,"column":12},"end":{"line":43,"column":107}},"13":{"start":{"line":44,"column":12},"end":{"line":44,"column":73}},"14":{"start":{"line":45,"column":12},"end":{"line":48,"column":13}},"15":{"start":{"line":46,"column":16},"end":{"line":46,"column":38}},"16":{"start":{"line":47,"column":16},"end":{"line":47,"column":74}},"17":{"start":{"line":49,"column":12},"end":{"line":49,"column":31}},"18":{"start":{"line":58,"column":8},"end":{"line":58,"column":60}},"19":{"start":{"line":66,"column":8},"end":{"line":68,"column":9}},"20":{"start":{"line":67,"column":12},"end":{"line":67,"column":86}},"21":{"start":{"line":69,"column":8},"end":{"line":69,"column":34}},"22":{"start":{"line":72,"column":0},"end":{"line":72,"column":25}}},"branchMap":{"1":{"line":23,"type":"if","locations":[{"start":{"line":23,"column":8},"end":{"line":23,"column":8}},{"start":{"line":23,"column":8},"end":{"line":23,"column":8}}]},"2":{"line":41,"type":"if","locations":[{"start":{"line":41,"column":8},"end":{"line":41,"column":8}},{"start":{"line":41,"column":8},"end":{"line":41,"column":8}}]},"3":{"line":66,"type":"if","locations":[{"start":{"line":66,"column":8},"end":{"line":66,"column":8}},{"start":{"line":66,"column":8},"end":{"line":66,"column":8}}]}},"l":{"2":1,"3":1,"4":1,"15":1,"23":342,"24":1,"25":1,"27":342,"35":53,"41":55,"42":52,"43":52,"44":52,"45":52,"46":312,"47":312,"49":52,"58":53,"66":181,"67":17,"69":164,"72":1}},
"/Users/neil/extensions/php-docblock/out/src/block/class.js":{"path":"/Users/neil/extensions/php-docblock/out/src/block/class.js","s":{"1":1,"2":1,"3":1,"4":28,"5":28,"6":14,"7":14,"8":14,"9":1},"b":{},"f":{"1":28,"2":14},"fnMap":{"1":{"name":"(anonymous_1)","line":9,"loc":{"start":{"line":9,"column":15},"end":{"line":9,"column":18}}},"2":{"name":"(anonymous_2)","line":19,"loc":{"start":{"line":19,"column":9},"end":{"line":19,"column":12}}}},"statementMap":{"1":{"start":{"line":2,"column":0},"end":{"line":2,"column":62}},"2":{"start":{"line":3,"column":0},"end":{"line":3,"column":36}},"3":{"start":{"line":4,"column":0},"end":{"line":4,"column":32}},"4":{"start":{"line":10,"column":8},"end":{"line":10,"column":28}},"5":{"start":{"line":14,"column":8},"end":{"line":14,"column":94}},"6":{"start":{"line":20,"column":8},"end":{"line":20,"column":34}},"7":{"start":{"line":21,"column":8},"end":{"line":21,"column":61}},"8":{"start":{"line":22,"column":8},"end":{"line":22,"column":19}},"9":{"start":{"line":25,"column":0},"end":{"line":25,"column":24}}},"branchMap":{},"l":{"2":1,"3":1,"4":1,"10":28,"14":28,"20":14,"21":14,"22":14,"25":1}},
"/Users/neil/extensions/php-docblock/out/src/block.js":{"path":"/Users/neil/extensions/php-docblock/out/src/block.js","s":{"1":1,"2":1,"3":1,"4":198,"5":198,"6":198,"7":198,"8":76,"9":124,"10":198,"11":198,"12":198,"13":198,"14":198,"15":4,"16":194,"17":194,"18":208,"19":208,"20":194,"21":194,"22":194,"23":79,"24":79,"25":79,"26":79,"27":1439,"28":1439,"29":79,"30":79,"31":1360,"32":2,"33":1358,"34":2,"35":1360,"36":79,"37":10,"38":8,"39":8,"40":8,"41":8,"42":8,"43":8,"44":10,"45":40,"46":40,"47":8,"48":32,"49":4,"50":28,"51":4,"52":24,"53":10,"54":14,"55":12,"56":2,"57":1},"b":{"1":[4,194],"2":[79,1360],"3":[1439,81],"4":[2,1358],"5":[2,1356],"6":[8,2],"7":[8,32],"8":[4,28],"9":[4,24],"10":[10,14],"11":[12,2]},"f":{"1":198,"2":76,"3":124,"4":198,"5":198,"6":79,"7":10,"8":40},"fnMap":{"1":{"name":"(anonymous_1)","line":19,"loc":{"start":{"line":19,"column":15},"end":{"line":19,"column":34}}},"2":{"name":"(anonymous_2)","line":37,"loc":{"start":{"line":37,"column":8},"end":{"line":37,"column":11}}},"3":{"name":"(anonymous_3)","line":45,"loc":{"start":{"line":45,"column":9},"end":{"line":45,"column":12}}},"4":{"name":"(anonymous_4)","line":55,"loc":{"start":{"line":55,"column":16},"end":{"line":55,"column":28}}},"5":{"name":"(anonymous_5)","line":67,"loc":{"start":{"line":67,"column":12},"end":{"line":67,"column":31}}},"6":{"name":"(anonymous_6)","line":91,"loc":{"start":{"line":91,"column":15},"end":{"line":91,"column":55}}},"7":{"name":"(anonymous_7)","line":116,"loc":{"start":{"line":116,"column":16},"end":{"line":116,"column":19}}},"8":{"name":"(anonymous_8)","line":133,"loc":{"start":{"line":133,"column":20},"end":{"line":133,"column":28}}}},"statementMap":{"1":{"start":{"line":2,"column":0},"end":{"line":2,"column":62}},"2":{"start":{"line":3,"column":0},"end":{"line":3,"column":35}},"3":{"start":{"line":4,"column":0},"end":{"line":4,"column":46}},"4":{"start":{"line":25,"column":8},"end":{"line":25,"column":36}},"5":{"start":{"line":26,"column":8},"end":{"line":26,"column":33}},"6":{"start":{"line":27,"column":8},"end":{"line":27,"column":29}},"7":{"start":{"line":28,"column":8},"end":{"line":28,"column":70}},"8":{"start":{"line":38,"column":8},"end":{"line":38,"column":49}},"9":{"start":{"line":46,"column":8},"end":{"line":46,"column":50}},"10":{"start":{"line":56,"column":8},"end":{"line":56,"column":35}},"11":{"start":{"line":68,"column":8},"end":{"line":68,"column":36}},"12":{"start":{"line":69,"column":8},"end":{"line":69,"column":58}},"13":{"start":{"line":70,"column":8},"end":{"line":70,"column":52}},"14":{"start":{"line":71,"column":8},"end":{"line":73,"column":9}},"15":{"start":{"line":72,"column":12},"end":{"line":72,"column":22}},"16":{"start":{"line":74,"column":8},"end":{"line":74,"column":78}},"17":{"start":{"line":75,"column":8},"end":{"line":78,"column":9}},"18":{"start":{"line":76,"column":12},"end":{"line":76,"column":19}},"19":{"start":{"line":77,"column":12},"end":{"line":77,"column":58}},"20":{"start":{"line":79,"column":8},"end":{"line":79,"column":68}},"21":{"start":{"line":80,"column":8},"end":{"line":80,"column":51}},"22":{"start":{"line":81,"column":8},"end":{"line":81,"column":51}},"23":{"start":{"line":92,"column":8},"end":{"line":92,"column":23}},"24":{"start":{"line":93,"column":8},"end":{"line":93,"column":45}},"25":{"start":{"line":94,"column":8},"end":{"line":94,"column":23}},"26":{"start":{"line":95,"column":8},"end":{"line":108,"column":9}},"27":{"start":{"line":96,"column":12},"end":{"line":96,"column":43}},"28":{"start":{"line":97,"column":12},"end":{"line":106,"column":13}},"29":{"start":{"line":98,"column":16},"end":{"line":98,"column":31}},"30":{"start":{"line":99,"column":16},"end":{"line":99,"column":22}},"31":{"start":{"line":101,"column":17},"end":{"line":106,"column":13}},"32":{"start":{"line":102,"column":16},"end":{"line":102,"column":25}},"33":{"start":{"line":104,"column":17},"end":{"line":106,"column":13}},"34":{"start":{"line":105,"column":16},"end":{"line":105,"column":25}},"35":{"start":{"line":107,"column":12},"end":{"line":107,"column":27}},"36":{"start":{"line":109,"column":8},"end":{"line":109,"column":41}},"37":{"start":{"line":117,"column":8},"end":{"line":124,"column":9}},"38":{"start":{"line":118,"column":12},"end":{"line":118,"column":54}},"39":{"start":{"line":119,"column":12},"end":{"line":119,"column":75}},"40":{"start":{"line":120,"column":12},"end":{"line":120,"column":41}},"41":{"start":{"line":121,"column":12},"end":{"line":121,"column":67}},"42":{"start":{"line":122,"column":12},"end":{"line":122,"column":77}},"43":{"start":{"line":123,"column":12},"end":{"line":123,"column":65}},"44":{"start":{"line":125,"column":8},"end":{"line":125,"column":30}},"45":{"start":{"line":134,"column":8},"end":{"line":134,"column":19}},"46":{"start":{"line":136,"column":8},"end":{"line":138,"column":9}},"47":{"start":{"line":137,"column":12},"end":{"line":137,"column":78}},"48":{"start":{"line":140,"column":8},"end":{"line":142,"column":9}},"49":{"start":{"line":141,"column":12},"end":{"line":141,"column":77}},"50":{"start":{"line":144,"column":8},"end":{"line":146,"column":9}},"51":{"start":{"line":145,"column":12},"end":{"line":145,"column":27}},"52":{"start":{"line":148,"column":8},"end":{"line":150,"column":9}},"53":{"start":{"line":149,"column":12},"end":{"line":149,"column":28}},"54":{"start":{"line":152,"column":8},"end":{"line":154,"column":9}},"55":{"start":{"line":153,"column":12},"end":{"line":153,"column":27}},"56":{"start":{"line":155,"column":8},"end":{"line":155,"column":24}},"57":{"start":{"line":158,"column":0},"end":{"line":158,"column":22}}},"branchMap":{"1":{"line":71,"type":"if","locations":[{"start":{"line":71,"column":8},"end":{"line":71,"column":8}},{"start":{"line":71,"column":8},"end":{"line":71,"column":8}}]},"2":{"line":97,"type":"if","locations":[{"start":{"line":97,"column":12},"end":{"line":97,"column":12}},{"start":{"line":97,"column":12},"end":{"line":97,"column":12}}]},"3":{"line":97,"type":"binary-expr","locations":[{"start":{"line":97,"column":16},"end":{"line":97,"column":31}},{"start":{"line":97,"column":35},"end":{"line":97,"column":46}}]},"4":{"line":101,"type":"if","locations":[{"start":{"line":101,"column":17},"end":{"line":101,"column":17}},{"start":{"line":101,"column":17},"end":{"line":101,"column":17}}]},"5":{"line":104,"type":"if","locations":[{"start":{"line":104,"column":17},"end":{"line":104,"column":17}},{"start":{"line":104,"column":17},"end":{"line":104,"column":17}}]},"6":{"line":117,"type":"if","locations":[{"start":{"line":117,"column":8},"end":{"line":117,"column":8}},{"start":{"line":117,"column":8},"end":{"line":117,"column":8}}]},"7":{"line":136,"type":"if","locations":[{"start":{"line":136,"column":8},"end":{"line":136,"column":8}},{"start":{"line":136,"column":8},"end":{"line":136,"column":8}}]},"8":{"line":140,"type":"if","locations":[{"start":{"line":140,"column":8},"end":{"line":140,"column":8}},{"start":{"line":140,"column":8},"end":{"line":140,"column":8}}]},"9":{"line":144,"type":"if","locations":[{"start":{"line":144,"column":8},"end":{"line":144,"column":8}},{"start":{"line":144,"column":8},"end":{"line":144,"column":8}}]},"10":{"line":148,"type":"if","locations":[{"start":{"line":148,"column":8},"end":{"line":148,"column":8}},{"start":{"line":148,"column":8},"end":{"line":148,"column":8}}]},"11":{"line":152,"type":"if","locations":[{"start":{"line":152,"column":8},"end":{"line":152,"column":8}},{"start":{"line":152,"column":8},"end":{"line":152,"column":8}}]}},"l":{"2":1,"3":1,"4":1,"25":198,"26":198,"27":198,"28":198,"38":76,"46":124,"56":198,"68":198,"69":198,"70":198,"71":198,"72":4,"74":194,"75":194,"76":208,"77":208,"79":194,"80":194,"81":194,"92":79,"93":79,"94":79,"95":79,"96":1439,"97":1439,"98":79,"99":79,"101":1360,"102":2,"104":1358,"105":2,"107":1360,"109":79,"117":10,"118":8,"119":8,"120":8,"121":8,"122":8,"123":8,"125":10,"134":40,"136":40,"137":8,"140":32,"141":4,"144":28,"145":4,"148":24,"149":10,"152":14,"153":12,"155":2,"158":1}},
"/Users/neil/extensions/php-docblock/out/src/util/TypeUtil.js":{"path":"/Users/neil/extensions/php-docblock/out/src/util/TypeUtil.js","s":{"1":1,"2":1,"3":124,"4":40,"5":28,"6":12,"7":12,"8":12,"9":3,"10":2,"11":3,"12":1,"13":2,"14":9,"15":93,"16":26,"17":23,"18":3,"19":20,"20":13,"21":7,"22":47,"23":1},"b":{"1":[124,1],"2":[28,12],"3":[3,9],"4":[12,3],"5":[2,1],"6":[1,2],"7":[22,26,18,20,47],"8":[23,3],"9":[13,7]},"f":{"1":124,"2":40,"3":93},"fnMap":{"1":{"name":"(anonymous_1)","line":13,"loc":{"start":{"line":13,"column":23},"end":{"line":13,"column":26}}},"2":{"name":"(anonymous_2)","line":24,"loc":{"start":{"line":24,"column":25},"end":{"line":24,"column":38}}},"3":{"name":"(anonymous_3)","line":46,"loc":{"start":{"line":46,"column":26},"end":{"line":46,"column":33}}}},"statementMap":{"1":{"start":{"line":2,"column":0},"end":{"line":2,"column":62}},"2":{"start":{"line":3,"column":0},"end":{"line":3,"column":37}},"3":{"start":{"line":14,"column":8},"end":{"line":14,"column":63}},"4":{"start":{"line":25,"column":8},"end":{"line":27,"column":9}},"5":{"start":{"line":26,"column":12},"end":{"line":26,"column":24}},"6":{"start":{"line":28,"column":8},"end":{"line":28,"column":88}},"7":{"start":{"line":29,"column":8},"end":{"line":29,"column":36}},"8":{"start":{"line":30,"column":8},"end":{"line":38,"column":9}},"9":{"start":{"line":31,"column":12},"end":{"line":33,"column":13}},"10":{"start":{"line":32,"column":16},"end":{"line":32,"column":41}},"11":{"start":{"line":34,"column":12},"end":{"line":36,"column":13}},"12":{"start":{"line":35,"column":16},"end":{"line":35,"column":31}},"13":{"start":{"line":37,"column":12},"end":{"line":37,"column":34}},"14":{"start":{"line":39,"column":8},"end":{"line":39,"column":20}},"15":{"start":{"line":47,"column":8},"end":{"line":62,"column":9}},"16":{"start":{"line":50,"column":16},"end":{"line":52,"column":17}},"17":{"start":{"line":51,"column":20},"end":{"line":51,"column":37}},"18":{"start":{"line":53,"column":16},"end":{"line":53,"column":30}},"19":{"start":{"line":56,"column":16},"end":{"line":58,"column":17}},"20":{"start":{"line":57,"column":20},"end":{"line":57,"column":37}},"21":{"start":{"line":59,"column":16},"end":{"line":59,"column":29}},"22":{"start":{"line":61,"column":16},"end":{"line":61,"column":28}},"23":{"start":{"line":65,"column":0},"end":{"line":65,"column":27}}},"branchMap":{"1":{"line":14,"type":"binary-expr","locations":[{"start":{"line":14,"column":15},"end":{"line":14,"column":29}},{"start":{"line":14,"column":34},"end":{"line":14,"column":61}}]},"2":{"line":25,"type":"if","locations":[{"start":{"line":25,"column":8},"end":{"line":25,"column":8}},{"start":{"line":25,"column":8},"end":{"line":25,"column":8}}]},"3":{"line":30,"type":"if","locations":[{"start":{"line":30,"column":8},"end":{"line":30,"column":8}},{"start":{"line":30,"column":8},"end":{"line":30,"column":8}}]},"4":{"line":30,"type":"binary-expr","locations":[{"start":{"line":30,"column":12},"end":{"line":30,"column":24}},{"start":{"line":30,"column":28},"end":{"line":30,"column":43}}]},"5":{"line":31,"type":"if","locations":[{"start":{"line":31,"column":12},"end":{"line":31,"column":12}},{"start":{"line":31,"column":12},"end":{"line":31,"column":12}}]},"6":{"line":34,"type":"if","locations":[{"start":{"line":34,"column":12},"end":{"line":34,"column":12}},{"start":{"line":34,"column":12},"end":{"line":34,"column":12}}]},"7":{"line":47,"type":"switch","locations":[{"start":{"line":48,"column":12},"end":{"line":48,"column":24}},{"start":{"line":49,"column":12},"end":{"line":53,"column":30}},{"start":{"line":54,"column":12},"end":{"line":54,"column":23}},{"start":{"line":55,"column":12},"end":{"line":59,"column":29}},{"start":{"line":60,"column":12},"end":{"line":61,"column":28}}]},"8":{"line":50,"type":"if","locations":[{"start":{"line":50,"column":16},"end":{"line":50,"column":16}},{"start":{"line":50,"column":16},"end":{"line":50,"column":16}}]},"9":{"line":56,"type":"if","locations":[{"start":{"line":56,"column":16},"end":{"line":56,"column":16}},{"start":{"line":56,"column":16},"end":{"line":56,"column":16}}]}},"l":{"2":1,"3":1,"14":124,"25":40,"26":28,"28":12,"29":12,"30":12,"31":3,"32":2,"34":3,"35":1,"37":2,"39":9,"47":93,"50":26,"51":23,"53":3,"56":20,"57":13,"59":7,"61":47,"65":1}},
"/Users/neil/extensions/php-docblock/out/src/doc.js":{"path":"/Users/neil/extensions/php-docblock/out/src/doc.js","s":{"1":1,"2":1,"3":1,"4":173,"5":173,"6":47,"7":42,"8":47,"9":1,"10":47,"11":7,"12":47,"13":44,"14":45,"15":13,"16":13,"17":13,"18":13,"19":13,"20":2,"21":2,"22":13,"23":13,"24":13,"25":13,"26":13,"27":5,"28":4,"29":4,"30":5,"31":5,"32":5,"33":5,"34":5,"35":13,"36":2,"37":1,"38":1,"39":2,"40":2,"41":13,"42":4,"43":1,"44":1,"45":3,"46":1,"47":4,"48":4,"49":13,"50":6,"51":2,"52":2,"53":6,"54":10,"55":10,"56":6,"57":10,"58":10,"59":13,"60":13,"61":1,"62":125,"63":125,"64":1},"b":{"1":[42,5],"2":[1,46],"3":[7,40],"4":[44,3],"5":[47,44],"6":[2,11],"7":[5,8],"8":[4,1],"9":[2,11],"10":[1,1],"11":[4,9],"12":[1,3],"13":[1,2],"14":[3,1],"15":[6,7],"16":[13,13],"17":[2,4],"18":[6,4]},"f":{"1":173,"2":47,"3":13,"4":125},"fnMap":{"1":{"name":"(anonymous_1)","line":17,"loc":{"start":{"line":17,"column":15},"end":{"line":17,"column":30}}},"2":{"name":"(anonymous_2)","line":31,"loc":{"start":{"line":31,"column":14},"end":{"line":31,"column":22}}},"3":{"name":"(anonymous_3)","line":53,"loc":{"start":{"line":53,"column":9},"end":{"line":53,"column":27}}},"4":{"name":"(anonymous_4)","line":126,"loc":{"start":{"line":126,"column":15},"end":{"line":126,"column":28}}}},"statementMap":{"1":{"start":{"line":2,"column":0},"end":{"line":2,"column":62}},"2":{"start":{"line":3,"column":0},"end":{"line":3,"column":35}},"3":{"start":{"line":4,"column":0},"end":{"line":4,"column":42}},"4":{"start":{"line":23,"column":8},"end":{"line":23,"column":25}},"5":{"start":{"line":24,"column":8},"end":{"line":24,"column":31}},"6":{"start":{"line":32,"column":8},"end":{"line":34,"column":9}},"7":{"start":{"line":33,"column":12},"end":{"line":33,"column":39}},"8":{"start":{"line":35,"column":8},"end":{"line":37,"column":9}},"9":{"start":{"line":36,"column":12},"end":{"line":36,"column":33}},"10":{"start":{"line":38,"column":8},"end":{"line":40,"column":9}},"11":{"start":{"line":39,"column":12},"end":{"line":39,"column":41}},"12":{"start":{"line":41,"column":8},"end":{"line":45,"column":9}},"13":{"start":{"line":42,"column":12},"end":{"line":44,"column":15}},"14":{"start":{"line":43,"column":16},"end":{"line":43,"column":68}},"15":{"start":{"line":54,"column":8},"end":{"line":54,"column":51}},"16":{"start":{"line":55,"column":8},"end":{"line":55,"column":59}},"17":{"start":{"line":56,"column":8},"end":{"line":56,"column":56}},"18":{"start":{"line":57,"column":8},"end":{"line":57,"column":67}},"19":{"start":{"line":58,"column":8},"end":{"line":61,"column":9}},"20":{"start":{"line":59,"column":12},"end":{"line":59,"column":23}},"21":{"start":{"line":60,"column":12},"end":{"line":60,"column":23}},"22":{"start":{"line":62,"column":8},"end":{"line":62,"column":21}},"23":{"start":{"line":63,"column":8},"end":{"line":63,"column":34}},"24":{"start":{"line":64,"column":8},"end":{"line":64,"column":36}},"25":{"start":{"line":65,"column":8},"end":{"line":65,"column":50}},"26":{"start":{"line":66,"column":8},"end":{"line":77,"column":9}},"27":{"start":{"line":67,"column":12},"end":{"line":70,"column":13}},"28":{"start":{"line":68,"column":16},"end":{"line":68,"column":43}},"29":{"start":{"line":69,"column":16},"end":{"line":69,"column":27}},"30":{"start":{"line":71,"column":12},"end":{"line":76,"column":15}},"31":{"start":{"line":72,"column":16},"end":{"line":72,"column":51}},"32":{"start":{"line":73,"column":16},"end":{"line":73,"column":64}},"33":{"start":{"line":74,"column":16},"end":{"line":74,"column":40}},"34":{"start":{"line":75,"column":16},"end":{"line":75,"column":64}},"35":{"start":{"line":78,"column":8},"end":{"line":85,"column":9}},"36":{"start":{"line":79,"column":12},"end":{"line":82,"column":13}},"37":{"start":{"line":80,"column":16},"end":{"line":80,"column":43}},"38":{"start":{"line":81,"column":16},"end":{"line":81,"column":27}},"39":{"start":{"line":83,"column":12},"end":{"line":83,"column":45}},"40":{"start":{"line":84,"column":12},"end":{"line":84,"column":58}},"41":{"start":{"line":86,"column":8},"end":{"line":96,"column":9}},"42":{"start":{"line":87,"column":12},"end":{"line":93,"column":13}},"43":{"start":{"line":88,"column":16},"end":{"line":88,"column":43}},"44":{"start":{"line":89,"column":16},"end":{"line":89,"column":27}},"45":{"start":{"line":91,"column":17},"end":{"line":93,"column":13}},"46":{"start":{"line":92,"column":16},"end":{"line":92,"column":43}},"47":{"start":{"line":94,"column":12},"end":{"line":94,"column":48}},"48":{"start":{"line":95,"column":12},"end":{"line":95,"column":61}},"49":{"start":{"line":97,"column":8},"end":{"line":110,"column":9}},"50":{"start":{"line":98,"column":12},"end":{"line":101,"column":13}},"51":{"start":{"line":99,"column":16},"end":{"line":99,"column":43}},"52":{"start":{"line":100,"column":16},"end":{"line":100,"column":27}},"53":{"start":{"line":102,"column":12},"end":{"line":109,"column":13}},"54":{"start":{"line":103,"column":16},"end":{"line":103,"column":43}},"55":{"start":{"line":104,"column":16},"end":{"line":106,"column":17}},"56":{"start":{"line":105,"column":20},"end":{"line":105,"column":44}},"57":{"start":{"line":107,"column":16},"end":{"line":107,"column":43}},"58":{"start":{"line":108,"column":16},"end":{"line":108,"column":41}},"59":{"start":{"line":111,"column":8},"end":{"line":111,"column":36}},"60":{"start":{"line":112,"column":8},"end":{"line":112,"column":23}},"61":{"start":{"line":115,"column":0},"end":{"line":115,"column":18}},"62":{"start":{"line":127,"column":8},"end":{"line":127,"column":25}},"63":{"start":{"line":128,"column":8},"end":{"line":128,"column":25}},"64":{"start":{"line":131,"column":0},"end":{"line":131,"column":22}}},"branchMap":{"1":{"line":32,"type":"if","locations":[{"start":{"line":32,"column":8},"end":{"line":32,"column":8}},{"start":{"line":32,"column":8},"end":{"line":32,"column":8}}]},"2":{"line":35,"type":"if","locations":[{"start":{"line":35,"column":8},"end":{"line":35,"column":8}},{"start":{"line":35,"column":8},"end":{"line":35,"column":8}}]},"3":{"line":38,"type":"if","locations":[{"start":{"line":38,"column":8},"end":{"line":38,"column":8}},{"start":{"line":38,"column":8},"end":{"line":38,"column":8}}]},"4":{"line":41,"type":"if","locations":[{"start":{"line":41,"column":8},"end":{"line":41,"column":8}},{"start":{"line":41,"column":8},"end":{"line":41,"column":8}}]},"5":{"line":41,"type":"binary-expr","locations":[{"start":{"line":41,"column":12},"end":{"line":41,"column":38}},{"start":{"line":41,"column":42},"end":{"line":41,"column":69}}]},"6":{"line":58,"type":"if","locations":[{"start":{"line":58,"column":8},"end":{"line":58,"column":8}},{"start":{"line":58,"column":8},"end":{"line":58,"column":8}}]},"7":{"line":66,"type":"if","locations":[{"start":{"line":66,"column":8},"end":{"line":66,"column":8}},{"start":{"line":66,"column":8},"end":{"line":66,"column":8}}]},"8":{"line":67,"type":"if","locations":[{"start":{"line":67,"column":12},"end":{"line":67,"column":12}},{"start":{"line":67,"column":12},"end":{"line":67,"column":12}}]},"9":{"line":78,"type":"if","locations":[{"start":{"line":78,"column":8},"end":{"line":78,"column":8}},{"start":{"line":78,"column":8},"end":{"line":78,"column":8}}]},"10":{"line":79,"type":"if","locations":[{"start":{"line":79,"column":12},"end":{"line":79,"column":12}},{"start":{"line":79,"column":12},"end":{"line":79,"column":12}}]},"11":{"line":86,"type":"if","locations":[{"start":{"line":86,"column":8},"end":{"line":86,"column":8}},{"start":{"line":86,"column":8},"end":{"line":86,"column":8}}]},"12":{"line":87,"type":"if","locations":[{"start":{"line":87,"column":12},"end":{"line":87,"column":12}},{"start":{"line":87,"column":12},"end":{"line":87,"column":12}}]},"13":{"line":91,"type":"if","locations":[{"start":{"line":91,"column":17},"end":{"line":91,"column":17}},{"start":{"line":91,"column":17},"end":{"line":91,"column":17}}]},"14":{"line":91,"type":"binary-expr","locations":[{"start":{"line":91,"column":21},"end":{"line":91,"column":30}},{"start":{"line":91,"column":34},"end":{"line":91,"column":52}}]},"15":{"line":97,"type":"if","locations":[{"start":{"line":97,"column":8},"end":{"line":97,"column":8}},{"start":{"line":97,"column":8},"end":{"line":97,"column":8}}]},"16":{"line":97,"type":"binary-expr","locations":[{"start":{"line":97,"column":12},"end":{"line":97,"column":32}},{"start":{"line":97,"column":36},"end":{"line":97,"column":52}}]},"17":{"line":98,"type":"if","locations":[{"start":{"line":98,"column":12},"end":{"line":98,"column":12}},{"start":{"line":98,"column":12},"end":{"line":98,"column":12}}]},"18":{"line":104,"type":"if","locations":[{"start":{"line":104,"column":16},"end":{"line":104,"column":16}},{"start":{"line":104,"column":16},"end":{"line":104,"column":16}}]}},"l":{"2":1,"3":1,"4":1,"23":173,"24":173,"32":47,"33":42,"35":47,"36":1,"38":47,"39":7,"41":47,"42":44,"43":45,"54":13,"55":13,"56":13,"57":13,"58":13,"59":2,"60":2,"62":13,"63":13,"64":13,"65":13,"66":13,"67":5,"68":4,"69":4,"71":5,"72":5,"73":5,"74":5,"75":5,"78":13,"79":2,"80":1,"81":1,"83":2,"84":2,"86":13,"87":4,"88":1,"89":1,"91":3,"92":1,"94":4,"95":4,"97":13,"98":6,"99":2,"100":2,"102":6,"103":10,"104":10,"105":6,"107":10,"108":10,"111":13,"112":13,"115":1,"127":125,"128":125,"131":1}},
"/Users/neil/extensions/php-docblock/out/src/completions.js":{"path":"/Users/neil/extensions/php-docblock/out/src/completions.js","s":{"1":1,"2":1,"3":1,"4":1,"5":3,"6":3,"7":9,"8":9,"9":9,"10":4,"11":4,"12":4,"13":4,"14":4,"15":4,"16":4,"17":5,"18":1,"19":4,"20":4,"21":132,"22":4,"23":4,"24":4,"25":4,"26":4,"27":4,"28":4,"29":1,"30":33,"31":1,"32":1,"33":1,"34":1,"35":4,"36":1},"b":{"1":[4,5],"2":[1,4],"3":[1,3],"4":[1,32]},"f":{"1":3,"2":9,"3":4},"fnMap":{"1":{"name":"(anonymous_1)","line":10,"loc":{"start":{"line":10,"column":15},"end":{"line":10,"column":18}}},"2":{"name":"(anonymous_2)","line":166,"loc":{"start":{"line":166,"column":26},"end":{"line":166,"column":54}}},"3":{"name":"(anonymous_3)","line":198,"loc":{"start":{"line":198,"column":11},"end":{"line":198,"column":14}}}},"statementMap":{"1":{"start":{"line":2,"column":0},"end":{"line":2,"column":62}},"2":{"start":{"line":3,"column":0},"end":{"line":3,"column":35}},"3":{"start":{"line":4,"column":0},"end":{"line":4,"column":45}},"4":{"start":{"line":5,"column":0},"end":{"line":5,"column":42}},"5":{"start":{"line":16,"column":8},"end":{"line":149,"column":10}},"6":{"start":{"line":155,"column":8},"end":{"line":155,"column":31}},"7":{"start":{"line":167,"column":8},"end":{"line":167,"column":24}},"8":{"start":{"line":168,"column":8},"end":{"line":168,"column":18}},"9":{"start":{"line":169,"column":8},"end":{"line":177,"column":9}},"10":{"start":{"line":170,"column":12},"end":{"line":170,"column":95}},"11":{"start":{"line":171,"column":12},"end":{"line":171,"column":96}},"12":{"start":{"line":172,"column":12},"end":{"line":172,"column":81}},"13":{"start":{"line":173,"column":12},"end":{"line":173,"column":32}},"14":{"start":{"line":174,"column":12},"end":{"line":174,"column":57}},"15":{"start":{"line":175,"column":12},"end":{"line":175,"column":31}},"16":{"start":{"line":176,"column":12},"end":{"line":176,"column":26}},"17":{"start":{"line":178,"column":8},"end":{"line":180,"column":9}},"18":{"start":{"line":179,"column":12},"end":{"line":179,"column":26}},"19":{"start":{"line":181,"column":8},"end":{"line":181,"column":45}},"20":{"start":{"line":182,"column":8},"end":{"line":184,"column":11}},"21":{"start":{"line":183,"column":12},"end":{"line":183,"column":50}},"22":{"start":{"line":185,"column":8},"end":{"line":190,"column":11}},"23":{"start":{"line":186,"column":12},"end":{"line":186,"column":97}},"24":{"start":{"line":187,"column":12},"end":{"line":187,"column":31}},"25":{"start":{"line":188,"column":12},"end":{"line":188,"column":70}},"26":{"start":{"line":189,"column":12},"end":{"line":189,"column":30}},"27":{"start":{"line":191,"column":8},"end":{"line":191,"column":22}},"28":{"start":{"line":199,"column":8},"end":{"line":208,"column":9}},"29":{"start":{"line":200,"column":12},"end":{"line":206,"column":15}},"30":{"start":{"line":201,"column":16},"end":{"line":205,"column":17}},"31":{"start":{"line":202,"column":20},"end":{"line":202,"column":112}},"32":{"start":{"line":203,"column":20},"end":{"line":203,"column":114}},"33":{"start":{"line":204,"column":20},"end":{"line":204,"column":43}},"34":{"start":{"line":207,"column":12},"end":{"line":207,"column":34}},"35":{"start":{"line":209,"column":8},"end":{"line":209,"column":25}},"36":{"start":{"line":212,"column":0},"end":{"line":212,"column":30}}},"branchMap":{"1":{"line":169,"type":"if","locations":[{"start":{"line":169,"column":8},"end":{"line":169,"column":8}},{"start":{"line":169,"column":8},"end":{"line":169,"column":8}}]},"2":{"line":178,"type":"if","locations":[{"start":{"line":178,"column":8},"end":{"line":178,"column":8}},{"start":{"line":178,"column":8},"end":{"line":178,"column":8}}]},"3":{"line":199,"type":"if","locations":[{"start":{"line":199,"column":8},"end":{"line":199,"column":8}},{"start":{"line":199,"column":8},"end":{"line":199,"column":8}}]},"4":{"line":201,"type":"if","locations":[{"start":{"line":201,"column":16},"end":{"line":201,"column":16}},{"start":{"line":201,"column":16},"end":{"line":201,"column":16}}]}},"l":{"2":1,"3":1,"4":1,"5":1,"16":3,"155":3,"167":9,"168":9,"169":9,"170":4,"171":4,"172":4,"173":4,"174":4,"175":4,"176":4,"178":5,"179":1,"181":4,"182":4,"183":132,"185":4,"186":4,"187":4,"188":4,"189":4,"191":4,"199":4,"200":1,"201":33,"202":1,"203":1,"204":1,"207":1,"209":4,"212":1}},
"/Users/neil/extensions/php-docblock/out/src/documenter.js":{"path":"/Users/neil/extensions/php-docblock/out/src/documenter.js","s":{"1":1,"2":1,"3":1,"4":1,"5":1,"6":4,"7":4,"8":4,"9":4,"10":1,"11":3,"12":3,"13":1,"14":2,"15":2,"16":1,"17":1,"18":1},"b":{"1":[1,3],"2":[1,2],"3":[1,1]},"f":{"1":4,"2":4},"fnMap":{"1":{"name":"(anonymous_1)","line":18,"loc":{"start":{"line":18,"column":15},"end":{"line":18,"column":31}}},"2":{"name":"(anonymous_2)","line":28,"loc":{"start":{"line":28,"column":16},"end":{"line":28,"column":19}}}},"statementMap":{"1":{"start":{"line":2,"column":0},"end":{"line":2,"column":62}},"2":{"start":{"line":3,"column":0},"end":{"line":3,"column":47}},"3":{"start":{"line":4,"column":0},"end":{"line":4,"column":47}},"4":{"start":{"line":5,"column":0},"end":{"line":5,"column":41}},"5":{"start":{"line":6,"column":0},"end":{"line":6,"column":31}},"6":{"start":{"line":19,"column":8},"end":{"line":19,"column":42}},"7":{"start":{"line":20,"column":8},"end":{"line":20,"column":29}},"8":{"start":{"line":29,"column":8},"end":{"line":29,"column":76}},"9":{"start":{"line":30,"column":8},"end":{"line":32,"column":9}},"10":{"start":{"line":31,"column":12},"end":{"line":31,"column":40}},"11":{"start":{"line":33,"column":8},"end":{"line":33,"column":76}},"12":{"start":{"line":34,"column":8},"end":{"line":36,"column":9}},"13":{"start":{"line":35,"column":12},"end":{"line":35,"column":40}},"14":{"start":{"line":37,"column":8},"end":{"line":37,"column":72}},"15":{"start":{"line":38,"column":8},"end":{"line":40,"column":9}},"16":{"start":{"line":39,"column":12},"end":{"line":39,"column":39}},"17":{"start":{"line":41,"column":8},"end":{"line":41,"column":43}},"18":{"start":{"line":44,"column":0},"end":{"line":44,"column":29}}},"branchMap":{"1":{"line":30,"type":"if","locations":[{"start":{"line":30,"column":8},"end":{"line":30,"column":8}},{"start":{"line":30,"column":8},"end":{"line":30,"column":8}}]},"2":{"line":34,"type":"if","locations":[{"start":{"line":34,"column":8},"end":{"line":34,"column":8}},{"start":{"line":34,"column":8},"end":{"line":34,"column":8}}]},"3":{"line":38,"type":"if","locations":[{"start":{"line":38,"column":8},"end":{"line":38,"column":8}},{"start":{"line":38,"column":8},"end":{"line":38,"column":8}}]}},"l":{"2":1,"3":1,"4":1,"5":1,"6":1,"19":4,"20":4,"29":4,"30":4,"31":1,"33":3,"34":3,"35":1,"37":2,"38":2,"39":1,"41":1,"44":1}},
"/Users/neil/extensions/php-docblock/out/src/block/function.js":{"path":"/Users/neil/extensions/php-docblock/out/src/block/function.js","s":{"1":1,"2":1,"3":1,"4":1,"5":1,"6":122,"7":122,"8":79,"9":79,"10":79,"11":79,"12":79,"13":36,"14":36,"15":5,"16":36,"17":80,"18":80,"19":80,"20":80,"21":32,"22":80,"23":6,"24":74,"25":26,"26":48,"27":18,"28":80,"29":79,"30":79,"31":18,"32":4,"33":18,"34":61,"35":79,"36":61,"37":6,"38":55,"39":8,"40":2,"41":4,"42":2,"43":39,"44":1},"b":{"1":[36,43],"2":[5,31],"3":[32,48],"4":[6,74],"5":[80,32],"6":[26,48],"7":[18,30],"8":[48,48],"9":[18,61],"10":[4,14],"11":[2,16],"12":[6,55],"13":[2,2,4,6,8,2,2,4,2]},"f":{"1":122,"2":79,"3":61},"fnMap":{"1":{"name":"(anonymous_1)","line":15,"loc":{"start":{"line":15,"column":15},"end":{"line":15,"column":18}}},"2":{"name":"(anonymous_2)","line":25,"loc":{"start":{"line":25,"column":9},"end":{"line":25,"column":12}}},"3":{"name":"(anonymous_3)","line":76,"loc":{"start":{"line":76,"column":21},"end":{"line":76,"column":28}}}},"statementMap":{"1":{"start":{"line":2,"column":0},"end":{"line":2,"column":62}},"2":{"start":{"line":3,"column":0},"end":{"line":3,"column":36}},"3":{"start":{"line":4,"column":0},"end":{"line":4,"column":32}},"4":{"start":{"line":5,"column":0},"end":{"line":5,"column":47}},"5":{"start":{"line":6,"column":0},"end":{"line":6,"column":43}},"6":{"start":{"line":16,"column":8},"end":{"line":16,"column":28}},"7":{"start":{"line":20,"column":8},"end":{"line":20,"column":113}},"8":{"start":{"line":26,"column":8},"end":{"line":26,"column":34}},"9":{"start":{"line":27,"column":8},"end":{"line":27,"column":57}},"10":{"start":{"line":28,"column":8},"end":{"line":28,"column":62}},"11":{"start":{"line":29,"column":8},"end":{"line":29,"column":17}},"12":{"start":{"line":30,"column":8},"end":{"line":53,"column":9}},"13":{"start":{"line":31,"column":12},"end":{"line":31,"column":44}},"14":{"start":{"line":32,"column":12},"end":{"line":34,"column":13}},"15":{"start":{"line":33,"column":16},"end":{"line":33,"column":43}},"16":{"start":{"line":35,"column":12},"end":{"line":52,"column":13}},"17":{"start":{"line":36,"column":16},"end":{"line":36,"column":38}},"18":{"start":{"line":37,"column":16},"end":{"line":37,"column":123}},"19":{"start":{"line":38,"column":16},"end":{"line":38,"column":36}},"20":{"start":{"line":39,"column":16},"end":{"line":41,"column":17}},"21":{"start":{"line":40,"column":20},"end":{"line":40,"column":97}},"22":{"start":{"line":42,"column":16},"end":{"line":50,"column":17}},"23":{"start":{"line":43,"column":20},"end":{"line":43,"column":98}},"24":{"start":{"line":45,"column":21},"end":{"line":50,"column":17}},"25":{"start":{"line":46,"column":20},"end":{"line":46,"column":88}},"26":{"start":{"line":48,"column":21},"end":{"line":50,"column":17}},"27":{"start":{"line":49,"column":20},"end":{"line":49,"column":111}},"28":{"start":{"line":51,"column":16},"end":{"line":51,"column":65}},"29":{"start":{"line":54,"column":8},"end":{"line":54,"column":88}},"30":{"start":{"line":55,"column":8},"end":{"line":65,"column":9}},"31":{"start":{"line":56,"column":12},"end":{"line":58,"column":13}},"32":{"start":{"line":57,"column":16},"end":{"line":57,"column":118}},"33":{"start":{"line":59,"column":12},"end":{"line":61,"column":84}},"34":{"start":{"line":64,"column":12},"end":{"line":64,"column":59}},"35":{"start":{"line":66,"column":8},"end":{"line":66,"column":19}},"36":{"start":{"line":77,"column":8},"end":{"line":79,"column":9}},"37":{"start":{"line":78,"column":12},"end":{"line":78,"column":78}},"38":{"start":{"line":80,"column":8},"end":{"line":94,"column":9}},"39":{"start":{"line":86,"column":16},"end":{"line":86,"column":28}},"40":{"start":{"line":88,"column":16},"end":{"line":88,"column":82}},"41":{"start":{"line":91,"column":16},"end":{"line":91,"column":31}},"42":{"start":{"line":93,"column":16},"end":{"line":93,"column":32}},"43":{"start":{"line":95,"column":8},"end":{"line":95,"column":22}},"44":{"start":{"line":98,"column":0},"end":{"line":98,"column":32}}},"branchMap":{"1":{"line":30,"type":"if","locations":[{"start":{"line":30,"column":8},"end":{"line":30,"column":8}},{"start":{"line":30,"column":8},"end":{"line":30,"column":8}}]},"2":{"line":32,"type":"if","locations":[{"start":{"line":32,"column":12},"end":{"line":32,"column":12}},{"start":{"line":32,"column":12},"end":{"line":32,"column":12}}]},"3":{"line":39,"type":"if","locations":[{"start":{"line":39,"column":16},"end":{"line":39,"column":16}},{"start":{"line":39,"column":16},"end":{"line":39,"column":16}}]},"4":{"line":42,"type":"if","locations":[{"start":{"line":42,"column":16},"end":{"line":42,"column":16}},{"start":{"line":42,"column":16},"end":{"line":42,"column":16}}]},"5":{"line":42,"type":"binary-expr","locations":[{"start":{"line":42,"column":20},"end":{"line":42,"column":36}},{"start":{"line":42,"column":40},"end":{"line":42,"column":56}}]},"6":{"line":45,"type":"if","locations":[{"start":{"line":45,"column":21},"end":{"line":45,"column":21}},{"start":{"line":45,"column":21},"end":{"line":45,"column":21}}]},"7":{"line":48,"type":"if","locations":[{"start":{"line":48,"column":21},"end":{"line":48,"column":21}},{"start":{"line":48,"column":21},"end":{"line":48,"column":21}}]},"8":{"line":48,"type":"binary-expr","locations":[{"start":{"line":48,"column":25},"end":{"line":48,"column":41}},{"start":{"line":48,"column":45},"end":{"line":48,"column":59}}]},"9":{"line":55,"type":"if","locations":[{"start":{"line":55,"column":8},"end":{"line":55,"column":8}},{"start":{"line":55,"column":8},"end":{"line":55,"column":8}}]},"10":{"line":56,"type":"if","locations":[{"start":{"line":56,"column":12},"end":{"line":56,"column":12}},{"start":{"line":56,"column":12},"end":{"line":56,"column":12}}]},"11":{"line":59,"type":"cond-expr","locations":[{"start":{"line":60,"column":18},"end":{"line":60,"column":93}},{"start":{"line":61,"column":18},"end":{"line":61,"column":83}}]},"12":{"line":77,"type":"if","locations":[{"start":{"line":77,"column":8},"end":{"line":77,"column":8}},{"start":{"line":77,"column":8},"end":{"line":77,"column":8}}]},"13":{"line":80,"type":"switch","locations":[{"start":{"line":81,"column":12},"end":{"line":81,"column":31}},{"start":{"line":82,"column":12},"end":{"line":82,"column":30}},{"start":{"line":83,"column":12},"end":{"line":83,"column":25}},{"start":{"line":84,"column":12},"end":{"line":84,"column":27}},{"start":{"line":85,"column":12},"end":{"line":86,"column":28}},{"start":{"line":87,"column":12},"end":{"line":88,"column":82}},{"start":{"line":89,"column":12},"end":{"line":89,"column":27}},{"start":{"line":90,"column":12},"end":{"line":91,"column":31}},{"start":{"line":92,"column":12},"end":{"line":93,"column":32}}]}},"l":{"2":1,"3":1,"4":1,"5":1,"6":1,"16":122,"20":122,"26":79,"27":79,"28":79,"29":79,"30":79,"31":36,"32":36,"33":5,"35":36,"36":80,"37":80,"38":80,"39":80,"40":32,"42":80,"43":6,"45":74,"46":26,"48":48,"49":18,"51":80,"54":79,"55":79,"56":18,"57":4,"59":18,"64":61,"66":79,"77":61,"78":6,"80":55,"86":8,"88":2,"91":4,"93":2,"95":39,"98":1}},
"/Users/neil/extensions/php-docblock/out/src/block/property.js":{"path":"/Users/neil/extensions/php-docblock/out/src/block/property.js","s":{"1":1,"2":1,"3":1,"4":48,"5":48,"6":31,"7":31,"8":31,"9":22,"10":9,"11":31,"12":1},"b":{"1":[22,9]},"f":{"1":48,"2":31},"fnMap":{"1":{"name":"(anonymous_1)","line":9,"loc":{"start":{"line":9,"column":15},"end":{"line":9,"column":18}}},"2":{"name":"(anonymous_2)","line":19,"loc":{"start":{"line":19,"column":9},"end":{"line":19,"column":12}}}},"statementMap":{"1":{"start":{"line":2,"column":0},"end":{"line":2,"column":62}},"2":{"start":{"line":3,"column":0},"end":{"line":3,"column":36}},"3":{"start":{"line":4,"column":0},"end":{"line":4,"column":32}},"4":{"start":{"line":10,"column":8},"end":{"line":10,"column":28}},"5":{"start":{"line":14,"column":8},"end":{"line":14,"column":117}},"6":{"start":{"line":20,"column":8},"end":{"line":20,"column":34}},"7":{"start":{"line":21,"column":8},"end":{"line":21,"column":57}},"8":{"start":{"line":22,"column":8},"end":{"line":27,"column":9}},"9":{"start":{"line":23,"column":12},"end":{"line":23,"column":55}},"10":{"start":{"line":26,"column":12},"end":{"line":26,"column":31}},"11":{"start":{"line":28,"column":8},"end":{"line":28,"column":19}},"12":{"start":{"line":31,"column":0},"end":{"line":31,"column":27}}},"branchMap":{"1":{"line":22,"type":"if","locations":[{"start":{"line":22,"column":8},"end":{"line":22,"column":8}},{"start":{"line":22,"column":8},"end":{"line":22,"column":8}}]}},"l":{"2":1,"3":1,"4":1,"10":48,"14":48,"20":31,"21":31,"22":31,"23":22,"26":9,"28":31,"31":1}},
"/Users/neil/extensions/php-docblock/out/src/extension.js":{"path":"/Users/neil/extensions/php-docblock/out/src/extension.js","s":{"1":1,"2":1,"3":1,"4":1,"5":1,"6":2,"7":1,"8":2,"9":1,"10":1,"11":1},"b":{"1":[1,1]},"f":{"1":1,"2":0},"fnMap":{"1":{"name":"activate","line":10,"loc":{"start":{"line":10,"column":0},"end":{"line":10,"column":27}}},"2":{"name":"deactivate","line":44,"loc":{"start":{"line":44,"column":0},"end":{"line":44,"column":22}}}},"statementMap":{"1":{"start":{"line":2,"column":0},"end":{"line":2,"column":62}},"2":{"start":{"line":3,"column":0},"end":{"line":3,"column":33}},"3":{"start":{"line":4,"column":0},"end":{"line":4,"column":47}},"4":{"start":{"line":10,"column":0},"end":{"line":39,"column":1}},"5":{"start":{"line":11,"column":4},"end":{"line":38,"column":7}},"6":{"start":{"line":12,"column":8},"end":{"line":36,"column":9}},"7":{"start":{"line":13,"column":12},"end":{"line":35,"column":15}},"8":{"start":{"line":37,"column":8},"end":{"line":37,"column":101}},"9":{"start":{"line":40,"column":0},"end":{"line":40,"column":28}},"10":{"start":{"line":44,"column":0},"end":{"line":45,"column":1}},"11":{"start":{"line":46,"column":0},"end":{"line":46,"column":32}}},"branchMap":{"1":{"line":12,"type":"if","locations":[{"start":{"line":12,"column":8},"end":{"line":12,"column":8}},{"start":{"line":12,"column":8},"end":{"line":12,"column":8}}]}},"l":{"2":1,"3":1,"4":1,"10":1,"11":1,"12":2,"13":1,"37":2,"40":1,"44":1,"46":1}}}
