{
"/Users/neil/extensions/php-docblock/out/src/util/config.js":{"path":"/Users/neil/extensions/php-docblock/out/src/util/config.js","s":{"1":1,"2":1,"3":1,"4":1,"5":435,"6":1,"7":1,"8":435,"9":65,"10":68,"11":65,"12":65,"13":65,"14":65,"15":455,"16":455,"17":65,"18":65,"19":237,"20":24,"21":213,"22":1},"b":{"1":[1,434],"2":[65,3],"3":[24,213]},"f":{"1":1,"2":435,"3":65,"4":68,"5":65,"6":237},"fnMap":{"1":{"name":"(anonymous_1)","line":9,"loc":{"start":{"line":9,"column":15},"end":{"line":9,"column":18}}},"2":{"name":"(anonymous_2)","line":22,"loc":{"start":{"line":22,"column":23},"end":{"line":22,"column":26}}},"3":{"name":"(anonymous_3)","line":34,"loc":{"start":{"line":34,"column":12},"end":{"line":34,"column":19}}},"4":{"name":"(anonymous_4)","line":40,"loc":{"start":{"line":40,"column":8},"end":{"line":40,"column":11}}},"5":{"name":"(anonymous_5)","line":57,"loc":{"start":{"line":57,"column":12},"end":{"line":57,"column":24}}},"6":{"name":"(anonymous_6)","line":65,"loc":{"start":{"line":65,"column":7},"end":{"line":65,"column":17}}}},"statementMap":{"1":{"start":{"line":2,"column":0},"end":{"line":2,"column":62}},"2":{"start":{"line":3,"column":0},"end":{"line":3,"column":35}},"3":{"start":{"line":4,"column":0},"end":{"line":4,"column":25}},"4":{"start":{"line":15,"column":8},"end":{"line":15,"column":27}},"5":{"start":{"line":23,"column":8},"end":{"line":26,"column":9}},"6":{"start":{"line":24,"column":12},"end":{"line":24,"column":40}},"7":{"start":{"line":25,"column":12},"end":{"line":25,"column":34}},"8":{"start":{"line":27,"column":8},"end":{"line":27,"column":30}},"9":{"start":{"line":35,"column":8},"end":{"line":35,"column":27}},"10":{"start":{"line":41,"column":8},"end":{"line":50,"column":9}},"11":{"start":{"line":42,"column":12},"end":{"line":42,"column":28}},"12":{"start":{"line":43,"column":12},"end":{"line":43,"column":107}},"13":{"start":{"line":44,"column":12},"end":{"line":44,"column":73}},"14":{"start":{"line":45,"column":12},"end":{"line":48,"column":13}},"15":{"start":{"line":46,"column":16},"end":{"line":46,"column":38}},"16":{"start":{"line":47,"column":16},"end":{"line":47,"column":74}},"17":{"start":{"line":49,"column":12},"end":{"line":49,"column":31}},"18":{"start":{"line":58,"column":8},"end":{"line":58,"column":60}},"19":{"start":{"line":66,"column":8},"end":{"line":68,"column":9}},"20":{"start":{"line":67,"column":12},"end":{"line":67,"column":86}},"21":{"start":{"line":69,"column":8},"end":{"line":69,"column":34}},"22":{"start":{"line":72,"column":0},"end":{"line":72,"column":25}}},"branchMap":{"1":{"line":23,"type":"if","locations":[{"start":{"line":23,"column":8},"end":{"line":23,"column":8}},{"start":{"line":23,"column":8},"end":{"line":23,"column":8}}]},"2":{"line":41,"type":"if","locations":[{"start":{"line":41,"column":8},"end":{"line":41,"column":8}},{"start":{"line":41,"column":8},"end":{"line":41,"column":8}}]},"3":{"line":66,"type":"if","locations":[{"start":{"line":66,"column":8},"end":{"line":66,"column":8}},{"start":{"line":66,"column":8},"end":{"line":66,"column":8}}]}},"l":{"2":1,"3":1,"4":1,"15":1,"23":435,"24":1,"25":1,"27":435,"35":65,"41":68,"42":65,"43":65,"44":65,"45":65,"46":455,"47":455,"49":65,"58":65,"66":237,"67":24,"69":213,"72":1}},
"/Users/neil/extensions/php-docblock/out/src/block/class.js":{"path":"/Users/neil/extensions/php-docblock/out/src/block/class.js","s":{"1":1,"2":1,"3":1,"4":30,"5":30,"6":15,"7":15,"8":15,"9":1},"b":{},"f":{"1":30,"2":15},"fnMap":{"1":{"name":"(anonymous_1)","line":9,"loc":{"start":{"line":9,"column":15},"end":{"line":9,"column":18}}},"2":{"name":"(anonymous_2)","line":19,"loc":{"start":{"line":19,"column":9},"end":{"line":19,"column":12}}}},"statementMap":{"1":{"start":{"line":2,"column":0},"end":{"line":2,"column":62}},"2":{"start":{"line":3,"column":0},"end":{"line":3,"column":36}},"3":{"start":{"line":4,"column":0},"end":{"line":4,"column":32}},"4":{"start":{"line":10,"column":8},"end":{"line":10,"column":28}},"5":{"start":{"line":14,"column":8},"end":{"line":14,"column":94}},"6":{"start":{"line":20,"column":8},"end":{"line":20,"column":34}},"7":{"start":{"line":21,"column":8},"end":{"line":21,"column":61}},"8":{"start":{"line":22,"column":8},"end":{"line":22,"column":19}},"9":{"start":{"line":25,"column":0},"end":{"line":25,"column":24}}},"branchMap":{},"l":{"2":1,"3":1,"4":1,"10":30,"14":30,"20":15,"21":15,"22":15,"25":1}},
"/Users/neil/extensions/php-docblock/out/src/block.js":{"path":"/Users/neil/extensions/php-docblock/out/src/block.js","s":{"1":1,"2":1,"3":1,"4":204,"5":204,"6":204,"7":204,"8":82,"9":125,"10":204,"11":204,"12":204,"13":204,"14":204,"15":7,"16":197,"17":197,"18":211,"19":211,"20":197,"21":197,"22":197,"23":79,"24":79,"25":79,"26":79,"27":1439,"28":1439,"29":79,"30":79,"31":1360,"32":2,"33":1358,"34":2,"35":1360,"36":79,"37":10,"38":8,"39":8,"40":8,"41":8,"42":8,"43":8,"44":10,"45":40,"46":40,"47":8,"48":32,"49":4,"50":28,"51":4,"52":24,"53":10,"54":14,"55":12,"56":2,"57":1},"b":{"1":[7,197],"2":[79,1360],"3":[1439,81],"4":[2,1358],"5":[2,1356],"6":[8,2],"7":[8,32],"8":[4,28],"9":[4,24],"10":[10,14],"11":[12,2]},"f":{"1":204,"2":82,"3":125,"4":204,"5":204,"6":79,"7":10,"8":40},"fnMap":{"1":{"name":"(anonymous_1)","line":19,"loc":{"start":{"line":19,"column":15},"end":{"line":19,"column":34}}},"2":{"name":"(anonymous_2)","line":37,"loc":{"start":{"line":37,"column":8},"end":{"line":37,"column":11}}},"3":{"name":"(anonymous_3)","line":45,"loc":{"start":{"line":45,"column":9},"end":{"line":45,"column":12}}},"4":{"name":"(anonymous_4)","line":55,"loc":{"start":{"line":55,"column":16},"end":{"line":55,"column":28}}},"5":{"name":"(anonymous_5)","line":67,"loc":{"start":{"line":67,"column":12},"end":{"line":67,"column":31}}},"6":{"name":"(anonymous_6)","line":91,"loc":{"start":{"line":91,"column":15},"end":{"line":91,"column":55}}},"7":{"name":"(anonymous_7)","line":116,"loc":{"start":{"line":116,"column":16},"end":{"line":116,"column":19}}},"8":{"name":"(anonymous_8)","line":133,"loc":{"start":{"line":133,"column":20},"end":{"line":133,"column":28}}}},"statementMap":{"1":{"start":{"line":2,"column":0},"end":{"line":2,"column":62}},"2":{"start":{"line":3,"column":0},"end":{"line":3,"column":35}},"3":{"start":{"line":4,"column":0},"end":{"line":4,"column":46}},"4":{"start":{"line":25,"column":8},"end":{"line":25,"column":36}},"5":{"start":{"line":26,"column":8},"end":{"line":26,"column":33}},"6":{"start":{"line":27,"column":8},"end":{"line":27,"column":29}},"7":{"start":{"line":28,"column":8},"end":{"line":28,"column":70}},"8":{"start":{"line":38,"column":8},"end":{"line":38,"column":49}},"9":{"start":{"line":46,"column":8},"end":{"line":46,"column":50}},"10":{"start":{"line":56,"column":8},"end":{"line":56,"column":35}},"11":{"start":{"line":68,"column":8},"end":{"line":68,"column":36}},"12":{"start":{"line":69,"column":8},"end":{"line":69,"column":58}},"13":{"start":{"line":70,"column":8},"end":{"line":70,"column":52}},"14":{"start":{"line":71,"column":8},"end":{"line":73,"column":9}},"15":{"start":{"line":72,"column":12},"end":{"line":72,"column":22}},"16":{"start":{"line":74,"column":8},"end":{"line":74,"column":78}},"17":{"start":{"line":75,"column":8},"end":{"line":78,"column":9}},"18":{"start":{"line":76,"column":12},"end":{"line":76,"column":19}},"19":{"start":{"line":77,"column":12},"end":{"line":77,"column":58}},"20":{"start":{"line":79,"column":8},"end":{"line":79,"column":68}},"21":{"start":{"line":80,"column":8},"end":{"line":80,"column":51}},"22":{"start":{"line":81,"column":8},"end":{"line":81,"column":51}},"23":{"start":{"line":92,"column":8},"end":{"line":92,"column":23}},"24":{"start":{"line":93,"column":8},"end":{"line":93,"column":45}},"25":{"start":{"line":94,"column":8},"end":{"line":94,"column":23}},"26":{"start":{"line":95,"column":8},"end":{"line":108,"column":9}},"27":{"start":{"line":96,"column":12},"end":{"line":96,"column":43}},"28":{"start":{"line":97,"column":12},"end":{"line":106,"column":13}},"29":{"start":{"line":98,"column":16},"end":{"line":98,"column":31}},"30":{"start":{"line":99,"column":16},"end":{"line":99,"column":22}},"31":{"start":{"line":101,"column":17},"end":{"line":106,"column":13}},"32":{"start":{"line":102,"column":16},"end":{"line":102,"column":25}},"33":{"start":{"line":104,"column":17},"end":{"line":106,"column":13}},"34":{"start":{"line":105,"column":16},"end":{"line":105,"column":25}},"35":{"start":{"line":107,"column":12},"end":{"line":107,"column":27}},"36":{"start":{"line":109,"column":8},"end":{"line":109,"column":41}},"37":{"start":{"line":117,"column":8},"end":{"line":124,"column":9}},"38":{"start":{"line":118,"column":12},"end":{"line":118,"column":132}},"39":{"start":{"line":119,"column":12},"end":{"line":119,"column":75}},"40":{"start":{"line":120,"column":12},"end":{"line":120,"column":41}},"41":{"start":{"line":121,"column":12},"end":{"line":121,"column":67}},"42":{"start":{"line":122,"column":12},"end":{"line":122,"column":77}},"43":{"start":{"line":123,"column":12},"end":{"line":123,"column":65}},"44":{"start":{"line":125,"column":8},"end":{"line":125,"column":30}},"45":{"start":{"line":134,"column":8},"end":{"line":134,"column":19}},"46":{"start":{"line":136,"column":8},"end":{"line":138,"column":9}},"47":{"start":{"line":137,"column":12},"end":{"line":137,"column":78}},"48":{"start":{"line":140,"column":8},"end":{"line":142,"column":9}},"49":{"start":{"line":141,"column":12},"end":{"line":141,"column":77}},"50":{"start":{"line":144,"column":8},"end":{"line":146,"column":9}},"51":{"start":{"line":145,"column":12},"end":{"line":145,"column":27}},"52":{"start":{"line":148,"column":8},"end":{"line":150,"column":9}},"53":{"start":{"line":149,"column":12},"end":{"line":149,"column":28}},"54":{"start":{"line":152,"column":8},"end":{"line":154,"column":9}},"55":{"start":{"line":153,"column":12},"end":{"line":153,"column":27}},"56":{"start":{"line":155,"column":8},"end":{"line":155,"column":24}},"57":{"start":{"line":158,"column":0},"end":{"line":158,"column":22}}},"branchMap":{"1":{"line":71,"type":"if","locations":[{"start":{"line":71,"column":8},"end":{"line":71,"column":8}},{"start":{"line":71,"column":8},"end":{"line":71,"column":8}}]},"2":{"line":97,"type":"if","locations":[{"start":{"line":97,"column":12},"end":{"line":97,"column":12}},{"start":{"line":97,"column":12},"end":{"line":97,"column":12}}]},"3":{"line":97,"type":"binary-expr","locations":[{"start":{"line":97,"column":16},"end":{"line":97,"column":31}},{"start":{"line":97,"column":35},"end":{"line":97,"column":46}}]},"4":{"line":101,"type":"if","locations":[{"start":{"line":101,"column":17},"end":{"line":101,"column":17}},{"start":{"line":101,"column":17},"end":{"line":101,"column":17}}]},"5":{"line":104,"type":"if","locations":[{"start":{"line":104,"column":17},"end":{"line":104,"column":17}},{"start":{"line":104,"column":17},"end":{"line":104,"column":17}}]},"6":{"line":117,"type":"if","locations":[{"start":{"line":117,"column":8},"end":{"line":117,"column":8}},{"start":{"line":117,"column":8},"end":{"line":117,"column":8}}]},"7":{"line":136,"type":"if","locations":[{"start":{"line":136,"column":8},"end":{"line":136,"column":8}},{"start":{"line":136,"column":8},"end":{"line":136,"column":8}}]},"8":{"line":140,"type":"if","locations":[{"start":{"line":140,"column":8},"end":{"line":140,"column":8}},{"start":{"line":140,"column":8},"end":{"line":140,"column":8}}]},"9":{"line":144,"type":"if","locations":[{"start":{"line":144,"column":8},"end":{"line":144,"column":8}},{"start":{"line":144,"column":8},"end":{"line":144,"column":8}}]},"10":{"line":148,"type":"if","locations":[{"start":{"line":148,"column":8},"end":{"line":148,"column":8}},{"start":{"line":148,"column":8},"end":{"line":148,"column":8}}]},"11":{"line":152,"type":"if","locations":[{"start":{"line":152,"column":8},"end":{"line":152,"column":8}},{"start":{"line":152,"column":8},"end":{"line":152,"column":8}}]}},"l":{"2":1,"3":1,"4":1,"25":204,"26":204,"27":204,"28":204,"38":82,"46":125,"56":204,"68":204,"69":204,"70":204,"71":204,"72":7,"74":197,"75":197,"76":211,"77":211,"79":197,"80":197,"81":197,"92":79,"93":79,"94":79,"95":79,"96":1439,"97":1439,"98":79,"99":79,"101":1360,"102":2,"104":1358,"105":2,"107":1360,"109":79,"117":10,"118":8,"119":8,"120":8,"121":8,"122":8,"123":8,"125":10,"134":40,"136":40,"137":8,"140":32,"141":4,"144":28,"145":4,"148":24,"149":10,"152":14,"153":12,"155":2,"158":1}},
"/Users/neil/extensions/php-docblock/out/src/util/TypeUtil.js":{"path":"/Users/neil/extensions/php-docblock/out/src/util/TypeUtil.js","s":{"1":1,"2":1,"3":124,"4":40,"5":28,"6":12,"7":12,"8":12,"9":3,"10":2,"11":3,"12":1,"13":2,"14":9,"15":93,"16":26,"17":23,"18":3,"19":20,"20":13,"21":7,"22":47,"23":1},"b":{"1":[124,1],"2":[28,12],"3":[3,9],"4":[12,3],"5":[2,1],"6":[1,2],"7":[22,26,18,20,47],"8":[23,3],"9":[13,7]},"f":{"1":124,"2":40,"3":93},"fnMap":{"1":{"name":"(anonymous_1)","line":13,"loc":{"start":{"line":13,"column":23},"end":{"line":13,"column":26}}},"2":{"name":"(anonymous_2)","line":24,"loc":{"start":{"line":24,"column":25},"end":{"line":24,"column":38}}},"3":{"name":"(anonymous_3)","line":46,"loc":{"start":{"line":46,"column":26},"end":{"line":46,"column":33}}}},"statementMap":{"1":{"start":{"line":2,"column":0},"end":{"line":2,"column":62}},"2":{"start":{"line":3,"column":0},"end":{"line":3,"column":37}},"3":{"start":{"line":14,"column":8},"end":{"line":14,"column":63}},"4":{"start":{"line":25,"column":8},"end":{"line":27,"column":9}},"5":{"start":{"line":26,"column":12},"end":{"line":26,"column":24}},"6":{"start":{"line":28,"column":8},"end":{"line":28,"column":88}},"7":{"start":{"line":29,"column":8},"end":{"line":29,"column":36}},"8":{"start":{"line":30,"column":8},"end":{"line":38,"column":9}},"9":{"start":{"line":31,"column":12},"end":{"line":33,"column":13}},"10":{"start":{"line":32,"column":16},"end":{"line":32,"column":41}},"11":{"start":{"line":34,"column":12},"end":{"line":36,"column":13}},"12":{"start":{"line":35,"column":16},"end":{"line":35,"column":31}},"13":{"start":{"line":37,"column":12},"end":{"line":37,"column":34}},"14":{"start":{"line":39,"column":8},"end":{"line":39,"column":20}},"15":{"start":{"line":47,"column":8},"end":{"line":62,"column":9}},"16":{"start":{"line":50,"column":16},"end":{"line":52,"column":17}},"17":{"start":{"line":51,"column":20},"end":{"line":51,"column":37}},"18":{"start":{"line":53,"column":16},"end":{"line":53,"column":30}},"19":{"start":{"line":56,"column":16},"end":{"line":58,"column":17}},"20":{"start":{"line":57,"column":20},"end":{"line":57,"column":37}},"21":{"start":{"line":59,"column":16},"end":{"line":59,"column":29}},"22":{"start":{"line":61,"column":16},"end":{"line":61,"column":28}},"23":{"start":{"line":65,"column":0},"end":{"line":65,"column":27}}},"branchMap":{"1":{"line":14,"type":"binary-expr","locations":[{"start":{"line":14,"column":15},"end":{"line":14,"column":29}},{"start":{"line":14,"column":34},"end":{"line":14,"column":61}}]},"2":{"line":25,"type":"if","locations":[{"start":{"line":25,"column":8},"end":{"line":25,"column":8}},{"start":{"line":25,"column":8},"end":{"line":25,"column":8}}]},"3":{"line":30,"type":"if","locations":[{"start":{"line":30,"column":8},"end":{"line":30,"column":8}},{"start":{"line":30,"column":8},"end":{"line":30,"column":8}}]},"4":{"line":30,"type":"binary-expr","locations":[{"start":{"line":30,"column":12},"end":{"line":30,"column":24}},{"start":{"line":30,"column":28},"end":{"line":30,"column":43}}]},"5":{"line":31,"type":"if","locations":[{"start":{"line":31,"column":12},"end":{"line":31,"column":12}},{"start":{"line":31,"column":12},"end":{"line":31,"column":12}}]},"6":{"line":34,"type":"if","locations":[{"start":{"line":34,"column":12},"end":{"line":34,"column":12}},{"start":{"line":34,"column":12},"end":{"line":34,"column":12}}]},"7":{"line":47,"type":"switch","locations":[{"start":{"line":48,"column":12},"end":{"line":48,"column":24}},{"start":{"line":49,"column":12},"end":{"line":53,"column":30}},{"start":{"line":54,"column":12},"end":{"line":54,"column":23}},{"start":{"line":55,"column":12},"end":{"line":59,"column":29}},{"start":{"line":60,"column":12},"end":{"line":61,"column":28}}]},"8":{"line":50,"type":"if","locations":[{"start":{"line":50,"column":16},"end":{"line":50,"column":16}},{"start":{"line":50,"column":16},"end":{"line":50,"column":16}}]},"9":{"line":56,"type":"if","locations":[{"start":{"line":56,"column":16},"end":{"line":56,"column":16}},{"start":{"line":56,"column":16},"end":{"line":56,"column":16}}]}},"l":{"2":1,"3":1,"14":124,"25":40,"26":28,"28":12,"29":12,"30":12,"31":3,"32":2,"34":3,"35":1,"37":2,"39":9,"47":93,"50":26,"51":23,"53":3,"56":20,"57":13,"59":7,"61":47,"65":1}},
"/Users/neil/extensions/php-docblock/out/src/doc.js":{"path":"/Users/neil/extensions/php-docblock/out/src/doc.js","s":{"1":1,"2":1,"3":1,"4":190,"5":190,"6":190,"7":59,"8":49,"9":59,"10":2,"11":59,"12":18,"13":59,"14":51,"15":52,"16":28,"17":28,"18":28,"19":28,"20":28,"21":4,"22":4,"23":28,"24":28,"25":28,"26":28,"27":28,"28":12,"29":10,"30":10,"31":12,"32":12,"33":12,"34":12,"35":12,"36":28,"37":3,"38":1,"39":1,"40":3,"41":3,"42":28,"43":7,"44":1,"45":1,"46":6,"47":2,"48":7,"49":7,"50":28,"51":10,"52":4,"53":4,"54":10,"55":12,"56":12,"57":10,"58":12,"59":12,"60":28,"61":28,"62":1,"63":132,"64":132,"65":1},"b":{"1":[49,10],"2":[2,57],"3":[18,41],"4":[51,8],"5":[59,51],"6":[4,24],"7":[12,16],"8":[10,2],"9":[3,25],"10":[1,2],"11":[7,21],"12":[28,11,11],"13":[1,6],"14":[2,4],"15":[6,2],"16":[10,18],"17":[28,28],"18":[4,6],"19":[10,2]},"f":{"1":190,"2":59,"3":28,"4":132},"fnMap":{"1":{"name":"(anonymous_1)","line":17,"loc":{"start":{"line":17,"column":15},"end":{"line":17,"column":30}}},"2":{"name":"(anonymous_2)","line":37,"loc":{"start":{"line":37,"column":14},"end":{"line":37,"column":22}}},"3":{"name":"(anonymous_3)","line":58,"loc":{"start":{"line":58,"column":9},"end":{"line":58,"column":12}}},"4":{"name":"(anonymous_4)","line":131,"loc":{"start":{"line":131,"column":15},"end":{"line":131,"column":28}}}},"statementMap":{"1":{"start":{"line":2,"column":0},"end":{"line":2,"column":62}},"2":{"start":{"line":3,"column":0},"end":{"line":3,"column":35}},"3":{"start":{"line":4,"column":0},"end":{"line":4,"column":42}},"4":{"start":{"line":23,"column":8},"end":{"line":23,"column":25}},"5":{"start":{"line":29,"column":8},"end":{"line":29,"column":27}},"6":{"start":{"line":30,"column":8},"end":{"line":30,"column":31}},"7":{"start":{"line":38,"column":8},"end":{"line":40,"column":9}},"8":{"start":{"line":39,"column":12},"end":{"line":39,"column":39}},"9":{"start":{"line":41,"column":8},"end":{"line":43,"column":9}},"10":{"start":{"line":42,"column":12},"end":{"line":42,"column":33}},"11":{"start":{"line":44,"column":8},"end":{"line":46,"column":9}},"12":{"start":{"line":45,"column":12},"end":{"line":45,"column":41}},"13":{"start":{"line":47,"column":8},"end":{"line":51,"column":9}},"14":{"start":{"line":48,"column":12},"end":{"line":50,"column":15}},"15":{"start":{"line":49,"column":16},"end":{"line":49,"column":68}},"16":{"start":{"line":59,"column":8},"end":{"line":59,"column":51}},"17":{"start":{"line":60,"column":8},"end":{"line":60,"column":59}},"18":{"start":{"line":61,"column":8},"end":{"line":61,"column":56}},"19":{"start":{"line":62,"column":8},"end":{"line":62,"column":67}},"20":{"start":{"line":63,"column":8},"end":{"line":66,"column":9}},"21":{"start":{"line":64,"column":12},"end":{"line":64,"column":23}},"22":{"start":{"line":65,"column":12},"end":{"line":65,"column":23}},"23":{"start":{"line":67,"column":8},"end":{"line":67,"column":21}},"24":{"start":{"line":68,"column":8},"end":{"line":68,"column":34}},"25":{"start":{"line":69,"column":8},"end":{"line":69,"column":36}},"26":{"start":{"line":70,"column":8},"end":{"line":70,"column":50}},"27":{"start":{"line":71,"column":8},"end":{"line":82,"column":9}},"28":{"start":{"line":72,"column":12},"end":{"line":75,"column":13}},"29":{"start":{"line":73,"column":16},"end":{"line":73,"column":43}},"30":{"start":{"line":74,"column":16},"end":{"line":74,"column":27}},"31":{"start":{"line":76,"column":12},"end":{"line":81,"column":15}},"32":{"start":{"line":77,"column":16},"end":{"line":77,"column":51}},"33":{"start":{"line":78,"column":16},"end":{"line":78,"column":64}},"34":{"start":{"line":79,"column":16},"end":{"line":79,"column":40}},"35":{"start":{"line":80,"column":16},"end":{"line":80,"column":47}},"36":{"start":{"line":83,"column":8},"end":{"line":90,"column":9}},"37":{"start":{"line":84,"column":12},"end":{"line":87,"column":13}},"38":{"start":{"line":85,"column":16},"end":{"line":85,"column":43}},"39":{"start":{"line":86,"column":16},"end":{"line":86,"column":27}},"40":{"start":{"line":88,"column":12},"end":{"line":88,"column":45}},"41":{"start":{"line":89,"column":12},"end":{"line":89,"column":58}},"42":{"start":{"line":91,"column":8},"end":{"line":101,"column":9}},"43":{"start":{"line":92,"column":12},"end":{"line":98,"column":13}},"44":{"start":{"line":93,"column":16},"end":{"line":93,"column":43}},"45":{"start":{"line":94,"column":16},"end":{"line":94,"column":27}},"46":{"start":{"line":96,"column":17},"end":{"line":98,"column":13}},"47":{"start":{"line":97,"column":16},"end":{"line":97,"column":43}},"48":{"start":{"line":99,"column":12},"end":{"line":99,"column":48}},"49":{"start":{"line":100,"column":12},"end":{"line":100,"column":61}},"50":{"start":{"line":102,"column":8},"end":{"line":115,"column":9}},"51":{"start":{"line":103,"column":12},"end":{"line":106,"column":13}},"52":{"start":{"line":104,"column":16},"end":{"line":104,"column":43}},"53":{"start":{"line":105,"column":16},"end":{"line":105,"column":27}},"54":{"start":{"line":107,"column":12},"end":{"line":114,"column":13}},"55":{"start":{"line":108,"column":16},"end":{"line":108,"column":43}},"56":{"start":{"line":109,"column":16},"end":{"line":111,"column":17}},"57":{"start":{"line":110,"column":20},"end":{"line":110,"column":44}},"58":{"start":{"line":112,"column":16},"end":{"line":112,"column":43}},"59":{"start":{"line":113,"column":16},"end":{"line":113,"column":41}},"60":{"start":{"line":116,"column":8},"end":{"line":116,"column":36}},"61":{"start":{"line":117,"column":8},"end":{"line":117,"column":23}},"62":{"start":{"line":120,"column":0},"end":{"line":120,"column":18}},"63":{"start":{"line":132,"column":8},"end":{"line":132,"column":25}},"64":{"start":{"line":133,"column":8},"end":{"line":133,"column":25}},"65":{"start":{"line":136,"column":0},"end":{"line":136,"column":22}}},"branchMap":{"1":{"line":38,"type":"if","locations":[{"start":{"line":38,"column":8},"end":{"line":38,"column":8}},{"start":{"line":38,"column":8},"end":{"line":38,"column":8}}]},"2":{"line":41,"type":"if","locations":[{"start":{"line":41,"column":8},"end":{"line":41,"column":8}},{"start":{"line":41,"column":8},"end":{"line":41,"column":8}}]},"3":{"line":44,"type":"if","locations":[{"start":{"line":44,"column":8},"end":{"line":44,"column":8}},{"start":{"line":44,"column":8},"end":{"line":44,"column":8}}]},"4":{"line":47,"type":"if","locations":[{"start":{"line":47,"column":8},"end":{"line":47,"column":8}},{"start":{"line":47,"column":8},"end":{"line":47,"column":8}}]},"5":{"line":47,"type":"binary-expr","locations":[{"start":{"line":47,"column":12},"end":{"line":47,"column":38}},{"start":{"line":47,"column":42},"end":{"line":47,"column":69}}]},"6":{"line":63,"type":"if","locations":[{"start":{"line":63,"column":8},"end":{"line":63,"column":8}},{"start":{"line":63,"column":8},"end":{"line":63,"column":8}}]},"7":{"line":71,"type":"if","locations":[{"start":{"line":71,"column":8},"end":{"line":71,"column":8}},{"start":{"line":71,"column":8},"end":{"line":71,"column":8}}]},"8":{"line":72,"type":"if","locations":[{"start":{"line":72,"column":12},"end":{"line":72,"column":12}},{"start":{"line":72,"column":12},"end":{"line":72,"column":12}}]},"9":{"line":83,"type":"if","locations":[{"start":{"line":83,"column":8},"end":{"line":83,"column":8}},{"start":{"line":83,"column":8},"end":{"line":83,"column":8}}]},"10":{"line":84,"type":"if","locations":[{"start":{"line":84,"column":12},"end":{"line":84,"column":12}},{"start":{"line":84,"column":12},"end":{"line":84,"column":12}}]},"11":{"line":91,"type":"if","locations":[{"start":{"line":91,"column":8},"end":{"line":91,"column":8}},{"start":{"line":91,"column":8},"end":{"line":91,"column":8}}]},"12":{"line":91,"type":"binary-expr","locations":[{"start":{"line":91,"column":12},"end":{"line":91,"column":23}},{"start":{"line":91,"column":28},"end":{"line":91,"column":49}},{"start":{"line":91,"column":53},"end":{"line":91,"column":96}}]},"13":{"line":92,"type":"if","locations":[{"start":{"line":92,"column":12},"end":{"line":92,"column":12}},{"start":{"line":92,"column":12},"end":{"line":92,"column":12}}]},"14":{"line":96,"type":"if","locations":[{"start":{"line":96,"column":17},"end":{"line":96,"column":17}},{"start":{"line":96,"column":17},"end":{"line":96,"column":17}}]},"15":{"line":96,"type":"binary-expr","locations":[{"start":{"line":96,"column":21},"end":{"line":96,"column":30}},{"start":{"line":96,"column":34},"end":{"line":96,"column":52}}]},"16":{"line":102,"type":"if","locations":[{"start":{"line":102,"column":8},"end":{"line":102,"column":8}},{"start":{"line":102,"column":8},"end":{"line":102,"column":8}}]},"17":{"line":102,"type":"binary-expr","locations":[{"start":{"line":102,"column":12},"end":{"line":102,"column":32}},{"start":{"line":102,"column":36},"end":{"line":102,"column":52}}]},"18":{"line":103,"type":"if","locations":[{"start":{"line":103,"column":12},"end":{"line":103,"column":12}},{"start":{"line":103,"column":12},"end":{"line":103,"column":12}}]},"19":{"line":109,"type":"if","locations":[{"start":{"line":109,"column":16},"end":{"line":109,"column":16}},{"start":{"line":109,"column":16},"end":{"line":109,"column":16}}]}},"l":{"2":1,"3":1,"4":1,"23":190,"29":190,"30":190,"38":59,"39":49,"41":59,"42":2,"44":59,"45":18,"47":59,"48":51,"49":52,"59":28,"60":28,"61":28,"62":28,"63":28,"64":4,"65":4,"67":28,"68":28,"69":28,"70":28,"71":28,"72":12,"73":10,"74":10,"76":12,"77":12,"78":12,"79":12,"80":12,"83":28,"84":3,"85":1,"86":1,"88":3,"89":3,"91":28,"92":7,"93":1,"94":1,"96":6,"97":2,"99":7,"100":7,"102":28,"103":10,"104":4,"105":4,"107":10,"108":12,"109":12,"110":10,"112":12,"113":12,"116":28,"117":28,"120":1,"132":132,"133":132,"136":1}},
"/Users/neil/extensions/php-docblock/out/src/completions.js":{"path":"/Users/neil/extensions/php-docblock/out/src/completions.js","s":{"1":1,"2":1,"3":1,"4":1,"5":3,"6":3,"7":9,"8":9,"9":9,"10":4,"11":4,"12":4,"13":4,"14":4,"15":4,"16":4,"17":4,"18":4,"19":5,"20":1,"21":4,"22":4,"23":132,"24":4,"25":4,"26":4,"27":4,"28":4,"29":4,"30":4,"31":1,"32":33,"33":1,"34":1,"35":1,"36":1,"37":4,"38":1},"b":{"1":[4,5],"2":[1,4],"3":[1,3],"4":[1,32]},"f":{"1":3,"2":9,"3":4},"fnMap":{"1":{"name":"(anonymous_1)","line":10,"loc":{"start":{"line":10,"column":15},"end":{"line":10,"column":18}}},"2":{"name":"(anonymous_2)","line":166,"loc":{"start":{"line":166,"column":26},"end":{"line":166,"column":54}}},"3":{"name":"(anonymous_3)","line":200,"loc":{"start":{"line":200,"column":11},"end":{"line":200,"column":14}}}},"statementMap":{"1":{"start":{"line":2,"column":0},"end":{"line":2,"column":62}},"2":{"start":{"line":3,"column":0},"end":{"line":3,"column":35}},"3":{"start":{"line":4,"column":0},"end":{"line":4,"column":45}},"4":{"start":{"line":5,"column":0},"end":{"line":5,"column":42}},"5":{"start":{"line":16,"column":8},"end":{"line":149,"column":10}},"6":{"start":{"line":155,"column":8},"end":{"line":155,"column":31}},"7":{"start":{"line":167,"column":8},"end":{"line":167,"column":24}},"8":{"start":{"line":168,"column":8},"end":{"line":168,"column":18}},"9":{"start":{"line":169,"column":8},"end":{"line":179,"column":9}},"10":{"start":{"line":170,"column":12},"end":{"line":170,"column":95}},"11":{"start":{"line":171,"column":12},"end":{"line":171,"column":96}},"12":{"start":{"line":172,"column":12},"end":{"line":172,"column":44}},"13":{"start":{"line":173,"column":12},"end":{"line":173,"column":89}},"14":{"start":{"line":174,"column":12},"end":{"line":174,"column":81}},"15":{"start":{"line":175,"column":12},"end":{"line":175,"column":32}},"16":{"start":{"line":176,"column":12},"end":{"line":176,"column":65}},"17":{"start":{"line":177,"column":12},"end":{"line":177,"column":31}},"18":{"start":{"line":178,"column":12},"end":{"line":178,"column":26}},"19":{"start":{"line":180,"column":8},"end":{"line":182,"column":9}},"20":{"start":{"line":181,"column":12},"end":{"line":181,"column":26}},"21":{"start":{"line":183,"column":8},"end":{"line":183,"column":45}},"22":{"start":{"line":184,"column":8},"end":{"line":186,"column":11}},"23":{"start":{"line":185,"column":12},"end":{"line":185,"column":50}},"24":{"start":{"line":187,"column":8},"end":{"line":192,"column":11}},"25":{"start":{"line":188,"column":12},"end":{"line":188,"column":97}},"26":{"start":{"line":189,"column":12},"end":{"line":189,"column":31}},"27":{"start":{"line":190,"column":12},"end":{"line":190,"column":70}},"28":{"start":{"line":191,"column":12},"end":{"line":191,"column":30}},"29":{"start":{"line":193,"column":8},"end":{"line":193,"column":22}},"30":{"start":{"line":201,"column":8},"end":{"line":210,"column":9}},"31":{"start":{"line":202,"column":12},"end":{"line":208,"column":15}},"32":{"start":{"line":203,"column":16},"end":{"line":207,"column":17}},"33":{"start":{"line":204,"column":20},"end":{"line":204,"column":112}},"34":{"start":{"line":205,"column":20},"end":{"line":205,"column":114}},"35":{"start":{"line":206,"column":20},"end":{"line":206,"column":43}},"36":{"start":{"line":209,"column":12},"end":{"line":209,"column":34}},"37":{"start":{"line":211,"column":8},"end":{"line":211,"column":25}},"38":{"start":{"line":214,"column":0},"end":{"line":214,"column":30}}},"branchMap":{"1":{"line":169,"type":"if","locations":[{"start":{"line":169,"column":8},"end":{"line":169,"column":8}},{"start":{"line":169,"column":8},"end":{"line":169,"column":8}}]},"2":{"line":180,"type":"if","locations":[{"start":{"line":180,"column":8},"end":{"line":180,"column":8}},{"start":{"line":180,"column":8},"end":{"line":180,"column":8}}]},"3":{"line":201,"type":"if","locations":[{"start":{"line":201,"column":8},"end":{"line":201,"column":8}},{"start":{"line":201,"column":8},"end":{"line":201,"column":8}}]},"4":{"line":203,"type":"if","locations":[{"start":{"line":203,"column":16},"end":{"line":203,"column":16}},{"start":{"line":203,"column":16},"end":{"line":203,"column":16}}]}},"l":{"2":1,"3":1,"4":1,"5":1,"16":3,"155":3,"167":9,"168":9,"169":9,"170":4,"171":4,"172":4,"173":4,"174":4,"175":4,"176":4,"177":4,"178":4,"180":5,"181":1,"183":4,"184":4,"185":132,"187":4,"188":4,"189":4,"190":4,"191":4,"193":4,"201":4,"202":1,"203":33,"204":1,"205":1,"206":1,"209":1,"211":4,"214":1}},
"/Users/neil/extensions/php-docblock/out/src/documenter.js":{"path":"/Users/neil/extensions/php-docblock/out/src/documenter.js","s":{"1":1,"2":1,"3":1,"4":1,"5":1,"6":6,"7":6,"8":6,"9":6,"10":6,"11":1,"12":5,"13":5,"14":1,"15":4,"16":4,"17":2,"18":2,"19":2,"20":2,"21":1},"b":{"1":[1,5],"2":[1,4],"3":[2,2]},"f":{"1":6,"2":6},"fnMap":{"1":{"name":"(anonymous_1)","line":18,"loc":{"start":{"line":18,"column":15},"end":{"line":18,"column":31}}},"2":{"name":"(anonymous_2)","line":29,"loc":{"start":{"line":29,"column":16},"end":{"line":29,"column":19}}}},"statementMap":{"1":{"start":{"line":2,"column":0},"end":{"line":2,"column":62}},"2":{"start":{"line":3,"column":0},"end":{"line":3,"column":47}},"3":{"start":{"line":4,"column":0},"end":{"line":4,"column":47}},"4":{"start":{"line":5,"column":0},"end":{"line":5,"column":41}},"5":{"start":{"line":6,"column":0},"end":{"line":6,"column":31}},"6":{"start":{"line":19,"column":8},"end":{"line":19,"column":42}},"7":{"start":{"line":20,"column":8},"end":{"line":20,"column":43}},"8":{"start":{"line":21,"column":8},"end":{"line":21,"column":29}},"9":{"start":{"line":30,"column":8},"end":{"line":30,"column":76}},"10":{"start":{"line":31,"column":8},"end":{"line":33,"column":9}},"11":{"start":{"line":32,"column":12},"end":{"line":32,"column":32}},"12":{"start":{"line":34,"column":8},"end":{"line":34,"column":76}},"13":{"start":{"line":35,"column":8},"end":{"line":37,"column":9}},"14":{"start":{"line":36,"column":12},"end":{"line":36,"column":32}},"15":{"start":{"line":38,"column":8},"end":{"line":38,"column":72}},"16":{"start":{"line":39,"column":8},"end":{"line":41,"column":9}},"17":{"start":{"line":40,"column":12},"end":{"line":40,"column":31}},"18":{"start":{"line":42,"column":8},"end":{"line":42,"column":34}},"19":{"start":{"line":43,"column":8},"end":{"line":43,"column":25}},"20":{"start":{"line":44,"column":8},"end":{"line":44,"column":19}},"21":{"start":{"line":47,"column":0},"end":{"line":47,"column":29}}},"branchMap":{"1":{"line":31,"type":"if","locations":[{"start":{"line":31,"column":8},"end":{"line":31,"column":8}},{"start":{"line":31,"column":8},"end":{"line":31,"column":8}}]},"2":{"line":35,"type":"if","locations":[{"start":{"line":35,"column":8},"end":{"line":35,"column":8}},{"start":{"line":35,"column":8},"end":{"line":35,"column":8}}]},"3":{"line":39,"type":"if","locations":[{"start":{"line":39,"column":8},"end":{"line":39,"column":8}},{"start":{"line":39,"column":8},"end":{"line":39,"column":8}}]}},"l":{"2":1,"3":1,"4":1,"5":1,"6":1,"19":6,"20":6,"21":6,"30":6,"31":6,"32":1,"34":5,"35":5,"36":1,"38":4,"39":4,"40":2,"42":2,"43":2,"44":2,"47":1}},
"/Users/neil/extensions/php-docblock/out/src/block/function.js":{"path":"/Users/neil/extensions/php-docblock/out/src/block/function.js","s":{"1":1,"2":1,"3":1,"4":1,"5":1,"6":124,"7":124,"8":79,"9":79,"10":79,"11":79,"12":79,"13":36,"14":36,"15":5,"16":36,"17":80,"18":80,"19":80,"20":80,"21":32,"22":80,"23":6,"24":74,"25":26,"26":48,"27":18,"28":80,"29":79,"30":79,"31":18,"32":4,"33":18,"34":61,"35":79,"36":61,"37":6,"38":55,"39":8,"40":2,"41":4,"42":2,"43":39,"44":1},"b":{"1":[36,43],"2":[5,31],"3":[32,48],"4":[6,74],"5":[80,32],"6":[26,48],"7":[18,30],"8":[48,48],"9":[18,61],"10":[4,14],"11":[2,16],"12":[6,55],"13":[2,2,4,6,8,2,2,4,2]},"f":{"1":124,"2":79,"3":61},"fnMap":{"1":{"name":"(anonymous_1)","line":15,"loc":{"start":{"line":15,"column":15},"end":{"line":15,"column":18}}},"2":{"name":"(anonymous_2)","line":25,"loc":{"start":{"line":25,"column":9},"end":{"line":25,"column":12}}},"3":{"name":"(anonymous_3)","line":76,"loc":{"start":{"line":76,"column":21},"end":{"line":76,"column":28}}}},"statementMap":{"1":{"start":{"line":2,"column":0},"end":{"line":2,"column":62}},"2":{"start":{"line":3,"column":0},"end":{"line":3,"column":36}},"3":{"start":{"line":4,"column":0},"end":{"line":4,"column":32}},"4":{"start":{"line":5,"column":0},"end":{"line":5,"column":47}},"5":{"start":{"line":6,"column":0},"end":{"line":6,"column":43}},"6":{"start":{"line":16,"column":8},"end":{"line":16,"column":28}},"7":{"start":{"line":20,"column":8},"end":{"line":20,"column":113}},"8":{"start":{"line":26,"column":8},"end":{"line":26,"column":34}},"9":{"start":{"line":27,"column":8},"end":{"line":27,"column":57}},"10":{"start":{"line":28,"column":8},"end":{"line":28,"column":62}},"11":{"start":{"line":29,"column":8},"end":{"line":29,"column":17}},"12":{"start":{"line":30,"column":8},"end":{"line":53,"column":9}},"13":{"start":{"line":31,"column":12},"end":{"line":31,"column":44}},"14":{"start":{"line":32,"column":12},"end":{"line":34,"column":13}},"15":{"start":{"line":33,"column":16},"end":{"line":33,"column":43}},"16":{"start":{"line":35,"column":12},"end":{"line":52,"column":13}},"17":{"start":{"line":36,"column":16},"end":{"line":36,"column":38}},"18":{"start":{"line":37,"column":16},"end":{"line":37,"column":123}},"19":{"start":{"line":38,"column":16},"end":{"line":38,"column":36}},"20":{"start":{"line":39,"column":16},"end":{"line":41,"column":17}},"21":{"start":{"line":40,"column":20},"end":{"line":40,"column":97}},"22":{"start":{"line":42,"column":16},"end":{"line":50,"column":17}},"23":{"start":{"line":43,"column":20},"end":{"line":43,"column":98}},"24":{"start":{"line":45,"column":21},"end":{"line":50,"column":17}},"25":{"start":{"line":46,"column":20},"end":{"line":46,"column":88}},"26":{"start":{"line":48,"column":21},"end":{"line":50,"column":17}},"27":{"start":{"line":49,"column":20},"end":{"line":49,"column":111}},"28":{"start":{"line":51,"column":16},"end":{"line":51,"column":65}},"29":{"start":{"line":54,"column":8},"end":{"line":54,"column":88}},"30":{"start":{"line":55,"column":8},"end":{"line":65,"column":9}},"31":{"start":{"line":56,"column":12},"end":{"line":58,"column":13}},"32":{"start":{"line":57,"column":16},"end":{"line":57,"column":118}},"33":{"start":{"line":59,"column":12},"end":{"line":61,"column":84}},"34":{"start":{"line":64,"column":12},"end":{"line":64,"column":59}},"35":{"start":{"line":66,"column":8},"end":{"line":66,"column":19}},"36":{"start":{"line":77,"column":8},"end":{"line":79,"column":9}},"37":{"start":{"line":78,"column":12},"end":{"line":78,"column":78}},"38":{"start":{"line":80,"column":8},"end":{"line":94,"column":9}},"39":{"start":{"line":86,"column":16},"end":{"line":86,"column":28}},"40":{"start":{"line":88,"column":16},"end":{"line":88,"column":82}},"41":{"start":{"line":91,"column":16},"end":{"line":91,"column":31}},"42":{"start":{"line":93,"column":16},"end":{"line":93,"column":32}},"43":{"start":{"line":95,"column":8},"end":{"line":95,"column":22}},"44":{"start":{"line":98,"column":0},"end":{"line":98,"column":32}}},"branchMap":{"1":{"line":30,"type":"if","locations":[{"start":{"line":30,"column":8},"end":{"line":30,"column":8}},{"start":{"line":30,"column":8},"end":{"line":30,"column":8}}]},"2":{"line":32,"type":"if","locations":[{"start":{"line":32,"column":12},"end":{"line":32,"column":12}},{"start":{"line":32,"column":12},"end":{"line":32,"column":12}}]},"3":{"line":39,"type":"if","locations":[{"start":{"line":39,"column":16},"end":{"line":39,"column":16}},{"start":{"line":39,"column":16},"end":{"line":39,"column":16}}]},"4":{"line":42,"type":"if","locations":[{"start":{"line":42,"column":16},"end":{"line":42,"column":16}},{"start":{"line":42,"column":16},"end":{"line":42,"column":16}}]},"5":{"line":42,"type":"binary-expr","locations":[{"start":{"line":42,"column":20},"end":{"line":42,"column":36}},{"start":{"line":42,"column":40},"end":{"line":42,"column":56}}]},"6":{"line":45,"type":"if","locations":[{"start":{"line":45,"column":21},"end":{"line":45,"column":21}},{"start":{"line":45,"column":21},"end":{"line":45,"column":21}}]},"7":{"line":48,"type":"if","locations":[{"start":{"line":48,"column":21},"end":{"line":48,"column":21}},{"start":{"line":48,"column":21},"end":{"line":48,"column":21}}]},"8":{"line":48,"type":"binary-expr","locations":[{"start":{"line":48,"column":25},"end":{"line":48,"column":41}},{"start":{"line":48,"column":45},"end":{"line":48,"column":59}}]},"9":{"line":55,"type":"if","locations":[{"start":{"line":55,"column":8},"end":{"line":55,"column":8}},{"start":{"line":55,"column":8},"end":{"line":55,"column":8}}]},"10":{"line":56,"type":"if","locations":[{"start":{"line":56,"column":12},"end":{"line":56,"column":12}},{"start":{"line":56,"column":12},"end":{"line":56,"column":12}}]},"11":{"line":59,"type":"cond-expr","locations":[{"start":{"line":60,"column":18},"end":{"line":60,"column":93}},{"start":{"line":61,"column":18},"end":{"line":61,"column":83}}]},"12":{"line":77,"type":"if","locations":[{"start":{"line":77,"column":8},"end":{"line":77,"column":8}},{"start":{"line":77,"column":8},"end":{"line":77,"column":8}}]},"13":{"line":80,"type":"switch","locations":[{"start":{"line":81,"column":12},"end":{"line":81,"column":31}},{"start":{"line":82,"column":12},"end":{"line":82,"column":30}},{"start":{"line":83,"column":12},"end":{"line":83,"column":25}},{"start":{"line":84,"column":12},"end":{"line":84,"column":27}},{"start":{"line":85,"column":12},"end":{"line":86,"column":28}},{"start":{"line":87,"column":12},"end":{"line":88,"column":82}},{"start":{"line":89,"column":12},"end":{"line":89,"column":27}},{"start":{"line":90,"column":12},"end":{"line":91,"column":31}},{"start":{"line":92,"column":12},"end":{"line":93,"column":32}}]}},"l":{"2":1,"3":1,"4":1,"5":1,"6":1,"16":124,"20":124,"26":79,"27":79,"28":79,"29":79,"30":79,"31":36,"32":36,"33":5,"35":36,"36":80,"37":80,"38":80,"39":80,"40":32,"42":80,"43":6,"45":74,"46":26,"48":48,"49":18,"51":80,"54":79,"55":79,"56":18,"57":4,"59":18,"64":61,"66":79,"77":61,"78":6,"80":55,"86":8,"88":2,"91":4,"93":2,"95":39,"98":1}},
"/Users/neil/extensions/php-docblock/out/src/block/property.js":{"path":"/Users/neil/extensions/php-docblock/out/src/block/property.js","s":{"1":1,"2":1,"3":1,"4":50,"5":50,"6":31,"7":31,"8":31,"9":22,"10":9,"11":31,"12":1},"b":{"1":[22,9]},"f":{"1":50,"2":31},"fnMap":{"1":{"name":"(anonymous_1)","line":9,"loc":{"start":{"line":9,"column":15},"end":{"line":9,"column":18}}},"2":{"name":"(anonymous_2)","line":19,"loc":{"start":{"line":19,"column":9},"end":{"line":19,"column":12}}}},"statementMap":{"1":{"start":{"line":2,"column":0},"end":{"line":2,"column":62}},"2":{"start":{"line":3,"column":0},"end":{"line":3,"column":36}},"3":{"start":{"line":4,"column":0},"end":{"line":4,"column":32}},"4":{"start":{"line":10,"column":8},"end":{"line":10,"column":28}},"5":{"start":{"line":14,"column":8},"end":{"line":14,"column":117}},"6":{"start":{"line":20,"column":8},"end":{"line":20,"column":34}},"7":{"start":{"line":21,"column":8},"end":{"line":21,"column":57}},"8":{"start":{"line":22,"column":8},"end":{"line":27,"column":9}},"9":{"start":{"line":23,"column":12},"end":{"line":23,"column":55}},"10":{"start":{"line":26,"column":12},"end":{"line":26,"column":31}},"11":{"start":{"line":28,"column":8},"end":{"line":28,"column":19}},"12":{"start":{"line":31,"column":0},"end":{"line":31,"column":27}}},"branchMap":{"1":{"line":22,"type":"if","locations":[{"start":{"line":22,"column":8},"end":{"line":22,"column":8}},{"start":{"line":22,"column":8},"end":{"line":22,"column":8}}]}},"l":{"2":1,"3":1,"4":1,"10":50,"14":50,"20":31,"21":31,"22":31,"23":22,"26":9,"28":31,"31":1}},
"/Users/neil/extensions/php-docblock/out/src/doc/parser.js":{"path":"/Users/neil/extensions/php-docblock/out/src/doc/parser.js","s":{"1":1,"2":1,"3":2,"4":2,"5":8,"6":2,"7":2,"8":2,"9":2,"10":2,"11":2,"12":4,"13":2,"14":2,"15":1},"b":{"1":[2,0],"2":[2,0]},"f":{"1":2},"fnMap":{"1":{"name":"(anonymous_1)","line":9,"loc":{"start":{"line":9,"column":9},"end":{"line":9,"column":16}}}},"statementMap":{"1":{"start":{"line":2,"column":0},"end":{"line":2,"column":62}},"2":{"start":{"line":3,"column":0},"end":{"line":3,"column":32}},"3":{"start":{"line":10,"column":8},"end":{"line":10,"column":37}},"4":{"start":{"line":11,"column":8},"end":{"line":13,"column":11}},"5":{"start":{"line":12,"column":12},"end":{"line":12,"column":71}},"6":{"start":{"line":14,"column":8},"end":{"line":16,"column":9}},"7":{"start":{"line":15,"column":12},"end":{"line":15,"column":26}},"8":{"start":{"line":17,"column":8},"end":{"line":19,"column":9}},"9":{"start":{"line":18,"column":12},"end":{"line":18,"column":24}},"10":{"start":{"line":20,"column":8},"end":{"line":20,"column":34}},"11":{"start":{"line":21,"column":8},"end":{"line":23,"column":9}},"12":{"start":{"line":22,"column":12},"end":{"line":22,"column":37}},"13":{"start":{"line":24,"column":8},"end":{"line":24,"column":32}},"14":{"start":{"line":25,"column":8},"end":{"line":25,"column":19}},"15":{"start":{"line":28,"column":0},"end":{"line":28,"column":28}}},"branchMap":{"1":{"line":14,"type":"if","locations":[{"start":{"line":14,"column":8},"end":{"line":14,"column":8}},{"start":{"line":14,"column":8},"end":{"line":14,"column":8}}]},"2":{"line":17,"type":"if","locations":[{"start":{"line":17,"column":8},"end":{"line":17,"column":8}},{"start":{"line":17,"column":8},"end":{"line":17,"column":8}}]}},"l":{"2":1,"3":1,"10":2,"11":2,"12":8,"14":2,"15":2,"17":2,"18":2,"20":2,"21":2,"22":4,"24":2,"25":2,"28":1}},
"/Users/neil/extensions/php-docblock/out/src/doc/selector.js":{"path":"/Users/neil/extensions/php-docblock/out/src/doc/selector.js","s":{"1":1,"2":1,"3":3,"4":37,"5":37,"6":37,"7":11,"8":11,"9":26,"10":26,"11":37,"12":37,"13":2,"14":35,"15":60,"16":2,"17":58,"18":33,"19":33,"20":33,"21":2,"22":33,"23":88,"24":2,"25":86,"26":31,"27":31,"28":192,"29":174,"30":125,"31":1},"b":{"1":[11,26],"2":[2,35],"3":[37,22,2],"4":[2,58],"5":[60,60,2],"6":[2,31],"7":[33,24,2],"8":[2,86],"9":[88,86,11]},"f":{"1":3,"2":37,"3":192,"4":174,"5":125},"fnMap":{"1":{"name":"(anonymous_1)","line":13,"loc":{"start":{"line":13,"column":15},"end":{"line":13,"column":24}}},"2":{"name":"(anonymous_2)","line":16,"loc":{"start":{"line":16,"column":8},"end":{"line":16,"column":19}}},"3":{"name":"(anonymous_3)","line":57,"loc":{"start":{"line":57,"column":12},"end":{"line":57,"column":19}}},"4":{"name":"(anonymous_4)","line":66,"loc":{"start":{"line":66,"column":11},"end":{"line":66,"column":18}}},"5":{"name":"(anonymous_5)","line":75,"loc":{"start":{"line":75,"column":9},"end":{"line":75,"column":16}}}},"statementMap":{"1":{"start":{"line":2,"column":0},"end":{"line":2,"column":62}},"2":{"start":{"line":3,"column":0},"end":{"line":3,"column":35}},"3":{"start":{"line":14,"column":8},"end":{"line":14,"column":29}},"4":{"start":{"line":17,"column":8},"end":{"line":17,"column":18}},"5":{"start":{"line":18,"column":8},"end":{"line":18,"column":16}},"6":{"start":{"line":19,"column":8},"end":{"line":26,"column":9}},"7":{"start":{"line":20,"column":12},"end":{"line":20,"column":35}},"8":{"start":{"line":21,"column":12},"end":{"line":21,"column":31}},"9":{"start":{"line":24,"column":12},"end":{"line":24,"column":29}},"10":{"start":{"line":25,"column":12},"end":{"line":25,"column":27}},"11":{"start":{"line":27,"column":8},"end":{"line":27,"column":59}},"12":{"start":{"line":28,"column":8},"end":{"line":30,"column":9}},"13":{"start":{"line":29,"column":12},"end":{"line":29,"column":61}},"14":{"start":{"line":31,"column":8},"end":{"line":36,"column":9}},"15":{"start":{"line":32,"column":12},"end":{"line":34,"column":13}},"16":{"start":{"line":33,"column":16},"end":{"line":33,"column":65}},"17":{"start":{"line":35,"column":12},"end":{"line":35,"column":68}},"18":{"start":{"line":37,"column":8},"end":{"line":37,"column":94}},"19":{"start":{"line":38,"column":8},"end":{"line":38,"column":53}},"20":{"start":{"line":39,"column":8},"end":{"line":41,"column":9}},"21":{"start":{"line":40,"column":12},"end":{"line":40,"column":59}},"22":{"start":{"line":42,"column":8},"end":{"line":47,"column":9}},"23":{"start":{"line":43,"column":12},"end":{"line":45,"column":13}},"24":{"start":{"line":44,"column":16},"end":{"line":44,"column":63}},"25":{"start":{"line":46,"column":12},"end":{"line":46,"column":68}},"26":{"start":{"line":48,"column":8},"end":{"line":48,"column":29}},"27":{"start":{"line":49,"column":8},"end":{"line":49,"column":46}},"28":{"start":{"line":58,"column":8},"end":{"line":58,"column":47}},"29":{"start":{"line":67,"column":8},"end":{"line":67,"column":52}},"30":{"start":{"line":76,"column":8},"end":{"line":76,"column":49}},"31":{"start":{"line":79,"column":0},"end":{"line":79,"column":30}}},"branchMap":{"1":{"line":19,"type":"if","locations":[{"start":{"line":19,"column":8},"end":{"line":19,"column":8}},{"start":{"line":19,"column":8},"end":{"line":19,"column":8}}]},"2":{"line":28,"type":"if","locations":[{"start":{"line":28,"column":8},"end":{"line":28,"column":8}},{"start":{"line":28,"column":8},"end":{"line":28,"column":8}}]},"3":{"line":28,"type":"binary-expr","locations":[{"start":{"line":28,"column":12},"end":{"line":28,"column":31}},{"start":{"line":28,"column":35},"end":{"line":28,"column":55}},{"start":{"line":28,"column":59},"end":{"line":28,"column":76}}]},"4":{"line":32,"type":"if","locations":[{"start":{"line":32,"column":12},"end":{"line":32,"column":12}},{"start":{"line":32,"column":12},"end":{"line":32,"column":12}}]},"5":{"line":32,"type":"binary-expr","locations":[{"start":{"line":32,"column":16},"end":{"line":32,"column":36}},{"start":{"line":32,"column":41},"end":{"line":32,"column":61}},{"start":{"line":32,"column":65},"end":{"line":32,"column":82}}]},"6":{"line":39,"type":"if","locations":[{"start":{"line":39,"column":8},"end":{"line":39,"column":8}},{"start":{"line":39,"column":8},"end":{"line":39,"column":8}}]},"7":{"line":39,"type":"binary-expr","locations":[{"start":{"line":39,"column":12},"end":{"line":39,"column":31}},{"start":{"line":39,"column":35},"end":{"line":39,"column":55}},{"start":{"line":39,"column":59},"end":{"line":39,"column":76}}]},"8":{"line":43,"type":"if","locations":[{"start":{"line":43,"column":12},"end":{"line":43,"column":12}},{"start":{"line":43,"column":12},"end":{"line":43,"column":12}}]},"9":{"line":43,"type":"binary-expr","locations":[{"start":{"line":43,"column":16},"end":{"line":43,"column":69}},{"start":{"line":43,"column":74},"end":{"line":43,"column":94}},{"start":{"line":43,"column":98},"end":{"line":43,"column":117}}]}},"l":{"2":1,"3":1,"14":3,"17":37,"18":37,"19":37,"20":11,"21":11,"24":26,"25":26,"27":37,"28":37,"29":2,"31":35,"32":60,"33":2,"35":58,"37":33,"38":33,"39":33,"40":2,"42":33,"43":88,"44":2,"46":86,"48":31,"49":31,"58":192,"67":174,"76":125,"79":1}},
"/Users/neil/extensions/php-docblock/out/src/extension.js":{"path":"/Users/neil/extensions/php-docblock/out/src/extension.js","s":{"1":1,"2":1,"3":1,"4":1,"5":1,"6":1,"7":1,"8":1,"9":2,"10":1,"11":2,"12":1,"13":1,"14":1,"15":1,"16":1,"17":1,"18":1,"19":1,"20":1,"21":1,"22":1,"23":1,"24":1,"25":1,"26":1,"27":1,"28":1,"29":1,"30":1,"31":1},"b":{"1":[1,1]},"f":{"1":1,"2":0},"fnMap":{"1":{"name":"activate","line":13,"loc":{"start":{"line":13,"column":0},"end":{"line":13,"column":27}}},"2":{"name":"deactivate","line":66,"loc":{"start":{"line":66,"column":0},"end":{"line":66,"column":22}}}},"statementMap":{"1":{"start":{"line":2,"column":0},"end":{"line":2,"column":62}},"2":{"start":{"line":3,"column":0},"end":{"line":3,"column":35}},"3":{"start":{"line":4,"column":0},"end":{"line":4,"column":47}},"4":{"start":{"line":5,"column":0},"end":{"line":5,"column":45}},"5":{"start":{"line":6,"column":0},"end":{"line":6,"column":45}},"6":{"start":{"line":7,"column":0},"end":{"line":7,"column":41}},"7":{"start":{"line":13,"column":0},"end":{"line":61,"column":1}},"8":{"start":{"line":14,"column":4},"end":{"line":41,"column":7}},"9":{"start":{"line":15,"column":8},"end":{"line":39,"column":9}},"10":{"start":{"line":16,"column":12},"end":{"line":38,"column":15}},"11":{"start":{"line":40,"column":8},"end":{"line":40,"column":103}},"12":{"start":{"line":42,"column":4},"end":{"line":48,"column":7}},"13":{"start":{"line":43,"column":8},"end":{"line":43,"column":110}},"14":{"start":{"line":44,"column":8},"end":{"line":44,"column":93}},"15":{"start":{"line":45,"column":8},"end":{"line":45,"column":69}},"16":{"start":{"line":46,"column":8},"end":{"line":46,"column":44}},"17":{"start":{"line":47,"column":8},"end":{"line":47,"column":46}},"18":{"start":{"line":49,"column":4},"end":{"line":60,"column":7}},"19":{"start":{"line":50,"column":8},"end":{"line":50,"column":110}},"20":{"start":{"line":51,"column":8},"end":{"line":51,"column":93}},"21":{"start":{"line":52,"column":8},"end":{"line":52,"column":58}},"22":{"start":{"line":53,"column":8},"end":{"line":53,"column":44}},"23":{"start":{"line":54,"column":8},"end":{"line":54,"column":57}},"24":{"start":{"line":55,"column":8},"end":{"line":55,"column":44}},"25":{"start":{"line":56,"column":8},"end":{"line":56,"column":45}},"26":{"start":{"line":57,"column":8},"end":{"line":57,"column":110}},"27":{"start":{"line":58,"column":8},"end":{"line":58,"column":44}},"28":{"start":{"line":59,"column":8},"end":{"line":59,"column":46}},"29":{"start":{"line":62,"column":0},"end":{"line":62,"column":28}},"30":{"start":{"line":66,"column":0},"end":{"line":67,"column":1}},"31":{"start":{"line":68,"column":0},"end":{"line":68,"column":32}}},"branchMap":{"1":{"line":15,"type":"if","locations":[{"start":{"line":15,"column":8},"end":{"line":15,"column":8}},{"start":{"line":15,"column":8},"end":{"line":15,"column":8}}]}},"l":{"2":1,"3":1,"4":1,"5":1,"6":1,"7":1,"13":1,"14":1,"15":2,"16":1,"40":2,"42":1,"43":1,"44":1,"45":1,"46":1,"47":1,"49":1,"50":1,"51":1,"52":1,"53":1,"54":1,"55":1,"56":1,"57":1,"58":1,"59":1,"62":1,"66":1,"68":1}}}
