TN:
SF:Users/neil/extensions/php-docblock/src/util/config.ts
FN:7,(anonymous_1)
FN:35,(anonymous_2)
FN:48,(anonymous_3)
FN:56,(anonymous_4)
FN:76,(anonymous_5)
FN:86,(anonymous_6)
FNF:6
FNH:6
FNDA:1,(anonymous_1)
FNDA:435,(anonymous_2)
FNDA:65,(anonymous_3)
FNDA:68,(anonymous_4)
FNDA:65,(anonymous_5)
FNDA:237,(anonymous_6)
DA:1,1
DA:2,1
DA:7,1
DA:28,1
DA:36,435
DA:37,1
DA:38,1
DA:40,435
DA:50,65
DA:58,68
DA:59,65
DA:60,65
DA:61,65
DA:62,65
DA:63,455
DA:64,455
DA:67,65
DA:78,65
DA:88,237
DA:89,24
DA:92,213
LF:21
LH:21
BRDA:36,1,0,1
BRDA:36,1,1,434
BRDA:58,2,0,65
BRDA:58,2,1,3
BRDA:88,3,0,24
BRDA:88,3,1,213
BRF:6
BRH:6
end_of_record
TN:
SF:Users/neil/extensions/php-docblock/src/block/class.ts
FN:7,(anonymous_1)
FN:17,(anonymous_2)
FNF:2
FNH:2
FNDA:30,(anonymous_1)
FNDA:15,(anonymous_2)
DA:1,1
DA:2,1
DA:7,1
DA:12,30
DA:19,15
DA:20,15
DA:22,15
LF:7
LH:7
BRF:0
BRH:0
end_of_record
TN:
SF:Users/neil/extensions/php-docblock/src/block.ts
FN:63,(anonymous_1)
FN:77,(anonymous_2)
FN:87,(anonymous_3)
FN:99,(anonymous_4)
FN:113,(anonymous_5)
FN:142,(anonymous_6)
FN:168,(anonymous_7)
FN:188,(anonymous_8)
FNF:8
FNH:8
FNDA:204,(anonymous_1)
FNDA:82,(anonymous_2)
FNDA:125,(anonymous_3)
FNDA:204,(anonymous_4)
FNDA:204,(anonymous_5)
FNDA:79,(anonymous_6)
FNDA:10,(anonymous_7)
FNDA:40,(anonymous_8)
DA:1,1
DA:3,1
DA:12,1
DA:48,204
DA:65,204
DA:66,204
DA:67,204
DA:79,82
DA:89,125
DA:101,204
DA:115,204
DA:116,204
DA:118,204
DA:119,204
DA:120,7
DA:123,197
DA:124,197
DA:125,211
DA:126,211
DA:128,197
DA:129,197
DA:131,197
DA:144,79
DA:145,79
DA:146,79
DA:147,79
DA:148,1439
DA:149,1439
DA:150,79
DA:151,79
DA:152,1360
DA:153,2
DA:154,1358
DA:155,2
DA:157,1360
DA:160,79
DA:170,10
DA:171,8
DA:172,8
DA:173,8
DA:174,8
DA:175,8
DA:176,8
DA:179,10
DA:190,40
DA:193,40
DA:194,8
DA:198,32
DA:199,4
DA:203,28
DA:204,4
DA:208,24
DA:209,10
DA:213,14
DA:214,12
DA:217,2
LF:56
LH:56
BRDA:119,1,0,7
BRDA:119,1,1,197
BRDA:149,2,0,79
BRDA:149,2,1,1360
BRDA:149,3,0,1439
BRDA:149,3,1,81
BRDA:152,4,0,2
BRDA:152,4,1,1358
BRDA:154,5,0,2
BRDA:154,5,1,1356
BRDA:170,6,0,8
BRDA:170,6,1,2
BRDA:193,7,0,8
BRDA:193,7,1,32
BRDA:198,8,0,4
BRDA:198,8,1,28
BRDA:203,9,0,4
BRDA:203,9,1,24
BRDA:208,10,0,10
BRDA:208,10,1,14
BRDA:213,11,0,12
BRDA:213,11,1,2
BRF:22
BRH:22
end_of_record
TN:
SF:Users/neil/extensions/php-docblock/src/util/TypeUtil.ts
FN:20,(anonymous_1)
FN:32,(anonymous_2)
FN:61,(anonymous_3)
FNF:3
FNH:3
FNDA:124,(anonymous_1)
FNDA:40,(anonymous_2)
FNDA:93,(anonymous_3)
DA:2,1
DA:7,1
DA:21,124
DA:34,40
DA:35,28
DA:38,12
DA:39,12
DA:41,12
DA:42,3
DA:43,2
DA:46,3
DA:47,1
DA:50,2
DA:53,9
DA:62,93
DA:65,26
DA:66,23
DA:68,3
DA:71,20
DA:72,13
DA:74,7
DA:76,47
LF:22
LH:22
BRDA:21,1,0,124
BRDA:21,1,1,1
BRDA:34,2,0,28
BRDA:34,2,1,12
BRDA:41,3,0,3
BRDA:41,3,1,9
BRDA:41,4,0,12
BRDA:41,4,1,3
BRDA:42,5,0,2
BRDA:42,5,1,1
BRDA:46,6,0,1
BRDA:46,6,1,2
BRDA:63,7,0,22
BRDA:63,7,1,26
BRDA:63,7,2,18
BRDA:63,7,3,20
BRDA:63,7,4,47
BRDA:65,8,0,23
BRDA:65,8,1,3
BRDA:71,9,0,13
BRDA:71,9,1,7
BRF:21
BRH:21
end_of_record
TN:
SF:Users/neil/extensions/php-docblock/src/doc.ts
FN:52,(anonymous_1)
FN:62,(anonymous_2)
FN:85,(anonymous_3)
FN:182,(anonymous_4)
FNF:4
FNH:4
FNDA:190,(anonymous_1)
FNDA:59,(anonymous_2)
FNDA:28,(anonymous_3)
FNDA:132,(anonymous_4)
DA:1,1
DA:2,1
DA:10,1
DA:17,190
DA:45,190
DA:54,190
DA:64,59
DA:65,49
DA:67,59
DA:68,2
DA:70,59
DA:71,18
DA:73,59
DA:74,51
DA:75,52
DA:87,28
DA:88,28
DA:89,28
DA:90,28
DA:92,28
DA:93,4
DA:94,4
DA:97,28
DA:99,28
DA:100,28
DA:101,28
DA:103,28
DA:104,12
DA:105,10
DA:106,10
DA:108,12
DA:109,12
DA:110,12
DA:111,12
DA:112,12
DA:116,28
DA:117,3
DA:118,1
DA:119,1
DA:121,3
DA:122,3
DA:125,28
DA:126,7
DA:127,1
DA:128,1
DA:129,6
DA:130,2
DA:132,7
DA:133,7
DA:136,28
DA:137,10
DA:138,4
DA:139,4
DA:141,10
DA:142,12
DA:143,12
DA:144,10
DA:146,12
DA:147,12
DA:151,28
DA:153,28
DA:160,1
DA:184,132
DA:185,132
LF:64
LH:64
BRDA:64,1,0,49
BRDA:64,1,1,10
BRDA:67,2,0,2
BRDA:67,2,1,57
BRDA:70,3,0,18
BRDA:70,3,1,41
BRDA:73,4,0,51
BRDA:73,4,1,8
BRDA:73,5,0,59
BRDA:73,5,1,51
BRDA:92,6,0,4
BRDA:92,6,1,24
BRDA:103,7,0,12
BRDA:103,7,1,16
BRDA:104,8,0,10
BRDA:104,8,1,2
BRDA:116,9,0,3
BRDA:116,9,1,25
BRDA:117,10,0,1
BRDA:117,10,1,2
BRDA:125,11,0,7
BRDA:125,11,1,21
BRDA:125,12,0,28
BRDA:125,12,1,11
BRDA:125,12,2,11
BRDA:126,13,0,1
BRDA:126,13,1,6
BRDA:129,14,0,2
BRDA:129,14,1,4
BRDA:129,15,0,6
BRDA:129,15,1,2
BRDA:136,16,0,10
BRDA:136,16,1,18
BRDA:136,17,0,28
BRDA:136,17,1,28
BRDA:137,18,0,4
BRDA:137,18,1,6
BRDA:143,19,0,10
BRDA:143,19,1,2
BRF:39
BRH:39
end_of_record
TN:
SF:Users/neil/extensions/php-docblock/src/completions.ts
FN:8,(anonymous_1)
FN:166,(anonymous_2)
FN:211,(anonymous_3)
FNF:3
FNH:3
FNDA:3,(anonymous_1)
FNDA:9,(anonymous_2)
FNDA:4,(anonymous_3)
DA:1,1
DA:2,1
DA:3,1
DA:8,1
DA:15,3
DA:155,3
DA:168,9
DA:169,9
DA:171,9
DA:172,4
DA:174,4
DA:175,4
DA:176,4
DA:177,4
DA:178,4
DA:179,4
DA:180,4
DA:182,4
DA:185,5
DA:186,1
DA:189,4
DA:191,4
DA:192,132
DA:195,4
DA:196,4
DA:197,4
DA:198,4
DA:200,4
DA:203,4
DA:213,4
DA:214,1
DA:215,33
DA:216,1
DA:217,1
DA:218,1
DA:222,1
DA:225,4
LF:37
LH:37
BRDA:171,1,0,4
BRDA:171,1,1,5
BRDA:185,2,0,1
BRDA:185,2,1,4
BRDA:213,3,0,1
BRDA:213,3,1,3
BRDA:215,4,0,1
BRDA:215,4,1,32
BRF:8
BRH:8
end_of_record
TN:
SF:Users/neil/extensions/php-docblock/src/documenter.ts
FN:40,(anonymous_1)
FN:53,(anonymous_2)
FNF:2
FNH:2
FNDA:6,(anonymous_1)
FNDA:6,(anonymous_2)
DA:2,1
DA:3,1
DA:4,1
DA:5,1
DA:11,1
DA:42,6
DA:43,6
DA:44,6
DA:55,6
DA:56,6
DA:57,1
DA:60,5
DA:61,5
DA:62,1
DA:65,4
DA:66,4
DA:67,2
DA:70,2
DA:71,2
DA:73,2
LF:20
LH:20
BRDA:56,1,0,1
BRDA:56,1,1,5
BRDA:61,2,0,1
BRDA:61,2,1,4
BRDA:66,3,0,2
BRDA:66,3,1,2
BRF:6
BRH:6
end_of_record
TN:
SF:Users/neil/extensions/php-docblock/src/block/function.ts
FN:14,(anonymous_1)
FN:24,(anonymous_2)
FN:86,(anonymous_3)
FNF:3
FNH:3
FNDA:124,(anonymous_1)
FNDA:79,(anonymous_2)
FNDA:61,(anonymous_3)
DA:1,1
DA:2,1
DA:3,1
DA:5,1
DA:14,1
DA:19,124
DA:26,79
DA:28,79
DA:29,79
DA:30,79
DA:33,79
DA:34,36
DA:36,36
DA:37,5
DA:40,36
DA:41,80
DA:42,80
DA:43,80
DA:45,80
DA:46,32
DA:49,80
DA:50,6
DA:51,74
DA:52,26
DA:53,48
DA:54,18
DA:57,80
DA:61,79
DA:63,79
DA:64,18
DA:65,4
DA:68,18
DA:72,61
DA:75,79
DA:88,61
DA:89,6
DA:92,55
DA:98,8
DA:100,2
DA:103,4
DA:105,2
DA:108,39
LF:42
LH:42
BRDA:33,1,0,36
BRDA:33,1,1,43
BRDA:36,2,0,5
BRDA:36,2,1,31
BRDA:45,3,0,32
BRDA:45,3,1,48
BRDA:49,4,0,6
BRDA:49,4,1,74
BRDA:49,5,0,80
BRDA:49,5,1,32
BRDA:51,6,0,26
BRDA:51,6,1,48
BRDA:53,7,0,18
BRDA:53,7,1,30
BRDA:53,8,0,48
BRDA:53,8,1,48
BRDA:63,9,0,18
BRDA:63,9,1,61
BRDA:64,10,0,4
BRDA:64,10,1,14
BRDA:69,11,0,2
BRDA:69,11,1,16
BRDA:88,12,0,6
BRDA:88,12,1,55
BRDA:93,13,0,2
BRDA:93,13,1,2
BRDA:93,13,2,4
BRDA:93,13,3,6
BRDA:93,13,4,8
BRDA:93,13,5,2
BRDA:93,13,6,2
BRDA:93,13,7,4
BRDA:93,13,8,2
BRF:33
BRH:33
end_of_record
TN:
SF:Users/neil/extensions/php-docblock/src/block/property.ts
FN:7,(anonymous_1)
FN:18,(anonymous_2)
FNF:2
FNH:2
FNDA:50,(anonymous_1)
FNDA:31,(anonymous_2)
DA:1,1
DA:2,1
DA:7,1
DA:13,50
DA:20,31
DA:22,31
DA:24,31
DA:25,22
DA:27,9
DA:30,31
LF:10
LH:10
BRDA:24,1,0,22
BRDA:24,1,1,9
BRF:2
BRH:2
end_of_record
TN:
SF:Users/neil/extensions/php-docblock/src/doc/parser.ts
FN:9,(anonymous_1)
FNF:1
FNH:1
FNDA:2,(anonymous_1)
DA:1,1
DA:7,1
DA:11,2
DA:12,2
DA:13,8
DA:16,2
DA:17,2
DA:20,2
DA:21,2
DA:24,2
DA:26,2
DA:27,4
DA:30,2
DA:32,2
LF:14
LH:14
BRDA:16,1,0,2
BRDA:16,1,1,0
BRDA:20,2,0,2
BRDA:20,2,1,0
BRF:4
BRH:2
end_of_record
TN:
SF:Users/neil/extensions/php-docblock/src/doc/selector.ts
FN:20,(anonymous_1)
FN:33,(anonymous_2)
FN:82,(anonymous_3)
FN:93,(anonymous_4)
FN:104,(anonymous_5)
FNF:5
FNH:5
FNDA:3,(anonymous_1)
FNDA:37,(anonymous_2)
FNDA:192,(anonymous_3)
FNDA:174,(anonymous_4)
FNDA:125,(anonymous_5)
DA:1,1
DA:6,1
DA:22,3
DA:35,37
DA:36,37
DA:37,37
DA:38,11
DA:39,11
DA:41,26
DA:42,26
DA:45,37
DA:46,37
DA:47,2
DA:50,35
DA:51,60
DA:52,2
DA:54,58
DA:57,33
DA:59,33
DA:60,33
DA:61,2
DA:64,33
DA:65,88
DA:66,2
DA:68,86
DA:71,31
DA:73,31
DA:84,192
DA:95,174
DA:106,125
LF:30
LH:30
BRDA:37,1,0,11
BRDA:37,1,1,26
BRDA:46,2,0,2
BRDA:46,2,1,35
BRDA:46,3,0,37
BRDA:46,3,1,22
BRDA:46,3,2,2
BRDA:51,4,0,2
BRDA:51,4,1,58
BRDA:51,5,0,60
BRDA:51,5,1,60
BRDA:51,5,2,2
BRDA:60,6,0,2
BRDA:60,6,1,31
BRDA:60,7,0,33
BRDA:60,7,1,24
BRDA:60,7,2,2
BRDA:65,8,0,2
BRDA:65,8,1,86
BRDA:65,9,0,88
BRDA:65,9,1,86
BRDA:65,9,2,11
BRF:22
BRH:22
end_of_record
TN:
SF:Users/neil/extensions/php-docblock/src/extension.ts
FN:13,activate
FN:74,deactivate
FNF:2
FNH:1
FNDA:1,activate
FNDA:0,deactivate
DA:1,1
DA:2,1
DA:3,1
DA:5,1
DA:6,1
DA:13,2
DA:15,1
DA:16,2
DA:17,1
DA:42,2
DA:45,1
DA:46,1
DA:47,1
DA:48,1
DA:49,1
DA:50,1
DA:53,1
DA:54,1
DA:55,1
DA:57,1
DA:58,1
DA:60,1
DA:61,1
DA:62,1
DA:64,1
DA:65,1
DA:67,1
DA:74,2
LF:28
LH:28
BRDA:16,1,0,1
BRDA:16,1,1,1
BRF:2
BRH:2
end_of_record
