{"/Users/orta/dev/projects/vscode/vscode-jest/src/JestExt.ts": {"path":"/Users/orta/dev/projects/vscode/vscode-jest/src/JestExt.ts","statementMap":{"0":{"start":{"line":2,"column":0},"end":{"line":2,"column":62}},"1":{"start":{"line":3,"column":15},"end":{"line":3,"column":32}},"2":{"start":{"line":4,"column":13},"end":{"line":4,"column":28}},"3":{"start":{"line":5,"column":11},"end":{"line":5,"column":24}},"4":{"start":{"line":6,"column":30},"end":{"line":6,"column":60}},"5":{"start":{"line":7,"column":21},"end":{"line":7,"column":42}},"6":{"start":{"line":8,"column":20},"end":{"line":8,"column":44}},"7":{"start":{"line":9,"column":15},"end":{"line":9,"column":37}},"8":{"start":{"line":10,"column":22},"end":{"line":10,"column":46}},"9":{"start":{"line":11,"column":18},"end":{"line":11,"column":38}},"10":{"start":{"line":12,"column":13},"end":{"line":12,"column":26}},"11":{"start":{"line":13,"column":19},"end":{"line":13,"column":40}},"12":{"start":{"line":14,"column":22},"end":{"line":14,"column":46}},"13":{"start":{"line":15,"column":24},"end":{"line":15,"column":50}},"14":{"start":{"line":16,"column":17},"end":{"line":16,"column":36}},"15":{"start":{"line":17,"column":26},"end":{"line":17,"column":63}},"16":{"start":{"line":18,"column":32},"end":{"line":18,"column":66}},"17":{"start":{"line":21,"column":8},"end":{"line":21,"column":37}},"18":{"start":{"line":22,"column":8},"end":{"line":56,"column":10}},"19":{"start":{"line":23,"column":28},"end":{"line":23,"column":73}},"20":{"start":{"line":24,"column":12},"end":{"line":24,"column":46}},"21":{"start":{"line":25,"column":28},"end":{"line":25,"column":55}},"22":{"start":{"line":26,"column":12},"end":{"line":29,"column":13}},"23":{"start":{"line":27,"column":16},"end":{"line":27,"column":62}},"24":{"start":{"line":28,"column":16},"end":{"line":28,"column":23}},"25":{"start":{"line":30,"column":38},"end":{"line":30,"column":77}},"26":{"start":{"line":31,"column":25},"end":{"line":31,"column":90}},"27":{"start":{"line":32,"column":12},"end":{"line":34,"column":13}},"28":{"start":{"line":33,"column":16},"end":{"line":33,"column":72}},"29":{"start":{"line":35,"column":25},"end":{"line":35,"column":66}},"30":{"start":{"line":36,"column":34},"end":{"line":48,"column":13}},"31":{"start":{"line":49,"column":27},"end":{"line":54,"column":14}},"32":{"start":{"line":50,"column":16},"end":{"line":50,"column":33}},"33":{"start":{"line":51,"column":16},"end":{"line":53,"column":17}},"34":{"start":{"line":52,"column":20},"end":{"line":52,"column":40}},"35":{"start":{"line":55,"column":12},"end":{"line":55,"column":93}},"36":{"start":{"line":57,"column":8},"end":{"line":57,"column":35}},"37":{"start":{"line":58,"column":8},"end":{"line":58,"column":37}},"38":{"start":{"line":59,"column":8},"end":{"line":59,"column":45}},"39":{"start":{"line":60,"column":8},"end":{"line":60,"column":83}},"40":{"start":{"line":61,"column":8},"end":{"line":61,"column":37}},"41":{"start":{"line":62,"column":8},"end":{"line":62,"column":74}},"42":{"start":{"line":63,"column":8},"end":{"line":63,"column":45}},"43":{"start":{"line":64,"column":8},"end":{"line":64,"column":72}},"44":{"start":{"line":65,"column":8},"end":{"line":65,"column":130}},"45":{"start":{"line":66,"column":8},"end":{"line":66,"column":73}},"46":{"start":{"line":67,"column":8},"end":{"line":67,"column":135}},"47":{"start":{"line":68,"column":8},"end":{"line":71,"column":11}},"48":{"start":{"line":72,"column":8},"end":{"line":72,"column":27}},"49":{"start":{"line":74,"column":8},"end":{"line":74,"column":31}},"50":{"start":{"line":76,"column":8},"end":{"line":76,"column":30}},"51":{"start":{"line":78,"column":8},"end":{"line":78,"column":61}},"52":{"start":{"line":80,"column":8},"end":{"line":85,"column":9}},"53":{"start":{"line":81,"column":12},"end":{"line":81,"column":32}},"54":{"start":{"line":84,"column":12},"end":{"line":84,"column":83}},"55":{"start":{"line":88,"column":24},"end":{"line":88,"column":40}},"56":{"start":{"line":89,"column":8},"end":{"line":91,"column":9}},"57":{"start":{"line":90,"column":12},"end":{"line":90,"column":19}},"58":{"start":{"line":95,"column":8},"end":{"line":99,"column":9}},"59":{"start":{"line":96,"column":12},"end":{"line":96,"column":42}},"60":{"start":{"line":97,"column":12},"end":{"line":97,"column":41}},"61":{"start":{"line":98,"column":12},"end":{"line":98,"column":33}},"62":{"start":{"line":101,"column":23},"end":{"line":101,"column":121}},"63":{"start":{"line":102,"column":8},"end":{"line":104,"column":9}},"64":{"start":{"line":103,"column":12},"end":{"line":103,"column":42}},"65":{"start":{"line":105,"column":8},"end":{"line":105,"column":40}},"66":{"start":{"line":108,"column":8},"end":{"line":126,"column":11}},"67":{"start":{"line":110,"column":12},"end":{"line":110,"column":38}},"68":{"start":{"line":113,"column":12},"end":{"line":115,"column":13}},"69":{"start":{"line":114,"column":16},"end":{"line":114,"column":48}},"70":{"start":{"line":117,"column":69},"end":{"line":117,"column":93}},"71":{"start":{"line":119,"column":12},"end":{"line":119,"column":95}},"72":{"start":{"line":122,"column":12},"end":{"line":122,"column":97}},"73":{"start":{"line":125,"column":12},"end":{"line":125,"column":68}},"74":{"start":{"line":129,"column":8},"end":{"line":131,"column":9}},"75":{"start":{"line":130,"column":12},"end":{"line":130,"column":19}},"76":{"start":{"line":132,"column":8},"end":{"line":134,"column":9}},"77":{"start":{"line":133,"column":12},"end":{"line":133,"column":43}},"78":{"start":{"line":135,"column":8},"end":{"line":152,"column":11}},"79":{"start":{"line":139,"column":16},"end":{"line":150,"column":17}},"80":{"start":{"line":140,"column":20},"end":{"line":140,"column":62}},"81":{"start":{"line":141,"column":20},"end":{"line":141,"column":96}},"82":{"start":{"line":142,"column":20},"end":{"line":142,"column":58}},"83":{"start":{"line":143,"column":20},"end":{"line":143,"column":58}},"84":{"start":{"line":146,"column":20},"end":{"line":146,"column":37}},"85":{"start":{"line":147,"column":20},"end":{"line":149,"column":21}},"86":{"start":{"line":148,"column":24},"end":{"line":148,"column":163}},"87":{"start":{"line":153,"column":8},"end":{"line":153,"column":46}},"88":{"start":{"line":156,"column":8},"end":{"line":156,"column":48}},"89":{"start":{"line":157,"column":8},"end":{"line":157,"column":42}},"90":{"start":{"line":158,"column":8},"end":{"line":158,"column":25}},"91":{"start":{"line":161,"column":8},"end":{"line":166,"column":11}},"92":{"start":{"line":162,"column":12},"end":{"line":164,"column":13}},"93":{"start":{"line":163,"column":16},"end":{"line":163,"column":162}},"94":{"start":{"line":165,"column":12},"end":{"line":165,"column":68}},"95":{"start":{"line":169,"column":8},"end":{"line":174,"column":9}},"96":{"start":{"line":170,"column":12},"end":{"line":170,"column":51}},"97":{"start":{"line":173,"column":12},"end":{"line":173,"column":121}},"98":{"start":{"line":177,"column":8},"end":{"line":179,"column":9}},"99":{"start":{"line":178,"column":12},"end":{"line":178,"column":19}},"100":{"start":{"line":180,"column":8},"end":{"line":197,"column":11}},"101":{"start":{"line":184,"column":12},"end":{"line":196,"column":13}},"102":{"start":{"line":185,"column":16},"end":{"line":195,"column":19}},"103":{"start":{"line":186,"column":20},"end":{"line":194,"column":21}},"104":{"start":{"line":187,"column":24},"end":{"line":189,"column":27}},"105":{"start":{"line":188,"column":28},"end":{"line":188,"column":48}},"106":{"start":{"line":190,"column":24},"end":{"line":190,"column":102}},"107":{"start":{"line":193,"column":24},"end":{"line":193,"column":119}},"108":{"start":{"line":200,"column":8},"end":{"line":200,"column":52}},"109":{"start":{"line":201,"column":8},"end":{"line":203,"column":9}},"110":{"start":{"line":202,"column":12},"end":{"line":202,"column":19}},"111":{"start":{"line":205,"column":8},"end":{"line":205,"column":36}},"112":{"start":{"line":206,"column":8},"end":{"line":206,"column":41}},"113":{"start":{"line":207,"column":8},"end":{"line":207,"column":37}},"114":{"start":{"line":210,"column":8},"end":{"line":210,"column":46}},"115":{"start":{"line":211,"column":8},"end":{"line":211,"column":59}},"116":{"start":{"line":212,"column":8},"end":{"line":212,"column":74}},"117":{"start":{"line":213,"column":8},"end":{"line":213,"column":78}},"118":{"start":{"line":214,"column":8},"end":{"line":214,"column":79}},"119":{"start":{"line":215,"column":8},"end":{"line":215,"column":74}},"120":{"start":{"line":216,"column":8},"end":{"line":216,"column":76}},"121":{"start":{"line":217,"column":8},"end":{"line":217,"column":27}},"122":{"start":{"line":218,"column":8},"end":{"line":220,"column":16}},"123":{"start":{"line":219,"column":12},"end":{"line":219,"column":32}},"124":{"start":{"line":223,"column":25},"end":{"line":223,"column":49}},"125":{"start":{"line":224,"column":28},"end":{"line":224,"column":78}},"126":{"start":{"line":226,"column":25},"end":{"line":231,"column":9}},"127":{"start":{"line":232,"column":8},"end":{"line":235,"column":11}},"128":{"start":{"line":233,"column":31},"end":{"line":233,"column":84}},"129":{"start":{"line":234,"column":12},"end":{"line":234,"column":68}},"130":{"start":{"line":237,"column":8},"end":{"line":237,"column":47}},"131":{"start":{"line":239,"column":8},"end":{"line":239,"column":48}},"132":{"start":{"line":240,"column":8},"end":{"line":246,"column":9}},"133":{"start":{"line":241,"column":29},"end":{"line":241,"column":53}},"134":{"start":{"line":242,"column":12},"end":{"line":245,"column":15}},"135":{"start":{"line":243,"column":45},"end":{"line":243,"column":91}},"136":{"start":{"line":244,"column":16},"end":{"line":244,"column":58}},"137":{"start":{"line":249,"column":8},"end":{"line":252,"column":9}},"138":{"start":{"line":250,"column":12},"end":{"line":250,"column":75}},"139":{"start":{"line":251,"column":12},"end":{"line":251,"column":19}},"140":{"start":{"line":253,"column":8},"end":{"line":255,"column":9}},"141":{"start":{"line":254,"column":12},"end":{"line":254,"column":19}},"142":{"start":{"line":256,"column":8},"end":{"line":258,"column":11}},"143":{"start":{"line":257,"column":12},"end":{"line":257,"column":30}},"144":{"start":{"line":259,"column":8},"end":{"line":259,"column":71}},"145":{"start":{"line":262,"column":29},"end":{"line":262,"column":67}},"146":{"start":{"line":263,"column":26},"end":{"line":266,"column":9}},"147":{"start":{"line":269,"column":22},"end":{"line":269,"column":69}},"148":{"start":{"line":270,"column":8},"end":{"line":270,"column":62}},"149":{"start":{"line":271,"column":8},"end":{"line":271,"column":36}},"150":{"start":{"line":274,"column":30},"end":{"line":274,"column":37}},"151":{"start":{"line":275,"column":8},"end":{"line":277,"column":9}},"152":{"start":{"line":276,"column":12},"end":{"line":276,"column":25}},"153":{"start":{"line":278,"column":27},"end":{"line":278,"column":43}},"154":{"start":{"line":279,"column":8},"end":{"line":281,"column":9}},"155":{"start":{"line":280,"column":12},"end":{"line":280,"column":25}},"156":{"start":{"line":282,"column":8},"end":{"line":284,"column":9}},"157":{"start":{"line":283,"column":12},"end":{"line":283,"column":25}},"158":{"start":{"line":285,"column":28},"end":{"line":285,"column":69}},"159":{"start":{"line":286,"column":8},"end":{"line":286,"column":27}},"160":{"start":{"line":289,"column":25},"end":{"line":289,"column":35}},"161":{"start":{"line":290,"column":22},"end":{"line":290,"column":58}},"162":{"start":{"line":291,"column":8},"end":{"line":295,"column":9}},"163":{"start":{"line":292,"column":29},"end":{"line":292,"column":89}},"164":{"start":{"line":292,"column":47},"end":{"line":292,"column":88}},"165":{"start":{"line":293,"column":28},"end":{"line":293,"column":71}},"166":{"start":{"line":293,"column":53},"end":{"line":293,"column":70}},"167":{"start":{"line":294,"column":12},"end":{"line":294,"column":27}},"168":{"start":{"line":296,"column":21},"end":{"line":296,"column":49}},"169":{"start":{"line":297,"column":23},"end":{"line":297,"column":68}},"170":{"start":{"line":299,"column":8},"end":{"line":301,"column":9}},"171":{"start":{"line":300,"column":12},"end":{"line":300,"column":52}},"172":{"start":{"line":302,"column":26},"end":{"line":302,"column":74}},"173":{"start":{"line":303,"column":24},"end":{"line":303,"column":49}},"174":{"start":{"line":304,"column":8},"end":{"line":304,"column":45}},"175":{"start":{"line":307,"column":8},"end":{"line":307,"column":25}},"176":{"start":{"line":310,"column":8},"end":{"line":310,"column":58}},"177":{"start":{"line":311,"column":8},"end":{"line":311,"column":58}},"178":{"start":{"line":312,"column":8},"end":{"line":312,"column":52}},"179":{"start":{"line":313,"column":8},"end":{"line":313,"column":57}},"180":{"start":{"line":317,"column":8},"end":{"line":317,"column":44}},"181":{"start":{"line":320,"column":8},"end":{"line":320,"column":29}},"182":{"start":{"line":321,"column":8},"end":{"line":321,"column":48}},"183":{"start":{"line":324,"column":31},"end":{"line":324,"column":90}},"184":{"start":{"line":325,"column":8},"end":{"line":325,"column":68}},"185":{"start":{"line":326,"column":27},"end":{"line":326,"column":84}},"186":{"start":{"line":327,"column":8},"end":{"line":327,"column":74}},"187":{"start":{"line":328,"column":32},"end":{"line":328,"column":84}},"188":{"start":{"line":329,"column":8},"end":{"line":334,"column":9}},"189":{"start":{"line":330,"column":12},"end":{"line":330,"column":29}},"190":{"start":{"line":333,"column":12},"end":{"line":333,"column":102}},"191":{"start":{"line":335,"column":8},"end":{"line":337,"column":9}},"192":{"start":{"line":336,"column":12},"end":{"line":336,"column":50}},"193":{"start":{"line":338,"column":8},"end":{"line":338,"column":37}},"194":{"start":{"line":341,"column":29},"end":{"line":346,"column":9}},"195":{"start":{"line":347,"column":8},"end":{"line":363,"column":11}},"196":{"start":{"line":348,"column":12},"end":{"line":362,"column":14}},"197":{"start":{"line":366,"column":8},"end":{"line":366,"column":42}},"198":{"start":{"line":369,"column":18},"end":{"line":369,"column":20}},"199":{"start":{"line":370,"column":28},"end":{"line":370,"column":80}},"200":{"start":{"line":371,"column":8},"end":{"line":377,"column":9}},"201":{"start":{"line":372,"column":29},"end":{"line":372,"column":67}},"202":{"start":{"line":373,"column":36},"end":{"line":373,"column":56}},"203":{"start":{"line":374,"column":12},"end":{"line":376,"column":13}},"204":{"start":{"line":375,"column":16},"end":{"line":375,"column":59}},"205":{"start":{"line":378,"column":8},"end":{"line":378,"column":21}},"206":{"start":{"line":384,"column":19},"end":{"line":384,"column":44}},"207":{"start":{"line":385,"column":8},"end":{"line":387,"column":9}},"208":{"start":{"line":386,"column":12},"end":{"line":386,"column":62}},"209":{"start":{"line":388,"column":25},"end":{"line":388,"column":44}},"210":{"start":{"line":389,"column":8},"end":{"line":449,"column":9}},"211":{"start":{"line":391,"column":16},"end":{"line":391,"column":28}},"212":{"start":{"line":404,"column":29},"end":{"line":404,"column":73}},"213":{"start":{"line":405,"column":30},"end":{"line":405,"column":73}},"214":{"start":{"line":406,"column":16},"end":{"line":406,"column":63}},"215":{"start":{"line":428,"column":30},"end":{"line":428,"column":71}},"216":{"start":{"line":429,"column":16},"end":{"line":441,"column":17}},"217":{"start":{"line":431,"column":24},"end":{"line":431,"column":36}},"218":{"start":{"line":434,"column":37},"end":{"line":434,"column":45}},"219":{"start":{"line":435,"column":38},"end":{"line":435,"column":85}},"220":{"start":{"line":436,"column":24},"end":{"line":438,"column":25}},"221":{"start":{"line":437,"column":28},"end":{"line":437,"column":75}},"222":{"start":{"line":439,"column":24},"end":{"line":439,"column":30}},"223":{"start":{"line":442,"column":16},"end":{"line":442,"column":22}},"224":{"start":{"line":446,"column":16},"end":{"line":446,"column":125}},"225":{"start":{"line":447,"column":16},"end":{"line":447,"column":33}},"226":{"start":{"line":450,"column":8},"end":{"line":450,"column":68}},"227":{"start":{"line":451,"column":8},"end":{"line":451,"column":25}},"228":{"start":{"line":454,"column":8},"end":{"line":454,"column":47}},"229":{"start":{"line":455,"column":8},"end":{"line":455,"column":51}},"230":{"start":{"line":458,"column":8},"end":{"line":460,"column":9}},"231":{"start":{"line":459,"column":12},"end":{"line":459,"column":19}},"232":{"start":{"line":461,"column":25},"end":{"line":461,"column":42}},"233":{"start":{"line":462,"column":8},"end":{"line":462,"column":62}},"234":{"start":{"line":465,"column":8},"end":{"line":467,"column":9}},"235":{"start":{"line":466,"column":12},"end":{"line":466,"column":19}},"236":{"start":{"line":468,"column":8},"end":{"line":468,"column":66}},"237":{"start":{"line":471,"column":8},"end":{"line":473,"column":9}},"238":{"start":{"line":472,"column":12},"end":{"line":472,"column":19}},"239":{"start":{"line":474,"column":8},"end":{"line":474,"column":46}},"240":{"start":{"line":482,"column":8},"end":{"line":484,"column":9}},"241":{"start":{"line":483,"column":12},"end":{"line":483,"column":19}},"242":{"start":{"line":485,"column":8},"end":{"line":487,"column":9}},"243":{"start":{"line":486,"column":12},"end":{"line":486,"column":19}},"244":{"start":{"line":489,"column":8},"end":{"line":491,"column":9}},"245":{"start":{"line":490,"column":12},"end":{"line":490,"column":19}},"246":{"start":{"line":492,"column":8},"end":{"line":492,"column":53}},"247":{"start":{"line":493,"column":8},"end":{"line":497,"column":9}},"248":{"start":{"line":494,"column":12},"end":{"line":496,"column":13}},"249":{"start":{"line":495,"column":16},"end":{"line":495,"column":54}},"250":{"start":{"line":500,"column":8},"end":{"line":500,"column":48}},"251":{"start":{"line":503,"column":0},"end":{"line":503,"column":26}}},"fnMap":{"0":{"name":"(anonymous_0)","decl":{"start":{"line":20,"column":4},"end":{"line":20,"column":5}},"loc":{"start":{"line":20,"column":58},"end":{"line":86,"column":5}},"line":20},"1":{"name":"(anonymous_1)","decl":{"start":{"line":22,"column":23},"end":{"line":22,"column":24}},"loc":{"start":{"line":22,"column":49},"end":{"line":56,"column":9}},"line":22},"2":{"name":"(anonymous_2)","decl":{"start":{"line":49,"column":67},"end":{"line":49,"column":68}},"loc":{"start":{"line":49,"column":72},"end":{"line":54,"column":13}},"line":49},"3":{"name":"(anonymous_3)","decl":{"start":{"line":87,"column":4},"end":{"line":87,"column":5}},"loc":{"start":{"line":87,"column":24},"end":{"line":106,"column":5}},"line":87},"4":{"name":"(anonymous_4)","decl":{"start":{"line":107,"column":4},"end":{"line":107,"column":5}},"loc":{"start":{"line":107,"column":32},"end":{"line":127,"column":5}},"line":107},"5":{"name":"(anonymous_5)","decl":{"start":{"line":109,"column":56},"end":{"line":109,"column":57}},"loc":{"start":{"line":109,"column":66},"end":{"line":111,"column":9}},"line":109},"6":{"name":"(anonymous_6)","decl":{"start":{"line":112,"column":58},"end":{"line":112,"column":59}},"loc":{"start":{"line":112,"column":70},"end":{"line":116,"column":9}},"line":112},"7":{"name":"(anonymous_7)","decl":{"start":{"line":117,"column":58},"end":{"line":117,"column":59}},"loc":{"start":{"line":117,"column":69},"end":{"line":117,"column":93}},"line":117},"8":{"name":"(anonymous_8)","decl":{"start":{"line":118,"column":58},"end":{"line":118,"column":59}},"loc":{"start":{"line":118,"column":69},"end":{"line":120,"column":9}},"line":118},"9":{"name":"(anonymous_9)","decl":{"start":{"line":121,"column":51},"end":{"line":121,"column":52}},"loc":{"start":{"line":121,"column":61},"end":{"line":123,"column":9}},"line":121},"10":{"name":"(anonymous_10)","decl":{"start":{"line":124,"column":55},"end":{"line":124,"column":56}},"loc":{"start":{"line":124,"column":66},"end":{"line":126,"column":9}},"line":124},"11":{"name":"(anonymous_11)","decl":{"start":{"line":128,"column":4},"end":{"line":128,"column":5}},"loc":{"start":{"line":128,"column":19},"end":{"line":154,"column":5}},"line":128},"12":{"name":"(anonymous_12)","decl":{"start":{"line":138,"column":26},"end":{"line":138,"column":27}},"loc":{"start":{"line":138,"column":67},"end":{"line":151,"column":13}},"line":138},"13":{"name":"(anonymous_13)","decl":{"start":{"line":155,"column":4},"end":{"line":155,"column":5}},"loc":{"start":{"line":155,"column":18},"end":{"line":159,"column":5}},"line":155},"14":{"name":"(anonymous_14)","decl":{"start":{"line":160,"column":4},"end":{"line":160,"column":5}},"loc":{"start":{"line":160,"column":18},"end":{"line":175,"column":5}},"line":160},"15":{"name":"(anonymous_15)","decl":{"start":{"line":161,"column":28},"end":{"line":161,"column":29}},"loc":{"start":{"line":161,"column":48},"end":{"line":166,"column":9}},"line":161},"16":{"name":"(anonymous_16)","decl":{"start":{"line":170,"column":40},"end":{"line":170,"column":41}},"loc":{"start":{"line":170,"column":46},"end":{"line":170,"column":49}},"line":170},"17":{"name":"(anonymous_17)","decl":{"start":{"line":176,"column":4},"end":{"line":176,"column":5}},"loc":{"start":{"line":176,"column":29},"end":{"line":198,"column":5}},"line":176},"18":{"name":"(anonymous_18)","decl":{"start":{"line":182,"column":18},"end":{"line":182,"column":19}},"loc":{"start":{"line":182,"column":30},"end":{"line":197,"column":9}},"line":182},"19":{"name":"(anonymous_19)","decl":{"start":{"line":185,"column":63},"end":{"line":185,"column":64}},"loc":{"start":{"line":185,"column":69},"end":{"line":195,"column":17}},"line":185},"20":{"name":"(anonymous_20)","decl":{"start":{"line":187,"column":87},"end":{"line":187,"column":88}},"loc":{"start":{"line":187,"column":93},"end":{"line":189,"column":25}},"line":187},"21":{"name":"(anonymous_21)","decl":{"start":{"line":199,"column":4},"end":{"line":199,"column":5}},"loc":{"start":{"line":199,"column":37},"end":{"line":208,"column":5}},"line":199},"22":{"name":"(anonymous_22)","decl":{"start":{"line":209,"column":4},"end":{"line":209,"column":5}},"loc":{"start":{"line":209,"column":43},"end":{"line":221,"column":5}},"line":209},"23":{"name":"(anonymous_23)","decl":{"start":{"line":218,"column":19},"end":{"line":218,"column":20}},"loc":{"start":{"line":218,"column":25},"end":{"line":220,"column":9}},"line":218},"24":{"name":"(anonymous_24)","decl":{"start":{"line":222,"column":4},"end":{"line":222,"column":5}},"loc":{"start":{"line":222,"column":32},"end":{"line":247,"column":5}},"line":222},"25":{"name":"(anonymous_25)","decl":{"start":{"line":232,"column":25},"end":{"line":232,"column":26}},"loc":{"start":{"line":232,"column":34},"end":{"line":235,"column":9}},"line":232},"26":{"name":"(anonymous_26)","decl":{"start":{"line":242,"column":37},"end":{"line":242,"column":38}},"loc":{"start":{"line":242,"column":42},"end":{"line":245,"column":13}},"line":242},"27":{"name":"(anonymous_27)","decl":{"start":{"line":248,"column":4},"end":{"line":248,"column":5}},"loc":{"start":{"line":248,"column":39},"end":{"line":260,"column":5}},"line":248},"28":{"name":"(anonymous_28)","decl":{"start":{"line":256,"column":74},"end":{"line":256,"column":75}},"loc":{"start":{"line":256,"column":85},"end":{"line":258,"column":9}},"line":256},"29":{"name":"(anonymous_29)","decl":{"start":{"line":261,"column":4},"end":{"line":261,"column":5}},"loc":{"start":{"line":261,"column":49},"end":{"line":272,"column":5}},"line":261},"30":{"name":"(anonymous_30)","decl":{"start":{"line":273,"column":4},"end":{"line":273,"column":5}},"loc":{"start":{"line":273,"column":32},"end":{"line":287,"column":5}},"line":273},"31":{"name":"(anonymous_31)","decl":{"start":{"line":288,"column":4},"end":{"line":288,"column":5}},"loc":{"start":{"line":288,"column":25},"end":{"line":305,"column":5}},"line":288},"32":{"name":"(anonymous_32)","decl":{"start":{"line":292,"column":39},"end":{"line":292,"column":40}},"loc":{"start":{"line":292,"column":47},"end":{"line":292,"column":88}},"line":292},"33":{"name":"(anonymous_33)","decl":{"start":{"line":293,"column":42},"end":{"line":293,"column":43}},"loc":{"start":{"line":293,"column":53},"end":{"line":293,"column":70}},"line":293},"34":{"name":"(anonymous_34)","decl":{"start":{"line":306,"column":4},"end":{"line":306,"column":5}},"loc":{"start":{"line":306,"column":21},"end":{"line":308,"column":5}},"line":306},"35":{"name":"(anonymous_35)","decl":{"start":{"line":309,"column":4},"end":{"line":309,"column":5}},"loc":{"start":{"line":309,"column":22},"end":{"line":314,"column":5}},"line":309},"36":{"name":"(anonymous_36)","decl":{"start":{"line":315,"column":4},"end":{"line":315,"column":5}},"loc":{"start":{"line":315,"column":29},"end":{"line":318,"column":5}},"line":315},"37":{"name":"(anonymous_37)","decl":{"start":{"line":319,"column":4},"end":{"line":319,"column":5}},"loc":{"start":{"line":319,"column":30},"end":{"line":322,"column":5}},"line":319},"38":{"name":"(anonymous_38)","decl":{"start":{"line":323,"column":4},"end":{"line":323,"column":5}},"loc":{"start":{"line":323,"column":25},"end":{"line":339,"column":5}},"line":323},"39":{"name":"(anonymous_39)","decl":{"start":{"line":340,"column":4},"end":{"line":340,"column":5}},"loc":{"start":{"line":340,"column":43},"end":{"line":364,"column":5}},"line":340},"40":{"name":"(anonymous_40)","decl":{"start":{"line":347,"column":26},"end":{"line":347,"column":27}},"loc":{"start":{"line":347,"column":32},"end":{"line":363,"column":9}},"line":347},"41":{"name":"(anonymous_41)","decl":{"start":{"line":365,"column":4},"end":{"line":365,"column":5}},"loc":{"start":{"line":365,"column":17},"end":{"line":367,"column":5}},"line":365},"42":{"name":"(anonymous_42)","decl":{"start":{"line":368,"column":4},"end":{"line":368,"column":5}},"loc":{"start":{"line":368,"column":28},"end":{"line":379,"column":5}},"line":368},"43":{"name":"(anonymous_43)","decl":{"start":{"line":383,"column":4},"end":{"line":383,"column":5}},"loc":{"start":{"line":383,"column":27},"end":{"line":452,"column":5}},"line":383},"44":{"name":"(anonymous_44)","decl":{"start":{"line":453,"column":4},"end":{"line":453,"column":5}},"loc":{"start":{"line":453,"column":37},"end":{"line":456,"column":5}},"line":453},"45":{"name":"(anonymous_45)","decl":{"start":{"line":457,"column":4},"end":{"line":457,"column":5}},"loc":{"start":{"line":457,"column":38},"end":{"line":463,"column":5}},"line":457},"46":{"name":"(anonymous_46)","decl":{"start":{"line":464,"column":4},"end":{"line":464,"column":5}},"loc":{"start":{"line":464,"column":42},"end":{"line":469,"column":5}},"line":464},"47":{"name":"(anonymous_47)","decl":{"start":{"line":470,"column":4},"end":{"line":470,"column":5}},"loc":{"start":{"line":470,"column":40},"end":{"line":475,"column":5}},"line":470},"48":{"name":"(anonymous_48)","decl":{"start":{"line":481,"column":4},"end":{"line":481,"column":5}},"loc":{"start":{"line":481,"column":35},"end":{"line":498,"column":5}},"line":481},"49":{"name":"(anonymous_49)","decl":{"start":{"line":499,"column":4},"end":{"line":499,"column":5}},"loc":{"start":{"line":499,"column":28},"end":{"line":501,"column":5}},"line":499}},"branchMap":{"0":{"loc":{"start":{"line":26,"column":12},"end":{"line":29,"column":13}},"type":"if","locations":[{"start":{"line":26,"column":12},"end":{"line":29,"column":13}},{"start":{"line":26,"column":12},"end":{"line":29,"column":13}}],"line":26},"1":{"loc":{"start":{"line":32,"column":12},"end":{"line":34,"column":13}},"type":"if","locations":[{"start":{"line":32,"column":12},"end":{"line":34,"column":13}},{"start":{"line":32,"column":12},"end":{"line":34,"column":13}}],"line":32},"2":{"loc":{"start":{"line":51,"column":16},"end":{"line":53,"column":17}},"type":"if","locations":[{"start":{"line":51,"column":16},"end":{"line":53,"column":17}},{"start":{"line":51,"column":16},"end":{"line":53,"column":17}}],"line":51},"3":{"loc":{"start":{"line":80,"column":8},"end":{"line":85,"column":9}},"type":"if","locations":[{"start":{"line":80,"column":8},"end":{"line":85,"column":9}},{"start":{"line":80,"column":8},"end":{"line":85,"column":9}}],"line":80},"4":{"loc":{"start":{"line":89,"column":8},"end":{"line":91,"column":9}},"type":"if","locations":[{"start":{"line":89,"column":8},"end":{"line":91,"column":9}},{"start":{"line":89,"column":8},"end":{"line":91,"column":9}}],"line":89},"5":{"loc":{"start":{"line":95,"column":8},"end":{"line":99,"column":9}},"type":"if","locations":[{"start":{"line":95,"column":8},"end":{"line":99,"column":9}},{"start":{"line":95,"column":8},"end":{"line":99,"column":9}}],"line":95},"6":{"loc":{"start":{"line":102,"column":8},"end":{"line":104,"column":9}},"type":"if","locations":[{"start":{"line":102,"column":8},"end":{"line":104,"column":9}},{"start":{"line":102,"column":8},"end":{"line":104,"column":9}}],"line":102},"7":{"loc":{"start":{"line":113,"column":12},"end":{"line":115,"column":13}},"type":"if","locations":[{"start":{"line":113,"column":12},"end":{"line":115,"column":13}},{"start":{"line":113,"column":12},"end":{"line":115,"column":13}}],"line":113},"8":{"loc":{"start":{"line":129,"column":8},"end":{"line":131,"column":9}},"type":"if","locations":[{"start":{"line":129,"column":8},"end":{"line":131,"column":9}},{"start":{"line":129,"column":8},"end":{"line":131,"column":9}}],"line":129},"9":{"loc":{"start":{"line":132,"column":8},"end":{"line":134,"column":9}},"type":"if","locations":[{"start":{"line":132,"column":8},"end":{"line":134,"column":9}},{"start":{"line":132,"column":8},"end":{"line":134,"column":9}}],"line":132},"10":{"loc":{"start":{"line":139,"column":16},"end":{"line":150,"column":17}},"type":"if","locations":[{"start":{"line":139,"column":16},"end":{"line":150,"column":17}},{"start":{"line":139,"column":16},"end":{"line":150,"column":17}}],"line":139},"11":{"loc":{"start":{"line":147,"column":20},"end":{"line":149,"column":21}},"type":"if","locations":[{"start":{"line":147,"column":20},"end":{"line":149,"column":21}},{"start":{"line":147,"column":20},"end":{"line":149,"column":21}}],"line":147},"12":{"loc":{"start":{"line":162,"column":12},"end":{"line":164,"column":13}},"type":"if","locations":[{"start":{"line":162,"column":12},"end":{"line":164,"column":13}},{"start":{"line":162,"column":12},"end":{"line":164,"column":13}}],"line":162},"13":{"loc":{"start":{"line":177,"column":8},"end":{"line":179,"column":9}},"type":"if","locations":[{"start":{"line":177,"column":8},"end":{"line":179,"column":9}},{"start":{"line":177,"column":8},"end":{"line":179,"column":9}}],"line":177},"14":{"loc":{"start":{"line":184,"column":12},"end":{"line":196,"column":13}},"type":"if","locations":[{"start":{"line":184,"column":12},"end":{"line":196,"column":13}},{"start":{"line":184,"column":12},"end":{"line":196,"column":13}}],"line":184},"15":{"loc":{"start":{"line":186,"column":20},"end":{"line":194,"column":21}},"type":"if","locations":[{"start":{"line":186,"column":20},"end":{"line":194,"column":21}},{"start":{"line":186,"column":20},"end":{"line":194,"column":21}}],"line":186},"16":{"loc":{"start":{"line":201,"column":8},"end":{"line":203,"column":9}},"type":"if","locations":[{"start":{"line":201,"column":8},"end":{"line":203,"column":9}},{"start":{"line":201,"column":8},"end":{"line":203,"column":9}}],"line":201},"17":{"loc":{"start":{"line":240,"column":8},"end":{"line":246,"column":9}},"type":"if","locations":[{"start":{"line":240,"column":8},"end":{"line":246,"column":9}},{"start":{"line":240,"column":8},"end":{"line":246,"column":9}}],"line":240},"18":{"loc":{"start":{"line":249,"column":8},"end":{"line":252,"column":9}},"type":"if","locations":[{"start":{"line":249,"column":8},"end":{"line":252,"column":9}},{"start":{"line":249,"column":8},"end":{"line":252,"column":9}}],"line":249},"19":{"loc":{"start":{"line":253,"column":8},"end":{"line":255,"column":9}},"type":"if","locations":[{"start":{"line":253,"column":8},"end":{"line":255,"column":9}},{"start":{"line":253,"column":8},"end":{"line":255,"column":9}}],"line":253},"20":{"loc":{"start":{"line":262,"column":29},"end":{"line":262,"column":67}},"type":"binary-expr","locations":[{"start":{"line":262,"column":29},"end":{"line":262,"column":46}},{"start":{"line":262,"column":50},"end":{"line":262,"column":67}}],"line":262},"21":{"loc":{"start":{"line":275,"column":8},"end":{"line":277,"column":9}},"type":"if","locations":[{"start":{"line":275,"column":8},"end":{"line":277,"column":9}},{"start":{"line":275,"column":8},"end":{"line":277,"column":9}}],"line":275},"22":{"loc":{"start":{"line":279,"column":8},"end":{"line":281,"column":9}},"type":"if","locations":[{"start":{"line":279,"column":8},"end":{"line":281,"column":9}},{"start":{"line":279,"column":8},"end":{"line":281,"column":9}}],"line":279},"23":{"loc":{"start":{"line":282,"column":8},"end":{"line":284,"column":9}},"type":"if","locations":[{"start":{"line":282,"column":8},"end":{"line":284,"column":9}},{"start":{"line":282,"column":8},"end":{"line":284,"column":9}}],"line":282},"24":{"loc":{"start":{"line":291,"column":8},"end":{"line":295,"column":9}},"type":"if","locations":[{"start":{"line":291,"column":8},"end":{"line":295,"column":9}},{"start":{"line":291,"column":8},"end":{"line":295,"column":9}}],"line":291},"25":{"loc":{"start":{"line":291,"column":12},"end":{"line":291,"column":33}},"type":"binary-expr","locations":[{"start":{"line":291,"column":12},"end":{"line":291,"column":17}},{"start":{"line":291,"column":21},"end":{"line":291,"column":33}}],"line":291},"26":{"loc":{"start":{"line":299,"column":8},"end":{"line":301,"column":9}},"type":"if","locations":[{"start":{"line":299,"column":8},"end":{"line":301,"column":9}},{"start":{"line":299,"column":8},"end":{"line":301,"column":9}}],"line":299},"27":{"loc":{"start":{"line":304,"column":15},"end":{"line":304,"column":44}},"type":"binary-expr","locations":[{"start":{"line":304,"column":15},"end":{"line":304,"column":22}},{"start":{"line":304,"column":26},"end":{"line":304,"column":44}}],"line":304},"28":{"loc":{"start":{"line":329,"column":8},"end":{"line":334,"column":9}},"type":"if","locations":[{"start":{"line":329,"column":8},"end":{"line":334,"column":9}},{"start":{"line":329,"column":8},"end":{"line":334,"column":9}}],"line":329},"29":{"loc":{"start":{"line":329,"column":12},"end":{"line":329,"column":58}},"type":"binary-expr","locations":[{"start":{"line":329,"column":12},"end":{"line":329,"column":32}},{"start":{"line":329,"column":36},"end":{"line":329,"column":58}}],"line":329},"30":{"loc":{"start":{"line":333,"column":60},"end":{"line":333,"column":90}},"type":"cond-expr","locations":[{"start":{"line":333,"column":82},"end":{"line":333,"column":85}},{"start":{"line":333,"column":88},"end":{"line":333,"column":90}}],"line":333},"31":{"loc":{"start":{"line":371,"column":8},"end":{"line":377,"column":9}},"type":"if","locations":[{"start":{"line":371,"column":8},"end":{"line":377,"column":9}},{"start":{"line":371,"column":8},"end":{"line":377,"column":9}}],"line":371},"32":{"loc":{"start":{"line":374,"column":12},"end":{"line":376,"column":13}},"type":"if","locations":[{"start":{"line":374,"column":12},"end":{"line":376,"column":13}},{"start":{"line":374,"column":12},"end":{"line":376,"column":13}}],"line":374},"33":{"loc":{"start":{"line":385,"column":8},"end":{"line":387,"column":9}},"type":"if","locations":[{"start":{"line":385,"column":8},"end":{"line":387,"column":9}},{"start":{"line":385,"column":8},"end":{"line":387,"column":9}}],"line":385},"34":{"loc":{"start":{"line":389,"column":8},"end":{"line":449,"column":9}},"type":"switch","locations":[{"start":{"line":390,"column":12},"end":{"line":392,"column":13}},{"start":{"line":393,"column":12},"end":{"line":407,"column":13}},{"start":{"line":408,"column":12},"end":{"line":443,"column":13}},{"start":{"line":444,"column":12},"end":{"line":444,"column":31}},{"start":{"line":445,"column":12},"end":{"line":448,"column":13}}],"line":389},"35":{"loc":{"start":{"line":429,"column":16},"end":{"line":441,"column":17}},"type":"switch","locations":[{"start":{"line":430,"column":20},"end":{"line":432,"column":21}},{"start":{"line":433,"column":20},"end":{"line":440,"column":21}}],"line":429},"36":{"loc":{"start":{"line":436,"column":24},"end":{"line":438,"column":25}},"type":"if","locations":[{"start":{"line":436,"column":24},"end":{"line":438,"column":25}},{"start":{"line":436,"column":24},"end":{"line":438,"column":25}}],"line":436},"37":{"loc":{"start":{"line":458,"column":8},"end":{"line":460,"column":9}},"type":"if","locations":[{"start":{"line":458,"column":8},"end":{"line":460,"column":9}},{"start":{"line":458,"column":8},"end":{"line":460,"column":9}}],"line":458},"38":{"loc":{"start":{"line":458,"column":12},"end":{"line":458,"column":44}},"type":"binary-expr","locations":[{"start":{"line":458,"column":12},"end":{"line":458,"column":21}},{"start":{"line":458,"column":25},"end":{"line":458,"column":44}}],"line":458},"39":{"loc":{"start":{"line":465,"column":8},"end":{"line":467,"column":9}},"type":"if","locations":[{"start":{"line":465,"column":8},"end":{"line":467,"column":9}},{"start":{"line":465,"column":8},"end":{"line":467,"column":9}}],"line":465},"40":{"loc":{"start":{"line":465,"column":12},"end":{"line":465,"column":43}},"type":"binary-expr","locations":[{"start":{"line":465,"column":12},"end":{"line":465,"column":21}},{"start":{"line":465,"column":25},"end":{"line":465,"column":43}}],"line":465},"41":{"loc":{"start":{"line":471,"column":8},"end":{"line":473,"column":9}},"type":"if","locations":[{"start":{"line":471,"column":8},"end":{"line":473,"column":9}},{"start":{"line":471,"column":8},"end":{"line":473,"column":9}}],"line":471},"42":{"loc":{"start":{"line":482,"column":8},"end":{"line":484,"column":9}},"type":"if","locations":[{"start":{"line":482,"column":8},"end":{"line":484,"column":9}},{"start":{"line":482,"column":8},"end":{"line":484,"column":9}}],"line":482},"43":{"loc":{"start":{"line":485,"column":8},"end":{"line":487,"column":9}},"type":"if","locations":[{"start":{"line":485,"column":8},"end":{"line":487,"column":9}},{"start":{"line":485,"column":8},"end":{"line":487,"column":9}}],"line":485},"44":{"loc":{"start":{"line":489,"column":8},"end":{"line":491,"column":9}},"type":"if","locations":[{"start":{"line":489,"column":8},"end":{"line":491,"column":9}},{"start":{"line":489,"column":8},"end":{"line":491,"column":9}}],"line":489},"45":{"loc":{"start":{"line":494,"column":12},"end":{"line":496,"column":13}},"type":"if","locations":[{"start":{"line":494,"column":12},"end":{"line":496,"column":13}},{"start":{"line":494,"column":12},"end":{"line":496,"column":13}}],"line":494}},"s":{"0":1,"1":1,"2":1,"3":1,"4":1,"5":1,"6":1,"7":1,"8":1,"9":1,"10":1,"11":1,"12":1,"13":1,"14":1,"15":1,"16":1,"17":18,"18":18,"19":1,"20":1,"21":1,"22":1,"23":0,"24":0,"25":1,"26":1,"27":1,"28":1,"29":1,"30":1,"31":1,"32":0,"33":0,"34":0,"35":1,"36":18,"37":18,"38":18,"39":18,"40":18,"41":18,"42":18,"43":18,"44":18,"45":18,"46":18,"47":18,"48":18,"49":18,"50":18,"51":18,"52":18,"53":0,"54":18,"55":0,"56":0,"57":0,"58":0,"59":0,"60":0,"61":0,"62":0,"63":0,"64":0,"65":0,"66":0,"67":0,"68":0,"69":0,"70":0,"71":0,"72":0,"73":0,"74":0,"75":0,"76":0,"77":0,"78":0,"79":0,"80":0,"81":0,"82":0,"83":0,"84":0,"85":0,"86":0,"87":0,"88":0,"89":0,"90":0,"91":18,"92":18,"93":18,"94":18,"95":18,"96":18,"97":0,"98":0,"99":0,"100":0,"101":0,"102":0,"103":0,"104":0,"105":0,"106":0,"107":0,"108":6,"109":6,"110":1,"111":5,"112":5,"113":5,"114":0,"115":0,"116":0,"117":0,"118":0,"119":0,"120":0,"121":0,"122":0,"123":0,"124":5,"125":5,"126":5,"127":5,"128":20,"129":20,"130":5,"131":5,"132":5,"133":1,"134":1,"135":1,"136":1,"137":5,"138":2,"139":2,"140":3,"141":1,"142":2,"143":2,"144":2,"145":1,"146":1,"147":1,"148":1,"149":1,"150":1,"151":1,"152":0,"153":1,"154":1,"155":1,"156":0,"157":0,"158":0,"159":0,"160":0,"161":0,"162":0,"163":0,"164":0,"165":0,"166":0,"167":0,"168":0,"169":0,"170":0,"171":0,"172":0,"173":0,"174":0,"175":18,"176":18,"177":18,"178":18,"179":18,"180":0,"181":0,"182":0,"183":0,"184":0,"185":0,"186":0,"187":0,"188":0,"189":0,"190":0,"191":0,"192":0,"193":0,"194":20,"195":20,"196":1,"197":0,"198":18,"199":18,"200":18,"201":0,"202":0,"203":0,"204":0,"205":18,"206":0,"207":0,"208":0,"209":0,"210":0,"211":0,"212":0,"213":0,"214":0,"215":0,"216":0,"217":0,"218":0,"219":0,"220":0,"221":0,"222":0,"223":0,"224":0,"225":0,"226":0,"227":0,"228":4,"229":4,"230":6,"231":3,"232":3,"233":3,"234":2,"235":1,"236":1,"237":2,"238":1,"239":1,"240":5,"241":1,"242":4,"243":1,"244":3,"245":1,"246":2,"247":2,"248":1,"249":1,"250":1,"251":1},"f":{"0":18,"1":1,"2":0,"3":0,"4":0,"5":0,"6":0,"7":0,"8":0,"9":0,"10":0,"11":0,"12":0,"13":0,"14":18,"15":18,"16":1,"17":0,"18":0,"19":0,"20":0,"21":6,"22":0,"23":0,"24":5,"25":20,"26":1,"27":5,"28":2,"29":1,"30":1,"31":0,"32":0,"33":0,"34":18,"35":18,"36":0,"37":0,"38":0,"39":20,"40":1,"41":0,"42":18,"43":0,"44":4,"45":6,"46":2,"47":2,"48":5,"49":1},"b":{"0":[0,1],"1":[1,0],"2":[0,0],"3":[0,18],"4":[0,0],"5":[0,0],"6":[0,0],"7":[0,0],"8":[0,0],"9":[0,0],"10":[0,0],"11":[0,0],"12":[18,0],"13":[0,0],"14":[0,0],"15":[0,0],"16":[1,5],"17":[1,4],"18":[2,3],"19":[1,2],"20":[1,1],"21":[0,1],"22":[1,0],"23":[0,0],"24":[0,0],"25":[0,0],"26":[0,0],"27":[0,0],"28":[0,0],"29":[0,0],"30":[0,0],"31":[0,18],"32":[0,0],"33":[0,0],"34":[0,0,0,0,0],"35":[0,0],"36":[0,0],"37":[3,3],"38":[6,4],"39":[1,1],"40":[2,1],"41":[1,1],"42":[1,4],"43":[1,3],"44":[1,2],"45":[1,0]},"_coverageSchema":"332fd63041d2c1bcb487cc26dd0d5f7d97098a6c","hash":"f2fd3ca79570491d3315a7fa83f4f67ab7ef68eb"}
,"/Users/orta/dev/projects/vscode/vscode-jest/src/TestParser.ts": {"path":"/Users/orta/dev/projects/vscode/vscode-jest/src/TestParser.ts","statementMap":{"0":{"start":{"line":2,"column":0},"end":{"line":2,"column":62}},"1":{"start":{"line":3,"column":30},"end":{"line":3,"column":60}},"2":{"start":{"line":4,"column":38},"end":{"line":4,"column":76}},"3":{"start":{"line":6,"column":25},"end":{"line":6,"column":50}},"4":{"start":{"line":7,"column":4},"end":{"line":7,"column":92}},"5":{"start":{"line":9,"column":0},"end":{"line":9,"column":30}},"6":{"start":{"line":11,"column":19},"end":{"line":11,"column":38}},"7":{"start":{"line":12,"column":4},"end":{"line":12,"column":28}},"8":{"start":{"line":14,"column":0},"end":{"line":14,"column":30}}},"fnMap":{"0":{"name":"getParser","decl":{"start":{"line":5,"column":9},"end":{"line":5,"column":18}},"loc":{"start":{"line":5,"column":29},"end":{"line":8,"column":1}},"line":5},"1":{"name":"parseTest","decl":{"start":{"line":10,"column":9},"end":{"line":10,"column":18}},"loc":{"start":{"line":10,"column":29},"end":{"line":13,"column":1}},"line":10}},"branchMap":{"0":{"loc":{"start":{"line":7,"column":11},"end":{"line":7,"column":91}},"type":"cond-expr","locations":[{"start":{"line":7,"column":26},"end":{"line":7,"column":61}},{"start":{"line":7,"column":64},"end":{"line":7,"column":91}}],"line":7}},"s":{"0":6,"1":6,"2":6,"3":5,"4":5,"5":6,"6":2,"7":2,"8":6},"f":{"0":5,"1":2},"b":{"0":[3,2]},"_coverageSchema":"332fd63041d2c1bcb487cc26dd0d5f7d97098a6c","hash":"4e336b2e0670f51b9535c27c84764d5b60d634ca"}
,"/Users/orta/dev/projects/vscode/vscode-jest/src/appGlobals.ts": {"path":"/Users/orta/dev/projects/vscode/vscode-jest/src/appGlobals.ts","statementMap":{"0":{"start":{"line":2,"column":0},"end":{"line":2,"column":62}},"1":{"start":{"line":3,"column":0},"end":{"line":3,"column":39}}},"fnMap":{},"branchMap":{},"s":{"0":3,"1":3},"f":{},"b":{},"_coverageSchema":"332fd63041d2c1bcb487cc26dd0d5f7d97098a6c","hash":"9fd88ec8a970fb3c651f6a3eae112668ea3b5dd9"}
,"/Users/orta/dev/projects/vscode/vscode-jest/src/decorations.ts": {"path":"/Users/orta/dev/projects/vscode/vscode-jest/src/decorations.ts","statementMap":{"0":{"start":{"line":2,"column":0},"end":{"line":2,"column":62}},"1":{"start":{"line":3,"column":17},"end":{"line":3,"column":34}},"2":{"start":{"line":5,"column":4},"end":{"line":21,"column":7}},"3":{"start":{"line":23,"column":0},"end":{"line":23,"column":38}},"4":{"start":{"line":25,"column":4},"end":{"line":41,"column":7}},"5":{"start":{"line":43,"column":0},"end":{"line":43,"column":32}},"6":{"start":{"line":45,"column":4},"end":{"line":61,"column":7}},"7":{"start":{"line":63,"column":0},"end":{"line":63,"column":38}},"8":{"start":{"line":65,"column":4},"end":{"line":81,"column":7}},"9":{"start":{"line":83,"column":0},"end":{"line":83,"column":36}},"10":{"start":{"line":85,"column":4},"end":{"line":102,"column":7}},"11":{"start":{"line":104,"column":0},"end":{"line":104,"column":54}}},"fnMap":{"0":{"name":"failingItName","decl":{"start":{"line":4,"column":9},"end":{"line":4,"column":22}},"loc":{"start":{"line":4,"column":25},"end":{"line":22,"column":1}},"line":4},"1":{"name":"skipItName","decl":{"start":{"line":24,"column":9},"end":{"line":24,"column":19}},"loc":{"start":{"line":24,"column":22},"end":{"line":42,"column":1}},"line":24},"2":{"name":"passingItName","decl":{"start":{"line":44,"column":9},"end":{"line":44,"column":22}},"loc":{"start":{"line":44,"column":25},"end":{"line":62,"column":1}},"line":44},"3":{"name":"notRanItName","decl":{"start":{"line":64,"column":9},"end":{"line":64,"column":21}},"loc":{"start":{"line":64,"column":24},"end":{"line":82,"column":1}},"line":64},"4":{"name":"failingAssertionStyle","decl":{"start":{"line":84,"column":9},"end":{"line":84,"column":30}},"loc":{"start":{"line":84,"column":37},"end":{"line":103,"column":1}},"line":84}},"branchMap":{},"s":{"0":2,"1":2,"2":1,"3":2,"4":1,"5":2,"6":1,"7":2,"8":1,"9":2,"10":0,"11":2},"f":{"0":1,"1":1,"2":1,"3":1,"4":0},"b":{},"_coverageSchema":"332fd63041d2c1bcb487cc26dd0d5f7d97098a6c","hash":"e8fb7283081ac274ac1bef1273091b86a8141bfc"}
,"/Users/orta/dev/projects/vscode/vscode-jest/src/diagnostics.ts": {"path":"/Users/orta/dev/projects/vscode/vscode-jest/src/diagnostics.ts","statementMap":{"0":{"start":{"line":2,"column":0},"end":{"line":2,"column":62}},"1":{"start":{"line":7,"column":15},"end":{"line":7,"column":32}},"2":{"start":{"line":8,"column":13},"end":{"line":8,"column":26}},"3":{"start":{"line":9,"column":22},"end":{"line":9,"column":46}},"4":{"start":{"line":12,"column":21},"end":{"line":12,"column":142}},"5":{"start":{"line":13,"column":8},"end":{"line":13,"column":29}},"6":{"start":{"line":14,"column":8},"end":{"line":14,"column":37}},"7":{"start":{"line":17,"column":24},"end":{"line":17,"column":115}},"8":{"start":{"line":17,"column":54},"end":{"line":17,"column":114}},"9":{"start":{"line":18,"column":8},"end":{"line":31,"column":12}},"10":{"start":{"line":20,"column":12},"end":{"line":26,"column":13}},"11":{"start":{"line":21,"column":16},"end":{"line":21,"column":55}},"12":{"start":{"line":24,"column":16},"end":{"line":24,"column":25}},"13":{"start":{"line":25,"column":16},"end":{"line":25,"column":254}},"14":{"start":{"line":27,"column":26},"end":{"line":27,"column":27}},"15":{"start":{"line":28,"column":25},"end":{"line":28,"column":198}},"16":{"start":{"line":29,"column":12},"end":{"line":29,"column":33}},"17":{"start":{"line":30,"column":12},"end":{"line":30,"column":24}},"18":{"start":{"line":33,"column":4},"end":{"line":48,"column":7}},"19":{"start":{"line":34,"column":20},"end":{"line":34,"column":48}},"20":{"start":{"line":35,"column":8},"end":{"line":47,"column":9}},"21":{"start":{"line":37,"column":16},"end":{"line":42,"column":17}},"22":{"start":{"line":38,"column":20},"end":{"line":38,"column":50}},"23":{"start":{"line":41,"column":20},"end":{"line":41,"column":47}},"24":{"start":{"line":43,"column":16},"end":{"line":43,"column":22}},"25":{"start":{"line":45,"column":16},"end":{"line":45,"column":40}},"26":{"start":{"line":46,"column":16},"end":{"line":46,"column":22}},"27":{"start":{"line":50,"column":24},"end":{"line":50,"column":26}},"28":{"start":{"line":51,"column":4},"end":{"line":55,"column":7}},"29":{"start":{"line":52,"column":8},"end":{"line":54,"column":9}},"30":{"start":{"line":53,"column":12},"end":{"line":53,"column":34}},"31":{"start":{"line":56,"column":4},"end":{"line":58,"column":7}},"32":{"start":{"line":57,"column":8},"end":{"line":57,"column":32}},"33":{"start":{"line":60,"column":0},"end":{"line":60,"column":46}},"34":{"start":{"line":62,"column":4},"end":{"line":62,"column":24}},"35":{"start":{"line":64,"column":0},"end":{"line":64,"column":44}},"36":{"start":{"line":66,"column":14},"end":{"line":66,"column":15}},"37":{"start":{"line":67,"column":4},"end":{"line":67,"column":37}},"38":{"start":{"line":67,"column":30},"end":{"line":67,"column":35}},"39":{"start":{"line":68,"column":4},"end":{"line":68,"column":15}},"40":{"start":{"line":70,"column":0},"end":{"line":70,"column":44}}},"fnMap":{"0":{"name":"updateDiagnostics","decl":{"start":{"line":10,"column":9},"end":{"line":10,"column":26}},"loc":{"start":{"line":10,"column":53},"end":{"line":59,"column":1}},"line":10},"1":{"name":"addTestFileError","decl":{"start":{"line":11,"column":13},"end":{"line":11,"column":29}},"loc":{"start":{"line":11,"column":43},"end":{"line":15,"column":5}},"line":11},"2":{"name":"addTestsError","decl":{"start":{"line":16,"column":13},"end":{"line":16,"column":26}},"loc":{"start":{"line":16,"column":40},"end":{"line":32,"column":5}},"line":16},"3":{"name":"(anonymous_3)","decl":{"start":{"line":17,"column":49},"end":{"line":17,"column":50}},"loc":{"start":{"line":17,"column":54},"end":{"line":17,"column":114}},"line":17},"4":{"name":"(anonymous_4)","decl":{"start":{"line":18,"column":41},"end":{"line":18,"column":42}},"loc":{"start":{"line":18,"column":54},"end":{"line":31,"column":9}},"line":18},"5":{"name":"(anonymous_5)","decl":{"start":{"line":33,"column":24},"end":{"line":33,"column":25}},"loc":{"start":{"line":33,"column":34},"end":{"line":48,"column":5}},"line":33},"6":{"name":"(anonymous_6)","decl":{"start":{"line":51,"column":24},"end":{"line":51,"column":25}},"loc":{"start":{"line":51,"column":31},"end":{"line":55,"column":5}},"line":51},"7":{"name":"(anonymous_7)","decl":{"start":{"line":56,"column":24},"end":{"line":56,"column":25}},"loc":{"start":{"line":56,"column":31},"end":{"line":58,"column":5}},"line":56},"8":{"name":"resetDiagnostics","decl":{"start":{"line":61,"column":9},"end":{"line":61,"column":25}},"loc":{"start":{"line":61,"column":39},"end":{"line":63,"column":1}},"line":61},"9":{"name":"failedSuiteCount","decl":{"start":{"line":65,"column":9},"end":{"line":65,"column":25}},"loc":{"start":{"line":65,"column":39},"end":{"line":69,"column":1}},"line":65},"10":{"name":"(anonymous_10)","decl":{"start":{"line":67,"column":24},"end":{"line":67,"column":25}},"loc":{"start":{"line":67,"column":30},"end":{"line":67,"column":35}},"line":67}},"branchMap":{"0":{"loc":{"start":{"line":12,"column":73},"end":{"line":12,"column":108}},"type":"binary-expr","locations":[{"start":{"line":12,"column":73},"end":{"line":12,"column":87}},{"start":{"line":12,"column":91},"end":{"line":12,"column":108}}],"line":12},"1":{"loc":{"start":{"line":20,"column":12},"end":{"line":26,"column":13}},"type":"if","locations":[{"start":{"line":20,"column":12},"end":{"line":26,"column":13}},{"start":{"line":20,"column":12},"end":{"line":26,"column":13}}],"line":20},"2":{"loc":{"start":{"line":28,"column":95},"end":{"line":28,"column":164}},"type":"binary-expr","locations":[{"start":{"line":28,"column":95},"end":{"line":28,"column":117}},{"start":{"line":28,"column":121},"end":{"line":28,"column":143}},{"start":{"line":28,"column":147},"end":{"line":28,"column":164}}],"line":28},"3":{"loc":{"start":{"line":35,"column":8},"end":{"line":47,"column":9}},"type":"switch","locations":[{"start":{"line":36,"column":12},"end":{"line":43,"column":22}},{"start":{"line":44,"column":12},"end":{"line":46,"column":22}}],"line":35},"4":{"loc":{"start":{"line":37,"column":16},"end":{"line":42,"column":17}},"type":"if","locations":[{"start":{"line":37,"column":16},"end":{"line":42,"column":17}},{"start":{"line":37,"column":16},"end":{"line":42,"column":17}}],"line":37},"5":{"loc":{"start":{"line":52,"column":8},"end":{"line":54,"column":9}},"type":"if","locations":[{"start":{"line":52,"column":8},"end":{"line":54,"column":9}},{"start":{"line":52,"column":8},"end":{"line":54,"column":9}}],"line":52}},"s":{"0":2,"1":2,"2":2,"3":2,"4":1,"5":1,"6":1,"7":7,"8":10,"9":7,"10":10,"11":7,"12":3,"13":3,"14":10,"15":10,"16":10,"17":10,"18":7,"19":10,"20":10,"21":8,"22":1,"23":7,"24":8,"25":2,"26":2,"27":7,"28":7,"29":0,"30":0,"31":7,"32":0,"33":2,"34":1,"35":2,"36":1,"37":1,"38":7,"39":1,"40":2},"f":{"0":7,"1":1,"2":7,"3":10,"4":10,"5":10,"6":0,"7":0,"8":1,"9":1,"10":7},"b":{"0":[1,0],"1":[7,3],"2":[10,10,10],"3":[8,2],"4":[1,7],"5":[0,0]},"_coverageSchema":"332fd63041d2c1bcb487cc26dd0d5f7d97098a6c","hash":"02875edbb427d12f778e38e804884e6d8fdb071c"}
,"/Users/orta/dev/projects/vscode/vscode-jest/src/editor.ts": {"path":"/Users/orta/dev/projects/vscode/vscode-jest/src/editor.ts","statementMap":{"0":{"start":{"line":2,"column":0},"end":{"line":2,"column":62}},"1":{"start":{"line":3,"column":15},"end":{"line":3,"column":32}},"2":{"start":{"line":5,"column":4},"end":{"line":5,"column":41}},"3":{"start":{"line":7,"column":0},"end":{"line":7,"column":34}},"4":{"start":{"line":9,"column":4},"end":{"line":11,"column":5}},"5":{"start":{"line":10,"column":8},"end":{"line":10,"column":21}},"6":{"start":{"line":12,"column":16},"end":{"line":12,"column":17}},"7":{"start":{"line":13,"column":4},"end":{"line":20,"column":5}},"8":{"start":{"line":14,"column":8},"end":{"line":16,"column":9}},"9":{"start":{"line":15,"column":12},"end":{"line":15,"column":23}},"10":{"start":{"line":17,"column":8},"end":{"line":19,"column":9}},"11":{"start":{"line":18,"column":12},"end":{"line":18,"column":18}},"12":{"start":{"line":21,"column":4},"end":{"line":21,"column":21}},"13":{"start":{"line":23,"column":0},"end":{"line":23,"column":58}}},"fnMap":{"0":{"name":"hasDocument","decl":{"start":{"line":4,"column":9},"end":{"line":4,"column":20}},"loc":{"start":{"line":4,"column":29},"end":{"line":6,"column":1}},"line":4},"1":{"name":"isOpenInMultipleEditors","decl":{"start":{"line":8,"column":9},"end":{"line":8,"column":32}},"loc":{"start":{"line":8,"column":43},"end":{"line":22,"column":1}},"line":8}},"branchMap":{"0":{"loc":{"start":{"line":5,"column":11},"end":{"line":5,"column":40}},"type":"binary-expr","locations":[{"start":{"line":5,"column":11},"end":{"line":5,"column":19}},{"start":{"line":5,"column":23},"end":{"line":5,"column":40}}],"line":5},"1":{"loc":{"start":{"line":9,"column":4},"end":{"line":11,"column":5}},"type":"if","locations":[{"start":{"line":9,"column":4},"end":{"line":11,"column":5}},{"start":{"line":9,"column":4},"end":{"line":11,"column":5}}],"line":9},"2":{"loc":{"start":{"line":9,"column":8},"end":{"line":9,"column":39}},"type":"binary-expr","locations":[{"start":{"line":9,"column":8},"end":{"line":9,"column":17}},{"start":{"line":9,"column":21},"end":{"line":9,"column":39}}],"line":9},"3":{"loc":{"start":{"line":14,"column":8},"end":{"line":16,"column":9}},"type":"if","locations":[{"start":{"line":14,"column":8},"end":{"line":16,"column":9}},{"start":{"line":14,"column":8},"end":{"line":16,"column":9}}],"line":14},"4":{"loc":{"start":{"line":14,"column":12},"end":{"line":14,"column":87}},"type":"binary-expr","locations":[{"start":{"line":14,"column":12},"end":{"line":14,"column":18}},{"start":{"line":14,"column":22},"end":{"line":14,"column":37}},{"start":{"line":14,"column":41},"end":{"line":14,"column":87}}],"line":14},"5":{"loc":{"start":{"line":17,"column":8},"end":{"line":19,"column":9}},"type":"if","locations":[{"start":{"line":17,"column":8},"end":{"line":19,"column":9}},{"start":{"line":17,"column":8},"end":{"line":19,"column":9}}],"line":17}},"s":{"0":4,"1":4,"2":3,"3":4,"4":4,"5":1,"6":3,"7":3,"8":3,"9":3,"10":3,"11":1,"12":3,"13":4},"f":{"0":3,"1":4},"b":{"0":[3,2],"1":[1,3],"2":[4,3],"3":[3,0],"4":[3,3,3],"5":[1,2]},"_coverageSchema":"332fd63041d2c1bcb487cc26dd0d5f7d97098a6c","hash":"f4ee0313ebd5d7e03ea55b53a27e951cbb9781e2"}
,"/Users/orta/dev/projects/vscode/vscode-jest/src/extension.ts": {"path":"/Users/orta/dev/projects/vscode/vscode-jest/src/extension.ts","statementMap":{"0":{"start":{"line":2,"column":0},"end":{"line":2,"column":62}},"1":{"start":{"line":3,"column":15},"end":{"line":3,"column":32}},"2":{"start":{"line":4,"column":30},"end":{"line":4,"column":60}},"3":{"start":{"line":5,"column":13},"end":{"line":5,"column":28}},"4":{"start":{"line":6,"column":21},"end":{"line":6,"column":44}},"5":{"start":{"line":7,"column":18},"end":{"line":7,"column":38}},"6":{"start":{"line":8,"column":18},"end":{"line":8,"column":38}},"7":{"start":{"line":9,"column":20},"end":{"line":9,"column":42}},"8":{"start":{"line":10,"column":27},"end":{"line":10,"column":56}},"9":{"start":{"line":11,"column":19},"end":{"line":11,"column":40}},"10":{"start":{"line":15,"column":27},"end":{"line":15,"column":49}},"11":{"start":{"line":16,"column":21},"end":{"line":16,"column":57}},"12":{"start":{"line":17,"column":23},"end":{"line":17,"column":61}},"13":{"start":{"line":18,"column":31},"end":{"line":18,"column":33}},"14":{"start":{"line":19,"column":22},"end":{"line":19,"column":131}},"15":{"start":{"line":21,"column":20},"end":{"line":21,"column":61}},"16":{"start":{"line":23,"column":4},"end":{"line":23,"column":82}},"17":{"start":{"line":24,"column":22},"end":{"line":29,"column":5}},"18":{"start":{"line":30,"column":4},"end":{"line":42,"column":221}},"19":{"start":{"line":31,"column":8},"end":{"line":31,"column":97}},"20":{"start":{"line":32,"column":8},"end":{"line":32,"column":41}},"21":{"start":{"line":33,"column":94},"end":{"line":33,"column":125}},"22":{"start":{"line":34,"column":8},"end":{"line":34,"column":23}},"23":{"start":{"line":36,"column":8},"end":{"line":39,"column":9}},"24":{"start":{"line":37,"column":36},"end":{"line":37,"column":58}},"25":{"start":{"line":38,"column":12},"end":{"line":38,"column":69}},"26":{"start":{"line":41,"column":8},"end":{"line":41,"column":59}},"27":{"start":{"line":44,"column":0},"end":{"line":44,"column":28}},"28":{"start":{"line":46,"column":4},"end":{"line":46,"column":35}},"29":{"start":{"line":48,"column":0},"end":{"line":48,"column":32}},"30":{"start":{"line":50,"column":19},"end":{"line":50,"column":60}},"31":{"start":{"line":51,"column":4},"end":{"line":63,"column":6}}},"fnMap":{"0":{"name":"activate","decl":{"start":{"line":13,"column":9},"end":{"line":13,"column":17}},"loc":{"start":{"line":13,"column":27},"end":{"line":43,"column":1}},"line":13},"1":{"name":"(anonymous_1)","decl":{"start":{"line":30,"column":152},"end":{"line":30,"column":153}},"loc":{"start":{"line":30,"column":158},"end":{"line":33,"column":5}},"line":30},"2":{"name":"(anonymous_2)","decl":{"start":{"line":33,"column":88},"end":{"line":33,"column":89}},"loc":{"start":{"line":33,"column":94},"end":{"line":33,"column":125}},"line":33},"3":{"name":"(anonymous_3)","decl":{"start":{"line":33,"column":216},"end":{"line":33,"column":217}},"loc":{"start":{"line":33,"column":222},"end":{"line":35,"column":5}},"line":33},"4":{"name":"(anonymous_4)","decl":{"start":{"line":35,"column":584},"end":{"line":35,"column":585}},"loc":{"start":{"line":35,"column":589},"end":{"line":40,"column":5}},"line":35},"5":{"name":"(anonymous_5)","decl":{"start":{"line":40,"column":48},"end":{"line":40,"column":49}},"loc":{"start":{"line":40,"column":60},"end":{"line":42,"column":5}},"line":40},"6":{"name":"deactivate","decl":{"start":{"line":45,"column":9},"end":{"line":45,"column":19}},"loc":{"start":{"line":45,"column":22},"end":{"line":47,"column":1}},"line":45},"7":{"name":"getExtensionSettings","decl":{"start":{"line":49,"column":9},"end":{"line":49,"column":29}},"loc":{"start":{"line":49,"column":32},"end":{"line":64,"column":1}},"line":49}},"branchMap":{"0":{"loc":{"start":{"line":36,"column":8},"end":{"line":39,"column":9}},"type":"if","locations":[{"start":{"line":36,"column":8},"end":{"line":39,"column":9}},{"start":{"line":36,"column":8},"end":{"line":39,"column":9}}],"line":36}},"s":{"0":1,"1":1,"2":1,"3":1,"4":1,"5":1,"6":1,"7":1,"8":1,"9":1,"10":3,"11":3,"12":3,"13":3,"14":3,"15":3,"16":3,"17":3,"18":3,"19":0,"20":0,"21":0,"22":0,"23":0,"24":0,"25":0,"26":0,"27":1,"28":0,"29":1,"30":3,"31":3},"f":{"0":3,"1":0,"2":0,"3":0,"4":0,"5":0,"6":0,"7":3},"b":{"0":[0,0]},"_coverageSchema":"332fd63041d2c1bcb487cc26dd0d5f7d97098a6c","hash":"feab5537cbdf384882ad70942245c3d8c050c87c"}
,"/Users/orta/dev/projects/vscode/vscode-jest/src/helpers.ts": {"path":"/Users/orta/dev/projects/vscode/vscode-jest/src/helpers.ts","statementMap":{"0":{"start":{"line":2,"column":0},"end":{"line":2,"column":62}},"1":{"start":{"line":3,"column":13},"end":{"line":3,"column":26}},"2":{"start":{"line":4,"column":13},"end":{"line":4,"column":26}},"3":{"start":{"line":5,"column":15},"end":{"line":5,"column":30}},"4":{"start":{"line":12,"column":17},"end":{"line":12,"column":60}},"5":{"start":{"line":13,"column":24},"end":{"line":13,"column":66}},"6":{"start":{"line":14,"column":4},"end":{"line":17,"column":5}},"7":{"start":{"line":16,"column":8},"end":{"line":16,"column":29}},"8":{"start":{"line":18,"column":4},"end":{"line":18,"column":16}},"9":{"start":{"line":20,"column":0},"end":{"line":20,"column":32}},"10":{"start":{"line":23,"column":31},"end":{"line":23,"column":113}},"11":{"start":{"line":25,"column":4},"end":{"line":34,"column":18}},"12":{"start":{"line":26,"column":28},"end":{"line":26,"column":65}},"13":{"start":{"line":27,"column":28},"end":{"line":27,"column":78}},"14":{"start":{"line":28,"column":8},"end":{"line":30,"column":9}},"15":{"start":{"line":29,"column":12},"end":{"line":29,"column":25}},"16":{"start":{"line":31,"column":28},"end":{"line":31,"column":52}},"17":{"start":{"line":32,"column":8},"end":{"line":32,"column":95}},"18":{"start":{"line":32,"column":49},"end":{"line":32,"column":93}},"19":{"start":{"line":37,"column":4},"end":{"line":37,"column":82}},"20":{"start":{"line":37,"column":45},"end":{"line":37,"column":80}},"21":{"start":{"line":40,"column":16},"end":{"line":40,"column":57}},"22":{"start":{"line":41,"column":25},"end":{"line":41,"column":88}},"23":{"start":{"line":42,"column":4},"end":{"line":42,"column":41}},"24":{"start":{"line":50,"column":4},"end":{"line":52,"column":5}},"25":{"start":{"line":51,"column":8},"end":{"line":51,"column":61}},"26":{"start":{"line":53,"column":4},"end":{"line":53,"column":14}},"27":{"start":{"line":55,"column":0},"end":{"line":55,"column":36}},"28":{"start":{"line":57,"column":28},"end":{"line":57,"column":80}},"29":{"start":{"line":58,"column":4},"end":{"line":62,"column":5}},"30":{"start":{"line":59,"column":32},"end":{"line":59,"column":96}},"31":{"start":{"line":60,"column":42},"end":{"line":60,"column":101}},"32":{"start":{"line":61,"column":8},"end":{"line":61,"column":92}},"33":{"start":{"line":63,"column":24},"end":{"line":63,"column":93}},"34":{"start":{"line":64,"column":20},"end":{"line":64,"column":93}},"35":{"start":{"line":65,"column":20},"end":{"line":65,"column":116}},"36":{"start":{"line":66,"column":18},"end":{"line":66,"column":49}},"37":{"start":{"line":67,"column":4},"end":{"line":71,"column":5}},"38":{"start":{"line":68,"column":8},"end":{"line":70,"column":9}},"39":{"start":{"line":69,"column":12},"end":{"line":69,"column":28}},"40":{"start":{"line":72,"column":4},"end":{"line":72,"column":16}},"41":{"start":{"line":74,"column":0},"end":{"line":74,"column":54}},"42":{"start":{"line":76,"column":4},"end":{"line":76,"column":59}},"43":{"start":{"line":82,"column":4},"end":{"line":82,"column":54}},"44":{"start":{"line":84,"column":0},"end":{"line":84,"column":36}}},"fnMap":{"0":{"name":"pathToJest","decl":{"start":{"line":11,"column":9},"end":{"line":11,"column":19}},"loc":{"start":{"line":11,"column":36},"end":{"line":19,"column":1}},"line":11},"1":{"name":"isBootstrappedWithCreateReactApp","decl":{"start":{"line":21,"column":9},"end":{"line":21,"column":41}},"loc":{"start":{"line":21,"column":52},"end":{"line":38,"column":1}},"line":21},"2":{"name":"(anonymous_2)","decl":{"start":{"line":32,"column":39},"end":{"line":32,"column":40}},"loc":{"start":{"line":32,"column":49},"end":{"line":32,"column":93}},"line":32},"3":{"name":"(anonymous_3)","decl":{"start":{"line":37,"column":35},"end":{"line":37,"column":36}},"loc":{"start":{"line":37,"column":45},"end":{"line":37,"column":80}},"line":37},"4":{"name":"hasNodeExecutable","decl":{"start":{"line":39,"column":9},"end":{"line":39,"column":26}},"loc":{"start":{"line":39,"column":49},"end":{"line":43,"column":1}},"line":39},"5":{"name":"pathToConfig","decl":{"start":{"line":49,"column":9},"end":{"line":49,"column":21}},"loc":{"start":{"line":49,"column":38},"end":{"line":54,"column":1}},"line":49},"6":{"name":"pathToJestPackageJSON","decl":{"start":{"line":56,"column":9},"end":{"line":56,"column":30}},"loc":{"start":{"line":56,"column":47},"end":{"line":73,"column":1}},"line":56},"7":{"name":"removeSurroundingQuotes","decl":{"start":{"line":75,"column":9},"end":{"line":75,"column":32}},"loc":{"start":{"line":75,"column":38},"end":{"line":77,"column":1}},"line":75},"8":{"name":"escapeRegExp","decl":{"start":{"line":81,"column":9},"end":{"line":81,"column":21}},"loc":{"start":{"line":81,"column":27},"end":{"line":83,"column":1}},"line":81}},"branchMap":{"0":{"loc":{"start":{"line":14,"column":4},"end":{"line":17,"column":5}},"type":"if","locations":[{"start":{"line":14,"column":4},"end":{"line":17,"column":5}},{"start":{"line":14,"column":4},"end":{"line":17,"column":5}}],"line":14},"1":{"loc":{"start":{"line":14,"column":8},"end":{"line":14,"column":89}},"type":"binary-expr","locations":[{"start":{"line":14,"column":8},"end":{"line":14,"column":28}},{"start":{"line":14,"column":32},"end":{"line":14,"column":89}}],"line":14},"2":{"loc":{"start":{"line":28,"column":8},"end":{"line":30,"column":9}},"type":"if","locations":[{"start":{"line":28,"column":8},"end":{"line":30,"column":9}},{"start":{"line":28,"column":8},"end":{"line":30,"column":9}}],"line":28},"3":{"loc":{"start":{"line":28,"column":12},"end":{"line":28,"column":77}},"type":"binary-expr","locations":[{"start":{"line":28,"column":12},"end":{"line":28,"column":24}},{"start":{"line":28,"column":28},"end":{"line":28,"column":48}},{"start":{"line":28,"column":52},"end":{"line":28,"column":77}}],"line":28},"4":{"loc":{"start":{"line":40,"column":16},"end":{"line":40,"column":57}},"type":"cond-expr","locations":[{"start":{"line":40,"column":46},"end":{"line":40,"column":52}},{"start":{"line":40,"column":55},"end":{"line":40,"column":57}}],"line":40},"5":{"loc":{"start":{"line":50,"column":4},"end":{"line":52,"column":5}},"type":"if","locations":[{"start":{"line":50,"column":4},"end":{"line":52,"column":5}},{"start":{"line":50,"column":4},"end":{"line":52,"column":5}}],"line":50},"6":{"loc":{"start":{"line":58,"column":4},"end":{"line":62,"column":5}},"type":"if","locations":[{"start":{"line":58,"column":4},"end":{"line":62,"column":5}},{"start":{"line":58,"column":4},"end":{"line":62,"column":5}}],"line":58},"7":{"loc":{"start":{"line":68,"column":8},"end":{"line":70,"column":9}},"type":"if","locations":[{"start":{"line":68,"column":8},"end":{"line":70,"column":9}},{"start":{"line":68,"column":8},"end":{"line":70,"column":9}}],"line":68}},"s":{"0":4,"1":4,"2":4,"3":4,"4":0,"5":0,"6":0,"7":0,"8":0,"9":4,"10":0,"11":0,"12":0,"13":0,"14":0,"15":0,"16":0,"17":0,"18":0,"19":0,"20":0,"21":0,"22":0,"23":0,"24":0,"25":0,"26":0,"27":4,"28":8,"29":8,"30":7,"31":7,"32":7,"33":8,"34":8,"35":8,"36":8,"37":8,"38":19,"39":5,"40":3,"41":4,"42":7,"43":2,"44":4},"f":{"0":0,"1":0,"2":0,"3":0,"4":0,"5":0,"6":8,"7":7,"8":2},"b":{"0":[0,0],"1":[0,0],"2":[0,0],"3":[0,0,0],"4":[0,0],"5":[0,0],"6":[7,1],"7":[5,14]},"_coverageSchema":"332fd63041d2c1bcb487cc26dd0d5f7d97098a6c","hash":"f8b58d7945e8b1cce1f1b9d42a949d5958806887"}
,"/Users/orta/dev/projects/vscode/vscode-jest/src/statusBar.ts": {"path":"/Users/orta/dev/projects/vscode/vscode-jest/src/statusBar.ts","statementMap":{"0":{"start":{"line":2,"column":0},"end":{"line":2,"column":62}},"1":{"start":{"line":3,"column":17},"end":{"line":3,"column":34}},"2":{"start":{"line":4,"column":23},"end":{"line":4,"column":49}},"3":{"start":{"line":5,"column":21},"end":{"line":5,"column":44}},"4":{"start":{"line":7,"column":25},"end":{"line":7,"column":68}},"5":{"start":{"line":8,"column":22},"end":{"line":8,"column":91}},"6":{"start":{"line":9,"column":0},"end":{"line":9,"column":21}},"7":{"start":{"line":10,"column":0},"end":{"line":10,"column":41}},"8":{"start":{"line":11,"column":18},"end":{"line":11,"column":25}},"9":{"start":{"line":12,"column":14},"end":{"line":12,"column":30}},"10":{"start":{"line":15,"column":4},"end":{"line":15,"column":85}},"11":{"start":{"line":15,"column":69},"end":{"line":15,"column":83}},"12":{"start":{"line":17,"column":0},"end":{"line":17,"column":46}},"13":{"start":{"line":19,"column":4},"end":{"line":19,"column":24}},"14":{"start":{"line":21,"column":0},"end":{"line":21,"column":26}},"15":{"start":{"line":23,"column":4},"end":{"line":23,"column":36}},"16":{"start":{"line":24,"column":4},"end":{"line":26,"column":12}},"17":{"start":{"line":25,"column":8},"end":{"line":25,"column":72}},"18":{"start":{"line":28,"column":0},"end":{"line":28,"column":26}},"19":{"start":{"line":30,"column":4},"end":{"line":30,"column":38}},"20":{"start":{"line":32,"column":0},"end":{"line":32,"column":26}},"21":{"start":{"line":34,"column":4},"end":{"line":34,"column":38}},"22":{"start":{"line":36,"column":0},"end":{"line":36,"column":24}},"23":{"start":{"line":38,"column":4},"end":{"line":38,"column":37}},"24":{"start":{"line":40,"column":0},"end":{"line":40,"column":26}},"25":{"start":{"line":42,"column":4},"end":{"line":42,"column":36}},"26":{"start":{"line":43,"column":4},"end":{"line":43,"column":68}}},"fnMap":{"0":{"name":"registerStatusBar","decl":{"start":{"line":14,"column":9},"end":{"line":14,"column":26}},"loc":{"start":{"line":14,"column":36},"end":{"line":16,"column":1}},"line":14},"1":{"name":"(anonymous_1)","decl":{"start":{"line":15,"column":63},"end":{"line":15,"column":64}},"loc":{"start":{"line":15,"column":69},"end":{"line":15,"column":83}},"line":15},"2":{"name":"initial","decl":{"start":{"line":18,"column":9},"end":{"line":18,"column":16}},"loc":{"start":{"line":18,"column":19},"end":{"line":20,"column":1}},"line":18},"3":{"name":"running","decl":{"start":{"line":22,"column":9},"end":{"line":22,"column":16}},"loc":{"start":{"line":22,"column":26},"end":{"line":27,"column":1}},"line":22},"4":{"name":"(anonymous_4)","decl":{"start":{"line":24,"column":35},"end":{"line":24,"column":36}},"loc":{"start":{"line":24,"column":41},"end":{"line":26,"column":5}},"line":24},"5":{"name":"success","decl":{"start":{"line":29,"column":9},"end":{"line":29,"column":16}},"loc":{"start":{"line":29,"column":26},"end":{"line":31,"column":1}},"line":29},"6":{"name":"failed","decl":{"start":{"line":33,"column":9},"end":{"line":33,"column":15}},"loc":{"start":{"line":33,"column":25},"end":{"line":35,"column":1}},"line":33},"7":{"name":"stopped","decl":{"start":{"line":37,"column":9},"end":{"line":37,"column":16}},"loc":{"start":{"line":37,"column":26},"end":{"line":39,"column":1}},"line":37},"8":{"name":"updateStatus","decl":{"start":{"line":41,"column":9},"end":{"line":41,"column":21}},"loc":{"start":{"line":41,"column":40},"end":{"line":44,"column":1}},"line":41}},"branchMap":{"0":{"loc":{"start":{"line":25,"column":56},"end":{"line":25,"column":69}},"type":"binary-expr","locations":[{"start":{"line":25,"column":56},"end":{"line":25,"column":63}},{"start":{"line":25,"column":67},"end":{"line":25,"column":69}}],"line":25},"1":{"loc":{"start":{"line":43,"column":52},"end":{"line":43,"column":65}},"type":"binary-expr","locations":[{"start":{"line":43,"column":52},"end":{"line":43,"column":59}},{"start":{"line":43,"column":63},"end":{"line":43,"column":65}}],"line":43}},"s":{"0":2,"1":2,"2":2,"3":2,"4":2,"5":2,"6":2,"7":2,"8":2,"9":2,"10":0,"11":0,"12":2,"13":0,"14":2,"15":0,"16":0,"17":0,"18":2,"19":0,"20":2,"21":0,"22":2,"23":0,"24":2,"25":0,"26":0},"f":{"0":0,"1":0,"2":0,"3":0,"4":0,"5":0,"6":0,"7":0,"8":0},"b":{"0":[0,0],"1":[0,0]},"_coverageSchema":"332fd63041d2c1bcb487cc26dd0d5f7d97098a6c","hash":"a9c9eb19cb930f4109b61d8896036065c1f3c76d"}
,"/Users/orta/dev/projects/vscode/vscode-jest/src/Coverage/CoverageCodeLensProvider.ts": {"path":"/Users/orta/dev/projects/vscode/vscode-jest/src/Coverage/CoverageCodeLensProvider.ts","statementMap":{"0":{"start":{"line":2,"column":0},"end":{"line":2,"column":62}},"1":{"start":{"line":3,"column":15},"end":{"line":3,"column":32}},"2":{"start":{"line":5,"column":4},"end":{"line":7,"column":6}},"3":{"start":{"line":9,"column":0},"end":{"line":9,"column":60}},"4":{"start":{"line":12,"column":8},"end":{"line":12,"column":31}},"5":{"start":{"line":15,"column":25},"end":{"line":15,"column":92}},"6":{"start":{"line":16,"column":8},"end":{"line":18,"column":9}},"7":{"start":{"line":17,"column":12},"end":{"line":17,"column":19}},"8":{"start":{"line":19,"column":24},"end":{"line":19,"column":44}},"9":{"start":{"line":20,"column":21},"end":{"line":20,"column":37}},"10":{"start":{"line":21,"column":24},"end":{"line":23,"column":14}},"11":{"start":{"line":22,"column":12},"end":{"line":22,"column":87}},"12":{"start":{"line":24,"column":22},"end":{"line":24,"column":50}},"13":{"start":{"line":25,"column":24},"end":{"line":28,"column":9}},"14":{"start":{"line":29,"column":8},"end":{"line":29,"column":53}}},"fnMap":{"0":{"name":"registerCoverageCodeLens","decl":{"start":{"line":4,"column":9},"end":{"line":4,"column":33}},"loc":{"start":{"line":4,"column":43},"end":{"line":8,"column":1}},"line":4},"1":{"name":"(anonymous_1)","decl":{"start":{"line":11,"column":4},"end":{"line":11,"column":5}},"loc":{"start":{"line":11,"column":25},"end":{"line":13,"column":5}},"line":11},"2":{"name":"(anonymous_2)","decl":{"start":{"line":14,"column":4},"end":{"line":14,"column":5}},"loc":{"start":{"line":14,"column":40},"end":{"line":30,"column":5}},"line":14},"3":{"name":"(anonymous_3)","decl":{"start":{"line":21,"column":49},"end":{"line":21,"column":50}},"loc":{"start":{"line":21,"column":71},"end":{"line":23,"column":9}},"line":21}},"branchMap":{"0":{"loc":{"start":{"line":16,"column":8},"end":{"line":18,"column":9}},"type":"if","locations":[{"start":{"line":16,"column":8},"end":{"line":18,"column":9}},{"start":{"line":16,"column":8},"end":{"line":18,"column":9}}],"line":16},"1":{"loc":{"start":{"line":22,"column":33},"end":{"line":22,"column":53}},"type":"cond-expr","locations":[{"start":{"line":22,"column":44},"end":{"line":22,"column":48}},{"start":{"line":22,"column":51},"end":{"line":22,"column":53}}],"line":22}},"s":{"0":2,"1":2,"2":0,"3":2,"4":0,"5":0,"6":0,"7":0,"8":0,"9":0,"10":0,"11":0,"12":0,"13":0,"14":0},"f":{"0":0,"1":0,"2":0,"3":0},"b":{"0":[0,0],"1":[0,0]},"_coverageSchema":"332fd63041d2c1bcb487cc26dd0d5f7d97098a6c","hash":"916979707ed6644cdcf74f5b4d2aa20c9574cc87"}
,"/Users/orta/dev/projects/vscode/vscode-jest/src/Coverage/CoverageMapProvider.ts": {"path":"/Users/orta/dev/projects/vscode/vscode-jest/src/Coverage/CoverageMapProvider.ts","statementMap":{"0":{"start":{"line":2,"column":0},"end":{"line":2,"column":62}},"1":{"start":{"line":3,"column":35},"end":{"line":3,"column":70}},"2":{"start":{"line":4,"column":32},"end":{"line":4,"column":64}},"3":{"start":{"line":7,"column":8},"end":{"line":7,"column":64}},"4":{"start":{"line":8,"column":8},"end":{"line":8,"column":74}},"5":{"start":{"line":11,"column":8},"end":{"line":11,"column":25}},"6":{"start":{"line":14,"column":20},"end":{"line":14,"column":66}},"7":{"start":{"line":15,"column":28},"end":{"line":15,"column":64}},"8":{"start":{"line":16,"column":8},"end":{"line":16,"column":36}},"9":{"start":{"line":19,"column":8},"end":{"line":19,"column":40}},"10":{"start":{"line":22,"column":0},"end":{"line":22,"column":50}}},"fnMap":{"0":{"name":"(anonymous_0)","decl":{"start":{"line":6,"column":4},"end":{"line":6,"column":5}},"loc":{"start":{"line":6,"column":18},"end":{"line":9,"column":5}},"line":6},"1":{"name":"(anonymous_1)","decl":{"start":{"line":10,"column":4},"end":{"line":10,"column":5}},"loc":{"start":{"line":10,"column":14},"end":{"line":12,"column":5}},"line":10},"2":{"name":"(anonymous_2)","decl":{"start":{"line":13,"column":4},"end":{"line":13,"column":5}},"loc":{"start":{"line":13,"column":16},"end":{"line":17,"column":5}},"line":13},"3":{"name":"(anonymous_3)","decl":{"start":{"line":18,"column":4},"end":{"line":18,"column":5}},"loc":{"start":{"line":18,"column":30},"end":{"line":20,"column":5}},"line":18}},"branchMap":{},"s":{"0":3,"1":3,"2":3,"3":7,"4":7,"5":3,"6":4,"7":4,"8":4,"9":2,"10":3},"f":{"0":7,"1":3,"2":4,"3":2},"b":{},"_coverageSchema":"332fd63041d2c1bcb487cc26dd0d5f7d97098a6c","hash":"53051d38f58234a7f58f39cb7e3a76caa31cc3fc"}
,"/Users/orta/dev/projects/vscode/vscode-jest/src/Coverage/CoverageOverlay.ts": {"path":"/Users/orta/dev/projects/vscode/vscode-jest/src/Coverage/CoverageOverlay.ts","statementMap":{"0":{"start":{"line":2,"column":0},"end":{"line":2,"column":62}},"1":{"start":{"line":3,"column":27},"end":{"line":3,"column":67}},"2":{"start":{"line":4,"column":15},"end":{"line":4,"column":32}},"3":{"start":{"line":5,"column":17},"end":{"line":5,"column":37}},"4":{"start":{"line":8,"column":8},"end":{"line":8,"column":32}},"5":{"start":{"line":9,"column":8},"end":{"line":9,"column":86}},"6":{"start":{"line":12,"column":8},"end":{"line":12,"column":29}},"7":{"start":{"line":15,"column":8},"end":{"line":15,"column":30}},"8":{"start":{"line":16,"column":8},"end":{"line":16,"column":36}},"9":{"start":{"line":19,"column":8},"end":{"line":19,"column":39}},"10":{"start":{"line":20,"column":8},"end":{"line":20,"column":36}},"11":{"start":{"line":23,"column":8},"end":{"line":25,"column":9}},"12":{"start":{"line":24,"column":12},"end":{"line":24,"column":32}},"13":{"start":{"line":28,"column":8},"end":{"line":30,"column":9}},"14":{"start":{"line":29,"column":12},"end":{"line":29,"column":19}},"15":{"start":{"line":31,"column":8},"end":{"line":36,"column":9}},"16":{"start":{"line":32,"column":12},"end":{"line":32,"column":42}},"17":{"start":{"line":35,"column":12},"end":{"line":35,"column":41}},"18":{"start":{"line":39,"column":0},"end":{"line":39,"column":42}},"19":{"start":{"line":40,"column":0},"end":{"line":40,"column":42}}},"fnMap":{"0":{"name":"(anonymous_0)","decl":{"start":{"line":7,"column":4},"end":{"line":7,"column":5}},"loc":{"start":{"line":7,"column":82},"end":{"line":10,"column":5}},"line":7},"1":{"name":"(anonymous_1)","decl":{"start":{"line":11,"column":4},"end":{"line":11,"column":5}},"loc":{"start":{"line":11,"column":18},"end":{"line":13,"column":5}},"line":11},"2":{"name":"(anonymous_2)","decl":{"start":{"line":14,"column":4},"end":{"line":14,"column":5}},"loc":{"start":{"line":14,"column":23},"end":{"line":17,"column":5}},"line":14},"3":{"name":"(anonymous_3)","decl":{"start":{"line":18,"column":4},"end":{"line":18,"column":5}},"loc":{"start":{"line":18,"column":23},"end":{"line":21,"column":5}},"line":18},"4":{"name":"(anonymous_4)","decl":{"start":{"line":22,"column":4},"end":{"line":22,"column":5}},"loc":{"start":{"line":22,"column":27},"end":{"line":26,"column":5}},"line":22},"5":{"name":"(anonymous_5)","decl":{"start":{"line":27,"column":4},"end":{"line":27,"column":5}},"loc":{"start":{"line":27,"column":19},"end":{"line":37,"column":5}},"line":27}},"branchMap":{"0":{"loc":{"start":{"line":7,"column":37},"end":{"line":7,"column":80}},"type":"default-arg","locations":[{"start":{"line":7,"column":47},"end":{"line":7,"column":80}}],"line":7},"1":{"loc":{"start":{"line":28,"column":8},"end":{"line":30,"column":9}},"type":"if","locations":[{"start":{"line":28,"column":8},"end":{"line":30,"column":9}},{"start":{"line":28,"column":8},"end":{"line":30,"column":9}}],"line":28},"2":{"loc":{"start":{"line":31,"column":8},"end":{"line":36,"column":9}},"type":"if","locations":[{"start":{"line":31,"column":8},"end":{"line":3
[...]
art":{"line":73,"column":12},"end":{"line":73,"column":31}},"27":{"start":{"line":77,"column":8},"end":{"line":77,"column":53}},"28":{"start":{"line":78,"column":8},"end":{"line":78,"column":34}},"29":{"start":{"line":81,"column":8},"end":{"line":81,"column":41}},"30":{"start":{"line":84,"column":0},"end":{"line":84,"column":48}}},"fnMap":{"0":{"name":"(anonymous_0)","decl":{"start":{"line":5,"column":4},"end":{"line":5,"column":5}},"loc":{"start":{"line":5,"column":75},"end":{"line":9,"column":5}},"line":5},"1":{"name":"(anonymous_1)","decl":{"start":{"line":10,"column":4},"end":{"line":10,"column":5}},"loc":{"start":{"line":10,"column":44},"end":{"line":15,"column":5}},"line":10},"2":{"name":"(anonymous_2)","decl":{"start":{"line":16,"column":4},"end":{"line":16,"column":5}},"loc":{"start":{"line":16,"column":48},"end":{"line":25,"column":5}},"line":16},"3":{"name":"(anonymous_3)","decl":{"start":{"line":26,"column":4},"end":{"line":26,"column":5}},"loc":{"start":{"line":26,"column":44},"end":{"line":37,"column":5}},"line":26},"4":{"name":"(anonymous_4)","decl":{"start":{"line":30,"column":26},"end":{"line":30,"column":27}},"loc":{"start":{"line":30,"column":47},"end":{"line":35,"column":13}},"line":30},"5":{"name":"(anonymous_5)","decl":{"start":{"line":38,"column":4},"end":{"line":38,"column":5}},"loc":{"start":{"line":38,"column":29},"end":{"line":44,"column":5}},"line":38},"6":{"name":"(anonymous_6)","decl":{"start":{"line":45,"column":4},"end":{"line":45,"column":5}},"loc":{"start":{"line":49,"column":11},"end":{"line":68,"column":5}},"line":49},"7":{"name":"(anonymous_7)","decl":{"start":{"line":45,"column":38},"end":{"line":45,"column":39}},"loc":{"start":{"line":45,"column":44},"end":{"line":45,"column":47}},"line":45},"8":{"name":"(anonymous_8)","decl":{"start":{"line":46,"column":26},"end":{"line":46,"column":27}},"loc":{"start":{"line":46,"column":32},"end":{"line":46,"column":35}},"line":46},"9":{"name":"(anonymous_9)","decl":{"start":{"line":51,"column":41},"end":{"line":51,"column":42}},"loc":{"start":{"line":51,"column":62},"end":{"line":59,"column":13}},"line":51},"10":{"name":"(anonymous_10)","decl":{"start":{"line":69,"column":4},"end":{"line":69,"column":5}},"loc":{"start":{"line":69,"column":14},"end":{"line":75,"column":5}},"line":69},"11":{"name":"(anonymous_11)","decl":{"start":{"line":72,"column":34},"end":{"line":72,"column":35}},"loc":{"start":{"line":72,"column":49},"end":{"line":74,"column":9}},"line":72},"12":{"name":"(anonymous_12)","decl":{"start":{"line":76,"column":4},"end":{"line":76,"column":5}},"loc":{"start":{"line":76,"column":33},"end":{"line":79,"column":5}},"line":76},"13":{"name":"(anonymous_13)","decl":{"start":{"line":80,"column":4},"end":{"line":80,"column":5}},"loc":{"start":{"line":80,"column":28},"end":{"line":82,"column":5}},"line":80}},"branchMap":{"0":{"loc":{"start":{"line":5,"column":36},"end":{"line":5,"column":70}},"type":"default-arg","locations":[{"start":{"line":5,"column":66},"end":{"line":5,"column":70}}],"line":5},"1":{"loc":{"start":{"line":12,"column":8},"end":{"line":14,"column":9}},"type":"if","locations":[{"start":{"line":12,"column":8},"end":{"line":14,"column":9}},{"start":{"line":12,"column":8},"end":{"line":14,"column":9}}],"line":12},"2":{"loc":{"start":{"line":32,"column":16},"end":{"line":34,"column":17}},"type":"if","locations":[{"start":{"line":32,"column":16},"end":{"line":34,"column":17}},{"start":{"line":32,"column":16},"end":{"line":34,"column":17}}],"line":32},"3":{"loc":{"start":{"line":45,"column":21},"end":{"line":49,"column":9}},"type":"default-arg","locations":[{"start":{"line":45,"column":87},"end":{"line":49,"column":9}}],"line":45},"4":{"loc":{"start":{"line":45,"column":23},"end":{"line":45,"column":47}},"type":"default-arg","locations":[{"start":{"line":45,"column":38},"end":{"line":45,"column":47}}],"line":45},"5":{"loc":{"start":{"line":45,"column":49},"end":{"line":45,"column":62}},"type":"default-arg","locations":[{"start":{"line":45,"column":57},"end":{"line":45,"column":62}}],"line":45},"6":{"loc":{"start":{"line":45,"column":64},"end":{"line":45,"column":81}},"type":"default-arg","locations":[{"start":{"line":45,"column":76},"end":{"line":45,"column":81}}],"line":45},"7":{"loc":{"start":{"line":50,"column":8},"end":{"line":67,"column":9}},"type":"if","locations":[{"start":{"line":50,"column":8},"end":{"line":67,"column":9}},{"start":{"line":50,"column":8},"end":{"line":67,"column":9}}],"line":50},"8":{"loc":{"start":{"line":50,"column":12},"end":{"line":50,"column":53}},"type":"binary-expr","locations":[{"start":{"line":50,"column":12},"end":{"line":50,"column":17}},{"start":{"line":50,"column":21},"end":{"line":50,"column":53}}],"line":50}},"s":{"0":2,"1":2,"2":30,"3":30,"4":30,"5":18,"6":18,"7":12,"8":34,"9":34,"10":34,"11":34,"12":25,"13":9,"14":9,"15":6,"16":9,"17":25,"18":9,"19":9,"20":9,"21":9,"22":16,"23":2,"24":2,"25":2,"26":2,"27":3,"28":3,"29":10,"30":2},"f":{"0":30,"1":18,"2":34,"3":25,"4":9,"5":9,"6":25,"7":8,"8":1,"9":9,"10":2,"11":2,"12":3,"13":10},"b":{"0":[28],"1":[12,6],"2":[6,3],"3":[9],"4":[11],"5":[6],"6":[8],"7":[9,16],"8":[25,10]},"_coverageSchema":"332fd63041d2c1bcb487cc26dd0d5f7d97098a6c","hash":"eea67c18323f9746c4a1a471dc84a0737b248003"}
,"/Users/orta/dev/projects/vscode/vscode-jest/src/JestProcessManagement/index.ts": {"path":"/Users/orta/dev/projects/vscode/vscode-jest/src/JestProcessManagement/index.ts","statementMap":{"0":{"start":{"line":2,"column":0},"end":{"line":2,"column":62}},"1":{"start":{"line":3,"column":20},"end":{"line":3,"column":44}},"2":{"start":{"line":4,"column":0},"end":{"line":4,"column":48}},"3":{"start":{"line":5,"column":27},"end":{"line":5,"column":58}},"4":{"start":{"line":6,"column":0},"end":{"line":6,"column":69}}},"fnMap":{},"branchMap":{},"s":{"0":1,"1":1,"2":1,"3":1,"4":1},"f":{},"b":{},"_coverageSchema":"332fd63041d2c1bcb487cc26dd0d5f7d97098a6c","hash":"62798cd34d84436366329ea333c302d6d37283f2"}
,"/Users/orta/dev/projects/vscode/vscode-jest/src/TestResults/TestReconciliationState.ts": {"path":"/Users/orta/dev/projects/vscode/vscode-jest/src/TestResults/TestReconciliationState.ts","statementMap":{"0":{"start":{"line":2,"column":0},"end":{"line":2,"column":62}},"1":{"start":{"line":3,"column":0},"end":{"line":8,"column":2}}},"fnMap":{},"branchMap":{},"s":{"0":5,"1":5},"f":{},"b":{},"_coverageSchema":"332fd63041d2c1bcb487cc26dd0d5f7d97098a6c","hash":"af7a2681cdd9055267d5108e7d38bde1e11534f7"}
,"/Users/orta/dev/projects/vscode/vscode-jest/src/TestResults/TestResult.ts": {"path":"/Users/orta/dev/projects/vscode/vscode-jest/src/TestResults/TestResult.ts","statementMap":{"0":{"start":{"line":2,"column":0},"end":{"line":2,"column":62}},"1":{"start":{"line":3,"column":13},"end":{"line":3,"column":28}},"2":{"start":{"line":12,"column":4},"end":{"line":14,"column":5}},"3":{"start":{"line":13,"column":8},"end":{"line":13,"column":183}},"4":{"start":{"line":15,"column":4},"end":{"line":15,"column":16}},"5":{"start":{"line":17,"column":0},"end":{"line":17,"column":90}},"6":{"start":{"line":19,"column":4},"end":{"line":21,"column":5}},"7":{"start":{"line":20,"column":8},"end":{"line":20,"column":15}},"8":{"start":{"line":22,"column":19},"end":{"line":22,"column":21}},"9":{"start":{"line":23,"column":22},"end":{"line":23,"column":51}},"10":{"start":{"line":24,"column":4},"end":{"line":27,"column":5}},"11":{"start":{"line":25,"column":32},"end":{"line":25,"column":103}},"12":{"start":{"line":26,"column":8},"end":{"line":26,"column":55}},"13":{"start":{"line":28,"column":4},"end":{"line":28,"column":18}},"14":{"start":{"line":30,"column":0},"end":{"line":30,"column":98}},"15":{"start":{"line":32,"column":24},"end":{"line":32,"column":74}},"16":{"start":{"line":33,"column":4},"end":{"line":35,"column":5}},"17":{"start":{"line":34,"column":8},"end":{"line":34,"column":70}},"18":{"start":{"line":36,"column":4},"end":{"line":36,"column":24}},"19":{"start":{"line":39,"column":4},"end":{"line":41,"column":5}},"20":{"start":{"line":40,"column":8},"end":{"line":40,"column":27}},"21":{"start":{"line":42,"column":4},"end":{"line":42,"column":70}},"22":{"start":{"line":44,"column":0},"end":{"line":44,"column":98}},"23":{"start":{"line":46,"column":24},"end":{"line":46,"column":72}},"24":{"start":{"line":47,"column":4},"end":{"line":49,"column":5}},"25":{"start":{"line":48,"column":8},"end":{"line":48,"column":68}},"26":{"start":{"line":50,"column":4},"end":{"line":50,"column":22}},"27":{"start":{"line":53,"column":18},"end":{"line":53,"column":52}},"28":{"start":{"line":54,"column":4},"end":{"line":56,"column":5}},"29":{"start":{"line":55,"column":8},"end":{"line":55,"column":54}},"30":{"start":{"line":58,"column":0},"end":{"line":58,"column":74}}},"fnMap":{"0":{"name":"resultsWithLowerCaseWindowsDriveLetters","decl":{"start":{"line":11,"column":9},"end":{"line":11,"column":48}},"loc":{"start":{"line":11,"column":55},"end":{"line":16,"column":1}},"line":11},"1":{"name":"coverageMapWithLowerCaseWindowsDriveLetters","decl":{"start":{"line":18,"column":9},"end":{"line":18,"column":52}},"loc":{"start":{"line":18,"column":59},"end":{"line":29,"column":1}},"line":18},"2":{"name":"fileCoverageWithLowerCaseWindowsDriveLetter","decl":{"start":{"line":31,"column":9},"end":{"line":31,"column":52}},"loc":{"start":{"line":31,"column":67},"end":{"line":37,"column":1}},"line":31},"3":{"name":"testResultsWithLowerCaseWindowsDriveLetters","decl":{"start":{"line":38,"column":9},"end":{"line":38,"column":52}},"loc":{"start":{"line":38,"column":66},"end":{"line":43,"column":1}},"line":38},"4":{"name":"testResultWithLowerCaseWindowsDriveLetter","decl":{"start":{"line":45,"column":9},"end":{"line":45,"column":50}},"loc":{"start":{"line":45,"column":63},"end":{"line":51,"column":1}},"line":45},"5":{"name":"withLowerCaseWindowsDriveLetter","decl":{"start":{"line":52,"column":9},"end":{"line":52,"column":40}},"loc":{"start":{"line":52,"column":51},"end":{"line":57,"column":1}},"line":52}},"branchMap":{"0":{"loc":{"start":{"line":12,"column":4},"end":{"line":14,"column":5}},"type":"if","locations":[{"start":{"line":12,"column":4},"end":{"line":14,"column":5}},{"start":{"line":12,"column":4},"end":{"line":14,"column":5}}],"line":12},"1":{"loc":{"start":{"line":19,"column":4},"end":{"line":21,"column":5}},"type":"if","locations":[{"start":{"line":19,"column":4},"end":{"line":21,"column":5}},{"start":{"line":19,"column":4},"end":{"line":21,"column":5}}],"line":19},"2":{"loc":{"start":{"line":33,"column":4},"end":{"line":35,"column":5}},"type":"if","locations":[{"start":{"line":33,"column":4},"end":{"line":35,"column":5}},{"start":{"line":33,"column":4},"end":{"line":35,"column":5}}],"line":33},"3":{"loc":{"start":{"line":39,"column":4},"end":{"line":41,"column":5}},"type":"if","locations":[{"start":{"line":39,"column":4},"end":{"line":41,"column":5}},{"start":{"line":39,"column":4},"end":{"line":41,"column":5}}],"line":39},"4":{"loc":{"start":{"line":47,"column":4},"end":{"line":49,"column":5}},"type":"if","locations":[{"start":{"line":47,"column":4},"end":{"line":49,"column":5}},{"start":{"line":47,"column":4},"end":{"line":49,"column":5}}],"line":47},"5":{"loc":{"start":{"line":54,"column":4},"end":{"line":56,"column":5}},"type":"if","locations":[{"start":{"line":54,"column":4},"end":{"line":56,"column":5}},{"start":{"line":54,"column":4},"end":{"line":56,"column":5}}],"line":54}},"s":{"0":6,"1":6,"2":3,"3":2,"4":1,"5":6,"6":4,"7":1,"8":3,"9":3,"10":3,"11":2,"12":2,"13":3,"14":6,"15":2,"16":2,"17":1,"18":1,"19":5,"20":3,"21":2,"22":6,"23":2,"24":2,"25":1,"26":1,"27":6,"28":6,"29":3,"30":6},"f":{"0":3,"1":4,"2":2,"3":5,"4":2,"5":6},"b":{"0":[2,1],"1":[1,3],"2":[1,1],"3":[3,2],"4":[1,1],"5":[3,3]},"_coverageSchema":"332fd63041d2c1bcb487cc26dd0d5f7d97098a6c","hash":"7fde6b31ebcc466113f78af639be8047a996ed94"}
,"/Users/orta/dev/projects/vscode/vscode-jest/src/TestResults/TestResultProvider.ts": {"path":"/Users/orta/dev/projects/vscode/vscode-jest/src/TestResults/TestResultProvider.ts","statementMap":{"0":{"start":{"line":2,"column":0},"end":{"line":2,"column":62}},"1":{"start":{"line":3,"column":30},"end":{"line":3,"column":60}},"2":{"start":{"line":4,"column":34},"end":{"line":4,"column":70}},"3":{"start":{"line":5,"column":21},"end":{"line":5,"column":45}},"4":{"start":{"line":8,"column":8},"end":{"line":8,"column":69}},"5":{"start":{"line":9,"column":8},"end":{"line":9,"column":26}},"6":{"start":{"line":12,"column":8},"end":{"line":12,"column":36}},"7":{"start":{"line":13,"column":8},"end":{"line":13,"column":42}},"8":{"start":{"line":16,"column":8},"end":{"line":18,"column":9}},"9":{"start":{"line":17,"column":12},"end":{"line":17,"column":52}},"10":{"start":{"line":19,"column":29},"end":{"line":19,"column":61}},"11":{"start":{"line":20,"column":24},"end":{"line":20,"column":77}},"12":{"start":{"line":21,"column":34},"end":{"line":21,"column":36}},"13":{"start":{"line":22,"column":8},"end":{"line":25,"column":9}},"14":{"start":{"line":23,"column":29},"end":{"line":23,"column":41}},"15":{"start":{"line":24,"column":12},"end":{"line":24,"column":49}},"16":{"start":{"line":26,"column":23},"end":{"line":26,"column":25}},"17":{"start":{"line":27,"column":8},"end":{"line":45,"column":9}},"18":{"start":{"line":28,"column":30},"end":{"line":28,"column":64}},"19":{"start":{"line":30,"column":12},"end":{"line":44,"column":15}},"20":{"start":{"line":46,"column":8},"end":{"line":46,"column":50}},"21":{"start":{"line":47,"column":8},"end":{"line":47,"column":22}},"22":{"start":{"line":50,"column":8},"end":{"line":52,"column":9}},"23":{"start":{"line":51,"column":12},"end":{"line":51,"column":58}},"24":{"start":{"line":53,"column":23},"end":{"line":58,"column":9}},"25":{"start":{"line":59,"column":28},"end":{"line":59,"column":53}},"26":{"start":{"line":60,"column":8},"end":{"line":73,"column":9}},"27":{"start":{"line":61,"column":12},"end":{"line":72,"column":13}},"28":{"start":{"line":62,"column":16},"end":{"line":62,"column":39}},"29":{"start":{"line":64,"column":17},"end":{"line":72,"column":13}},"30":{"start":{"line":65,"column":16},"end":{"line":65,"column":39}},"31":{"start":{"line":67,"column":17},"end":{"line":72,"column":13}},"32":{"start":{"line":68,"column":16},"end":{"line":68,"column":42}},"33":{"start":{"line":71,"column":16},"end":{"line":71,"column":42}},"34":{"start":{"line":74,"column":8},"end":{"line":74,"column":56}},"35":{"start":{"line":75,"column":8},"end":{"line":75,"column":22}},"36":{"start":{"line":78,"column":8},"end":{"line":78,"column":26}},"37":{"start":{"line":79,"column":8},"end":{"line":79,"column":62}},"38":{"start":{"line":82,"column":8},"end":{"line":82,"column":48}},"39":{"start":{"line":83,"column":8},"end":{"line":83,"column":54}},"40":{"start":{"line":86,"column":0},"end":{"line":86,"column":48}}},"fnMap":{"0":{"name":"(anonymous_0)","decl":{"start":{"line":7,"column":4},"end":{"line":7,"column":5}},"loc":{"start":{"line":7,"column":18},"end":{"line":10,"column":5}},"line":7},"1":{"name":"(anonymous_1)","decl":{"start":{"line":11,"column":4},"end":{"line":11,"column":5}},"loc":{"start":{"line":11,"column":17},"end":{"line":14,"column":5}},"line":11},"2":{"name":"(anonymous_2)","decl":{"start":{"line":15,"column":4},"end":{"line":15,"column":5}},"loc":{"start":{"line":15,"column":25},"end":{"line":48,"column":5}},"line":15},"3":{"name":"(anonymous_3)","decl":{"start":{"line":49,"column":4},"end":{"line":49,"column":5}},"loc":{"start":{"line":49,"column":31},"end":{"line":76,"column":5}},"line":49},"4":{"name":"(anonymous_4)","decl":{"start":{"line":77,"column":4},"end":{"line":77,"column":5}},"loc":{"start":{"line":77,"column":28},"end":{"line":80,"column":5}},"line":77},"5":{"name":"(anonymous_5)","decl":{"start":{"line":81,"column":4},"end":{"line":81,"column":5}},"loc":{"start":{"line":81,"column":34},"end":{"line":84,"column":5}},"line":81}},"branchMap":{"0":{"loc":{"start":{"line":16,"column":8},"end":{"line":18,"column":9}},"type":"if","locations":[{"start":{"line":16,"column":8},"end":{"line":18,"column":9}},{"start":{"line":16,"column":8},"end":{"line":18,"column":9}}],"line":16},"1":{"loc":{"start":{"line":20,"column":24},"end":{"line":20,"column":77}},"type":"binary-expr","locations":[{"start":{"line":20,"column":24},"end":{"line":20,"column":71}},{"start":{"line":20,"column":75},"end":{"line":20,"column":77}}],"line":20},"2":{"loc":{"start":{"line":28,"column":30},"end":{"line":28,"column":64}},"type":"binary-expr","locations":[{"start":{"line":28,"column":30},"end":{"line":28,"column":58}},{"start":{"line":28,"column":62},"end":{"line":28,"column":64}}],"line":28},"3":{"loc":{"start":{"line":40,"column":24},"end":{"line":40,"column":101}},"type":"binary-expr","locations":[{"start":{"line":40,"column":24},"end":{"line":40,"column":40}},{"start":{"line":40,"column":44},"end":{"line":40,"column":101}}],"line":40},"4":{"loc":{"start":{"line":43,"column":35},"end":{"line":43,"column":82}},"type":"cond-expr","locations":[{"start":{"line":43,"column":52},"end":{"line":43,"column":70}},{"start":{"line":43,"column":73},"end":{"line":43,"column":82}}],"line":43},"5":{"loc":{"start":{"line":50,"column":8},"end":{"line":52,"column":9}},"type":"if","locations":[{"start":{"line":50,"column":8},"end":{"line":52,"column":9}},{"start":{"line":50,"column":8},"end":{"line":52,"column":9}}],"line":50},"6":{"loc":{"start":{"line":61,"column":12},"end":{"line":72,"column":13}},"type":"if","locations":[{"start":{"line":61,"column":12},"end":{"line":72,"column":13}},{"start":{"line":61,"column":12},"end":{"line":72,"column":13}}],"line":61},"7":{"loc":{"start":{"line":64,"column":17},"end":{"line":72,"column":13}},"type":"if","locations":[{"start":{"line":64,"column":17},"end":{"line":72,"column":13}},{"start":{"line":64,"column":17},"end":{"line":72,"column":13}}],"line":64},"8":{"loc":{"start":{"line":67,"column":17},"end":{"line":72,"column":13}},"type":"if","locations":[{"start":{"line":67,"column":17},"end":{"line":72,"column":13}},{"start":{"line":67,"column":17},"end":{"line":72,"column":13}}],"line":67}},"s":{"0":6,"1":6,"2":6,"3":6,"4":8,"5":8,"6":9,"7":9,"8":5,"9":1,"10":4,"11":4,"12":4,"13":4,"14":2,"15":2,"16":4,"17":4,"18":3,"19":3,"20":4,"21":4,"22":3,"23":1,"24":2,"25":2,"26":2,"27":4,"28":1,"29":3,"30":1,"31":2,"32":1,"33":1,"34":2,"35":2,"36":2,"37":2,"38":0,"39":0,"40":6},"f":{"0":8,"1":9,"2":5,"3":3,"4":2,"5":0},"b":{"0":[1,4],"1":[4,0],"2":[3,1],"3":[3,1],"4":[2,1],"5":[1,2],"6":[1,3],"7":[1,2],"8":[1,1]},"_coverageSchema":"332fd63041d2c1bcb487cc26dd0d5f7d97098a6c","hash":"ac4ce63e9e9935bf03ef5735eb1e2fad98f45588"}
,"/Users/orta/dev/projects/vscode/vscode-jest/src/TestResults/index.ts": {"path":"/Users/orta/dev/projects/vscode/vscode-jest/src/TestResults/index.ts","statementMap":{"0":{"start":{"line":3,"column":4},"end":{"line":3,"column":71}},"1":{"start":{"line":3,"column":21},"end":{"line":3,"column":71}},"2":{"start":{"line":3,"column":53},"end":{"line":3,"column":71}},"3":{"start":{"line":5,"column":0},"end":{"line":5,"column":62}},"4":{"start":{"line":6,"column":0},"end":{"line":6,"column":47}},"5":{"start":{"line":7,"column":19},"end":{"line":7,"column":42}},"6":{"start":{"line":8,"column":0},"end":{"line":8,"column":45}},"7":{"start":{"line":9,"column":0},"end":{"line":9,"column":103}},"8":{"start":{"line":10,"column":0},"end":{"line":10,"column":42}}},"fnMap":{"0":{"name":"__export","decl":{"start":{"line":2,"column":9},"end":{"line":2,"column":17}},"loc":{"start":{"line":2,"column":21},"end":{"line":4,"column":1}},"line":2}},"branchMap":{"0":{"loc":{"start":{"line":3,"column":21},"end":{"line":3,"column":71}},"type":"if","locations":[{"start":{"line":3,"column":21},"end":{"line":3,"column":71}},{"start":{"line":3,"column":21},"end":{"line":3,"column":71}}],"line":3}},"s":{"0":10,"1":17,"2":10,"3":5,"4":5,"5":5,"6":5,"7":5,"8":5},"f":{"0":10},"b":{"0":[10,7]},"_coverageSchema":"332fd63041d2c1bcb487cc26dd0d5f7d97098a6c","hash":"101fb91377109b0ae1ccac221253f2429f8c45fe"}
}
