{"/Users/budi/Sites/opensource/vscode-dash/out/src/dash.js":{"path":"/Users/budi/Sites/opensource/vscode-dash/out/src/dash.js","s":{"1":1,"2":1,"3":1,"4":9,"5":9,"6":9,"7":1,"8":7,"9":3,"10":7,"11":7,"12":7,"13":4,"14":7,"15":1,"16":9,"17":5,"18":5,"19":10,"20":5,"21":4,"22":1,"23":7,"24":1,"25":1},"b":{"1":[9,0],"2":[3,4],"3":[4,3],"4":[5,4],"5":[8,2],"6":[7,5]},"f":{"1":1,"2":9,"3":7,"4":9,"5":10,"6":7},"fnMap":{"1":{"name":"(anonymous_1)","line":3,"loc":{"start":{"line":3,"column":26},"end":{"line":3,"column":38}}},"2":{"name":"Dash","line":4,"loc":{"start":{"line":4,"column":4},"end":{"line":4,"column":30}}},"3":{"name":"(anonymous_3)","line":23,"loc":{"start":{"line":23,"column":32},"end":{"line":23,"column":58}}},"4":{"name":"(anonymous_4)","line":38,"loc":{"start":{"line":38,"column":29},"end":{"line":38,"column":48}}},"5":{"name":"(anonymous_5)","line":44,"loc":{"start":{"line":44,"column":43},"end":{"line":44,"column":61}}},"6":{"name":"(anonymous_6)","line":55,"loc":{"start":{"line":55,"column":38},"end":{"line":55,"column":53}}}},"statementMap":{"1":{"start":{"line":2,"column":0},"end":{"line":2,"column":62}},"2":{"start":{"line":3,"column":0},"end":{"line":62,"column":5}},"3":{"start":{"line":4,"column":4},"end":{"line":15,"column":5}},"4":{"start":{"line":5,"column":8},"end":{"line":5,"column":21}},"5":{"start":{"line":6,"column":8},"end":{"line":13,"column":33}},"6":{"start":{"line":14,"column":8},"end":{"line":14,"column":29}},"7":{"start":{"line":23,"column":4},"end":{"line":31,"column":6}},"8":{"start":{"line":24,"column":8},"end":{"line":24,"column":49}},"9":{"start":{"line":24,"column":34},"end":{"line":24,"column":47}},"10":{"start":{"line":25,"column":8},"end":{"line":25,"column":69}},"11":{"start":{"line":26,"column":8},"end":{"line":26,"column":41}},"12":{"start":{"line":27,"column":8},"end":{"line":29,"column":9}},"13":{"start":{"line":28,"column":12},"end":{"line":28,"column":35}},"14":{"start":{"line":30,"column":8},"end":{"line":30,"column":66}},"15":{"start":{"line":38,"column":4},"end":{"line":48,"column":6}},"16":{"start":{"line":39,"column":8},"end":{"line":46,"column":9}},"17":{"start":{"line":43,"column":12},"end":{"line":43,"column":56}},"18":{"start":{"line":44,"column":12},"end":{"line":44,"column":117}},"19":{"start":{"line":44,"column":63},"end":{"line":44,"column":113}},"20":{"start":{"line":45,"column":12},"end":{"line":45,"column":42}},"21":{"start":{"line":47,"column":8},"end":{"line":47,"column":18}},"22":{"start":{"line":55,"column":4},"end":{"line":60,"column":6}},"23":{"start":{"line":56,"column":8},"end":{"line":59,"column":39}},"24":{"start":{"line":61,"column":4},"end":{"line":61,"column":16}},"25":{"start":{"line":63,"column":0},"end":{"line":63,"column":20}}},"branchMap":{"1":{"line":7,"type":"binary-expr","locations":[{"start":{"line":7,"column":12},"end":{"line":13,"column":22}},{"start":{"line":13,"column":26},"end":{"line":13,"column":32}}]},"2":{"line":24,"type":"if","locations":[{"start":{"line":24,"column":8},"end":{"line":24,"column":8}},{"start":{"line":24,"column":8},"end":{"line":24,"column":8}}]},"3":{"line":27,"type":"if","locations":[{"start":{"line":27,"column":8},"end":{"line":27,"column":8}},{"start":{"line":27,"column":8},"end":{"line":27,"column":8}}]},"4":{"line":39,"type":"if","locations":[{"start":{"line":39,"column":8},"end":{"line":39,"column":8}},{"start":{"line":39,"column":8},"end":{"line":39,"column":8}}]},"5":{"line":44,"type":"cond-expr","locations":[{"start":{"line":44,"column":86},"end":{"line":44,"column":103}},{"start":{"line":44,"column":106},"end":{"line":44,"column":112}}]},"6":{"line":56,"type":"binary-expr","locations":[{"start":{"line":56,"column":16},"end":{"line":59,"column":18}},{"start":{"line":59,"column":22},"end":{"line":59,"column":37}}]}}}}