TN:
SF:/Users/budi/Sites/opensource/vscode-dash/out/src/dash.js
FN:3,(anonymous_1)
FN:4,Dash
FN:23,(anonymous_3)
FN:38,(anonymous_4)
FN:44,(anonymous_5)
FN:55,(anonymous_6)
FNF:6
FNH:6
FNDA:1,(anonymous_1)
FNDA:9,Dash
FNDA:7,(anonymous_3)
FNDA:9,(anonymous_4)
FNDA:10,(anonymous_5)
FNDA:7,(anonymous_6)
DA:2,1
DA:3,1
DA:4,1
DA:5,9
DA:6,9
DA:14,9
DA:23,1
DA:24,7
DA:25,7
DA:26,7
DA:27,7
DA:28,4
DA:30,7
DA:38,1
DA:39,9
DA:43,5
DA:44,10
DA:45,5
DA:47,4
DA:55,1
DA:56,7
DA:61,1
DA:63,1
LF:23
LH:23
BRDA:7,1,0,9
BRDA:7,1,1,0
BRDA:24,2,0,3
BRDA:24,2,1,4
BRDA:27,3,0,4
BRDA:27,3,1,3
BRDA:39,4,0,5
BRDA:39,4,1,4
BRDA:44,5,0,8
BRDA:44,5,1,2
BRDA:56,6,0,7
BRDA:56,6,1,5
BRF:12
BRH:11
end_of_record
